<?xml version="1.0" encoding="UTF-8"?>
<testsuites name="Admission Test suite" time="137.788" tests="5" failures="0" errors="0">
   <testsuite name="Admission Test suite" tests="5" failures="0" errors="0" time="137.788" skipped="0" timestamp="2023-06-14 15:50:30" hostname="Laxman Jagarlamud - LAPTOP-LNCQBP1R" id="Test Suites/Admission Test suite">
      <properties>
         <property name="deviceName" value=""/>
         <property name="devicePlatform" value=""/>
         <property name="logFolder" value="C:\\Users\\Laxman Jagarlamud\\git\\qa-automation-regression-ui\\Reports\\20230614_155023\\Admission Test suite\\20230614_155023"/>
         <property name="logFiles" value="C:\\Users\\Laxman Jagarlamud\\git\\qa-automation-regression-ui\\Reports\\20230614_155023\\Admission Test suite\\20230614_155023\\execution0.log"/>
         <property name="attachments" value=""/>
         <property name="hostName" value="Laxman Jagarlamud - LAPTOP-LNCQBP1R"/>
         <property name="os" value="Windows 11 64bit"/>
         <property name="katalonVersion" value="8.6.5.208"/>
         <property name="browser" value="Chrome 114.0.0.0"/>
         <property name="hostAddress" value="192.168.0.29"/>
         <property name="sessionId" value="2662ae5027634a6b818218a1fcb6a3d8"/>
         <property name="seleniumVersion" value="3.141.59"/>
         <property name="proxyInformation" value="ProxyInformation { proxyOption=NO_PROXY, proxyServerType=HTTP, username=, password=********, proxyServerAddress=, proxyServerPort=0, executionList=&quot;&quot;, isApplyToDesiredCapabilities=true }"/>
         <property name="platform" value="Windows 11"/>
      </properties>
      <testcase name="Test Cases/Pre-Admission/TC_01_Validate the login" time="53.566" classname="Test Cases/Pre-Admission/TC_01_Validate the login" status="PASSED">
         <system-out><![CDATA[2023-06-14 15:50:30 - [TEST_CASE][PASSED] - Test Cases/Pre-Admission/TC_01_Validate the login: Test Cases/Pre-Admission/TC_01_Validate the login

2023-06-14 15:50:31 - [TEST_STEP][PASSED] - openBrowser(""): Browser is opened with url: ''

2023-06-14 15:50:31 - [MESSAGE][INFO] - Starting 'Chrome' driver

2023-06-14 15:50:31 - [MESSAGE][INFO] - Action delay is set to 0 milliseconds

2023-06-14 15:50:33 - [MESSAGE][PASSED] - Browser is opened with url: ''

2023-06-14 15:50:33 - [TEST_STEP][PASSED] - navigateToUrl(url): Navigate to 'https://regression1.academiaerp.com/' successfully

2023-06-14 15:50:35 - [MESSAGE][PASSED] - Navigate to 'https://regression1.academiaerp.com/' successfully

2023-06-14 15:50:35 - [TEST_STEP][PASSED] - maximizeWindow(): Current window maximized

2023-06-14 15:50:35 - [MESSAGE][PASSED] - Current window maximized

2023-06-14 15:50:35 - [TEST_STEP][PASSED] - click(findTestObject("Object Repository/preadmission/TC_01/Page_Academia/Admin_tab")): Object: 'Object Repository/preadmission/TC_01/Page_Academia/Admin_tab' is clicked on

2023-06-14 15:50:35 - [MESSAGE][PASSED] - Object: 'Object Repository/preadmission/TC_01/Page_Academia/Admin_tab' is clicked on

2023-06-14 15:50:35 - [TEST_STEP][PASSED] - CommonActions.clickOnElementAndTypeText(findTestObject("Object Repository/preadmission/TC_01/Page_Academia/input_Username  Email_email"), Username, "Username textfield"): CommonActions.clickOnElementAndTypeText is PASSED

2023-06-14 15:50:37 - [MESSAGE][PASSED] - Execute JavaScript 'arguments[0].setAttribute('style', 'border: 3px solid red;');' successfully

2023-06-14 15:50:38 - [MESSAGE][PASSED] - Delayed 1 second(s)

2023-06-14 15:50:39 - [MESSAGE][PASSED] - Delayed 1 second(s)

2023-06-14 15:50:39 - [MESSAGE][PASSED] - Keys 'CONTROL + a' sent to object: 'Object Repository/preadmission/TC_01/Page_Academia/input_Username  Email_email'

2023-06-14 15:50:39 - [MESSAGE][PASSED] - Keys 'DELETE + ' sent to object: 'Object Repository/preadmission/TC_01/Page_Academia/input_Username  Email_email'

2023-06-14 15:50:40 - [MESSAGE][PASSED] - Delayed 1 second(s)

2023-06-14 15:50:41 - [MESSAGE][PASSED] - Execute JavaScript 'arguments[0].setAttribute('style', 'border: 2px solid green;');' successfully

2023-06-14 15:50:42 - [MESSAGE][PASSED] - Delayed 1 second(s)

2023-06-14 15:50:42 - [MESSAGE][INFO] - Sent sysadminto the Username textfield

2023-06-14 15:50:42 - [MESSAGE][PASSED] - CommonActions.clickOnElementAndTypeText is PASSED

2023-06-14 15:50:42 - [TEST_STEP][PASSED] - CommonActions.clickOnElementAndTypeText(findTestObject("Object Repository/preadmission/TC_01/Page_Academia/input_Password_password"), Password, "Password textfield"): CommonActions.clickOnElementAndTypeText is PASSED

2023-06-14 15:50:42 - [MESSAGE][PASSED] - Execute JavaScript 'arguments[0].setAttribute('style', 'border: 3px solid red;');' successfully

2023-06-14 15:50:43 - [MESSAGE][PASSED] - Delayed 1 second(s)

2023-06-14 15:50:45 - [MESSAGE][PASSED] - Delayed 1 second(s)

2023-06-14 15:50:45 - [MESSAGE][PASSED] - Keys 'CONTROL + a' sent to object: 'Object Repository/preadmission/TC_01/Page_Academia/input_Password_password'

2023-06-14 15:50:45 - [MESSAGE][PASSED] - Keys 'DELETE + ' sent to object: 'Object Repository/preadmission/TC_01/Page_Academia/input_Password_password'

2023-06-14 15:50:46 - [MESSAGE][PASSED] - Delayed 1 second(s)

2023-06-14 15:50:47 - [MESSAGE][PASSED] - Execute JavaScript 'arguments[0].setAttribute('style', 'border: 2px solid green;');' successfully

2023-06-14 15:50:48 - [MESSAGE][PASSED] - Delayed 1 second(s)

2023-06-14 15:50:48 - [MESSAGE][INFO] - Sent passwordto the Password textfield

2023-06-14 15:50:48 - [MESSAGE][PASSED] - CommonActions.clickOnElementAndTypeText is PASSED

2023-06-14 15:50:48 - [TEST_STEP][PASSED] - CommonActions.elementClick(findTestObject("Object Repository/preadmission/TC_01/Page_Academia/input_Forgot password_signin"), "Sign in button"): Sign in button clicked once

2023-06-14 15:50:48 - [MESSAGE][INFO] - Clicking on Sign in button

2023-06-14 15:50:49 - [MESSAGE][PASSED] - Execute JavaScript 'arguments[0].setAttribute('style', 'border: 3px solid red;');' successfully

2023-06-14 15:50:50 - [MESSAGE][PASSED] - Delayed 1 second(s)

2023-06-14 15:50:50 - [MESSAGE][PASSED] - Sign in button clicked once

2023-06-14 15:50:50 - [TEST_STEP][PASSED] - delay(30): Delayed 30 second(s)

2023-06-14 15:51:20 - [MESSAGE][PASSED] - Delayed 30 second(s)

2023-06-14 15:51:20 - [TEST_STEP][PASSED] - CommonActions.elementPresent(findTestObject("Object Repository/preadmission/TC_01/Page_Academia/label_Administrator"), "Adminstartor portal header"): Delayed 1 second(s)

2023-06-14 15:51:20 - [MESSAGE][INFO] - Validating element present or not

2023-06-14 15:51:21 - [MESSAGE][PASSED] - Object 'Object Repository/preadmission/TC_01/Page_Academia/label_Administrator' is present

2023-06-14 15:51:21 - [MESSAGE][PASSED] - Element clicked once

2023-06-14 15:51:21 - [MESSAGE][INFO] - Adminstartor portal header is present

2023-06-14 15:51:21 - [MESSAGE][PASSED] - Execute JavaScript 'arguments[0].setAttribute('style', 'border: 2px solid green;');' successfully

2023-06-14 15:51:22 - [MESSAGE][PASSED] - Delayed 1 second(s)

2023-06-14 15:51:22 - [TEST_STEP][PASSED] - CommonActions.verifyExactElementText(findTestObject("Object Repository/preadmission/TC_01/Page_Academia/label_Administrator"), AdminPortalHeaderText, "Adminstartor portal header"): Delayed 1 second(s)

2023-06-14 15:51:23 - [MESSAGE][PASSED] - Adminstartor portal headertext is verified

2023-06-14 15:51:23 - [MESSAGE][PASSED] - Execute JavaScript 'arguments[0].setAttribute('style', 'border: 2px solid green;');' successfully

2023-06-14 15:51:24 - [MESSAGE][PASSED] - Delayed 1 second(s)]]></system-out>
         <system-err><![CDATA[]]></system-err>
      </testcase>
      <testcase name="Test Cases/Admission/TC_19_Verified_Add Selection process" time="25.566" classname="Test Cases/Admission/TC_19_Verified_Add Selection process" status="PASSED">
         <system-out><![CDATA[2023-06-14 15:51:24 - [TEST_CASE][PASSED] - Test Cases/Admission/TC_19_Verified_Add Selection process: Test Cases/Admission/TC_19_Verified_Add Selection process

2023-06-14 15:51:24 - [TEST_STEP][PASSED] - mouseOver(findTestObject("Object Repository/Admission/TC_01_ Pre-requisites for Admission/Admissions Tab")): Object: 'Object Repository/Admission/TC_01_ Pre-requisites for Admission/Admissions Tab' is hovered

2023-06-14 15:51:25 - [MESSAGE][PASSED] - Object: 'Object Repository/Admission/TC_01_ Pre-requisites for Admission/Admissions Tab' is hovered

2023-06-14 15:51:25 - [TEST_STEP][PASSED] - CommonActions.elementClick(findTestObject("Object Repository/Admission/TC_01_ Pre-requisites for Admission/Admissions Tab"), "Admissions tab"): Admissions tab clicked once

2023-06-14 15:51:25 - [MESSAGE][INFO] - Clicking on Admissions tab

2023-06-14 15:51:26 - [MESSAGE][PASSED] - Execute JavaScript 'arguments[0].setAttribute('style', 'border: 3px solid red;');' successfully

2023-06-14 15:51:27 - [MESSAGE][PASSED] - Delayed 1 second(s)

2023-06-14 15:51:27 - [MESSAGE][PASSED] - Admissions tab clicked once

2023-06-14 15:51:27 - [TEST_STEP][PASSED] - delay(2): Delayed 2 second(s)

2023-06-14 15:51:29 - [MESSAGE][PASSED] - Delayed 2 second(s)

2023-06-14 15:51:29 - [TEST_STEP][PASSED] - CommonActions.elementClick(findTestObject("Object Repository/Admission/TC_01_ Pre-requisites for Admission/Assesment process"), "Assesment process"): Assesment process clicked once

2023-06-14 15:51:30 - [MESSAGE][INFO] - Clicking on Assesment process

2023-06-14 15:51:30 - [MESSAGE][PASSED] - Execute JavaScript 'arguments[0].setAttribute('style', 'border: 3px solid red;');' successfully

2023-06-14 15:51:31 - [MESSAGE][PASSED] - Delayed 1 second(s)

2023-06-14 15:51:32 - [MESSAGE][PASSED] - Assesment process clicked once

2023-06-14 15:51:32 - [TEST_STEP][PASSED] - CommonActions.elementClick(findTestObject("Object Repository/Admission/CommonObjects/Add button"), "Add button"): Add button clicked once

2023-06-14 15:51:32 - [MESSAGE][INFO] - Clicking on Add button

2023-06-14 15:51:33 - [MESSAGE][PASSED] - Execute JavaScript 'arguments[0].setAttribute('style', 'border: 3px solid red;');' successfully

2023-06-14 15:51:34 - [MESSAGE][PASSED] - Delayed 1 second(s)

2023-06-14 15:51:35 - [MESSAGE][PASSED] - Add button clicked once

2023-06-14 15:51:35 - [TEST_STEP][PASSED] - AssesmentProcessName = CommonActions.randomNameGenerator(): CommonActions.randomNameGenerator is PASSED

2023-06-14 15:51:35 - [MESSAGE][PASSED] - CommonActions.randomNameGenerator is PASSED

2023-06-14 15:51:35 - [TEST_STEP][PASSED] - out.println(AssesmentProcessName): null

2023-06-14 15:51:35 - [TEST_STEP][PASSED] - CommonActions.clickOnElementAndTypeText(findTestObject("Object Repository/Admission/TC_01_ Pre-requisites for Admission/Assesement process name"), AssesmentProcessName, "Asssement name field"): CommonActions.clickOnElementAndTypeText is PASSED

2023-06-14 15:51:36 - [MESSAGE][PASSED] - Execute JavaScript 'arguments[0].setAttribute('style', 'border: 3px solid red;');' successfully

2023-06-14 15:51:37 - [MESSAGE][PASSED] - Delayed 1 second(s)

2023-06-14 15:51:38 - [MESSAGE][PASSED] - Delayed 1 second(s)

2023-06-14 15:51:38 - [MESSAGE][PASSED] - Keys 'CONTROL + a' sent to object: 'Object Repository/Admission/TC_01_ Pre-requisites for Admission/Assesement process name'

2023-06-14 15:51:38 - [MESSAGE][PASSED] - Keys 'DELETE + ' sent to object: 'Object Repository/Admission/TC_01_ Pre-requisites for Admission/Assesement process name'

2023-06-14 15:51:39 - [MESSAGE][PASSED] - Delayed 1 second(s)

2023-06-14 15:51:40 - [MESSAGE][PASSED] - Execute JavaScript 'arguments[0].setAttribute('style', 'border: 2px solid green;');' successfully

2023-06-14 15:51:41 - [MESSAGE][PASSED] - Delayed 1 second(s)

2023-06-14 15:51:41 - [MESSAGE][INFO] - Sent AutomationLgqJimto the Asssement name field

2023-06-14 15:51:41 - [MESSAGE][PASSED] - CommonActions.clickOnElementAndTypeText is PASSED

2023-06-14 15:51:41 - [TEST_STEP][PASSED] - CommonActions.elementClick(findTestObject("Object Repository/Admission/TC_01_ Pre-requisites for Admission/Assesment process dropdown"), "Assesment process dropdown"): Assesment process dropdown clicked once

2023-06-14 15:51:41 - [MESSAGE][INFO] - Clicking on Assesment process dropdown

2023-06-14 15:51:42 - [MESSAGE][PASSED] - Execute JavaScript 'arguments[0].setAttribute('style', 'border: 3px solid red;');' successfully

2023-06-14 15:51:43 - [MESSAGE][PASSED] - Delayed 1 second(s)

2023-06-14 15:51:43 - [MESSAGE][PASSED] - Assesment process dropdown clicked once

2023-06-14 15:51:43 - [TEST_STEP][PASSED] - CommonActions.elementClick(findTestObject("Object Repository/Admission/TC_01_ Pre-requisites for Admission/Admission option"), "Admission option"): Admission option clicked once

2023-06-14 15:51:44 - [MESSAGE][INFO] - Clicking on Admission option

2023-06-14 15:51:44 - [MESSAGE][PASSED] - Execute JavaScript 'arguments[0].setAttribute('style', 'border: 3px solid red;');' successfully

2023-06-14 15:51:45 - [MESSAGE][PASSED] - Delayed 1 second(s)

2023-06-14 15:51:45 - [MESSAGE][PASSED] - Admission option clicked once

2023-06-14 15:51:45 - [TEST_STEP][PASSED] - CommonActions.elementClick(findTestObject("Object Repository/Admission/CommonObjects/Save button"), "Save button"): Save button clicked once

2023-06-14 15:51:46 - [MESSAGE][INFO] - Clicking on Save button

2023-06-14 15:51:46 - [MESSAGE][PASSED] - Execute JavaScript 'arguments[0].setAttribute('style', 'border: 3px solid red;');' successfully

2023-06-14 15:51:47 - [MESSAGE][PASSED] - Delayed 1 second(s)

2023-06-14 15:51:47 - [MESSAGE][PASSED] - Save button clicked once

2023-06-14 15:51:47 - [TEST_STEP][PASSED] - CommonActions.elementPresent(findTestObject("Object Repository/Admission/TC_01_ Pre-requisites for Admission/Record added alert"), "Assesment name added alert"): Delayed 1 second(s)

2023-06-14 15:51:48 - [MESSAGE][INFO] - Validating element present or not

2023-06-14 15:51:48 - [MESSAGE][PASSED] - Object 'Object Repository/Admission/TC_01_ Pre-requisites for Admission/Record added alert' is present

2023-06-14 15:51:48 - [MESSAGE][PASSED] - Element clicked once

2023-06-14 15:51:48 - [MESSAGE][INFO] - Assesment name added alert is present

2023-06-14 15:51:49 - [MESSAGE][PASSED] - Execute JavaScript 'arguments[0].setAttribute('style', 'border: 2px solid green;');' successfully

2023-06-14 15:51:50 - [MESSAGE][PASSED] - Delayed 1 second(s)]]></system-out>
         <system-err><![CDATA[]]></system-err>
      </testcase>
      <testcase name="Test Cases/Admission/TC_23_Verified_Verify Selection process stages" time="38.312" classname="Test Cases/Admission/TC_23_Verified_Verify Selection process stages" status="PASSED">
         <system-out><![CDATA[2023-06-14 15:51:50 - [TEST_CASE][PASSED] - Test Cases/Admission/TC_23_Verified_Verify Selection process stages: Test Cases/Admission/TC_23_Verified_Verify Selection process stages

2023-06-14 15:51:50 - [TEST_STEP][PASSED] - CommonActions.elementClick(findTestObject("Object Repository/Admission/CommonObjects/Add button"), "Add button"): Add button clicked once

2023-06-14 15:51:50 - [MESSAGE][INFO] - Clicking on Add button

2023-06-14 15:51:51 - [MESSAGE][PASSED] - Execute JavaScript 'arguments[0].setAttribute('style', 'border: 3px solid red;');' successfully

2023-06-14 15:51:52 - [MESSAGE][PASSED] - Delayed 1 second(s)

2023-06-14 15:51:53 - [MESSAGE][PASSED] - Add button clicked once

2023-06-14 15:51:53 - [TEST_STEP][PASSED] - AssesmentProcessNameWithStage = CommonActions.randomNameGenerator(): CommonActions.randomNameGenerator is PASSED

2023-06-14 15:51:53 - [MESSAGE][PASSED] - CommonActions.randomNameGenerator is PASSED

2023-06-14 15:51:53 - [TEST_STEP][PASSED] - out.println(AssesmentProcessNameWithStage): null

2023-06-14 15:51:53 - [TEST_STEP][PASSED] - CommonActions.clickOnElementAndTypeText(findTestObject("Object Repository/Admission/TC_01_ Pre-requisites for Admission/Assesement process name"), AssesmentProcessNameWithStage, "Asssement name field"): CommonActions.clickOnElementAndTypeText is PASSED

2023-06-14 15:51:53 - [MESSAGE][PASSED] - Execute JavaScript 'arguments[0].setAttribute('style', 'border: 3px solid red;');' successfully

2023-06-14 15:51:54 - [MESSAGE][PASSED] - Delayed 1 second(s)

2023-06-14 15:51:55 - [MESSAGE][PASSED] - Delayed 1 second(s)

2023-06-14 15:51:56 - [MESSAGE][PASSED] - Keys 'CONTROL + a' sent to object: 'Object Repository/Admission/TC_01_ Pre-requisites for Admission/Assesement process name'

2023-06-14 15:51:56 - [MESSAGE][PASSED] - Keys 'DELETE + ' sent to object: 'Object Repository/Admission/TC_01_ Pre-requisites for Admission/Assesement process name'

2023-06-14 15:51:57 - [MESSAGE][PASSED] - Delayed 1 second(s)

2023-06-14 15:51:58 - [MESSAGE][PASSED] - Execute JavaScript 'arguments[0].setAttribute('style', 'border: 2px solid green;');' successfully

2023-06-14 15:51:59 - [MESSAGE][PASSED] - Delayed 1 second(s)

2023-06-14 15:51:59 - [MESSAGE][INFO] - Sent AutomationfbgoLzto the Asssement name field

2023-06-14 15:51:59 - [MESSAGE][PASSED] - CommonActions.clickOnElementAndTypeText is PASSED

2023-06-14 15:51:59 - [TEST_STEP][PASSED] - CommonActions.elementClick(findTestObject("Object Repository/Admission/TC_01_ Pre-requisites for Admission/Assesment process dropdown"), "Assesment process dropdown"): Assesment process dropdown clicked once

2023-06-14 15:51:59 - [MESSAGE][INFO] - Clicking on Assesment process dropdown

2023-06-14 15:52:00 - [MESSAGE][PASSED] - Execute JavaScript 'arguments[0].setAttribute('style', 'border: 3px solid red;');' successfully

2023-06-14 15:52:01 - [MESSAGE][PASSED] - Delayed 1 second(s)

2023-06-14 15:52:01 - [MESSAGE][PASSED] - Assesment process dropdown clicked once

2023-06-14 15:52:01 - [TEST_STEP][PASSED] - CommonActions.elementClick(findTestObject("Object Repository/Admission/TC_01_ Pre-requisites for Admission/Admission option"), "Admission option"): Admission option clicked once

2023-06-14 15:52:01 - [MESSAGE][INFO] - Clicking on Admission option

2023-06-14 15:52:02 - [MESSAGE][PASSED] - Execute JavaScript 'arguments[0].setAttribute('style', 'border: 3px solid red;');' successfully

2023-06-14 15:52:03 - [MESSAGE][PASSED] - Delayed 1 second(s)

2023-06-14 15:52:03 - [MESSAGE][PASSED] - Admission option clicked once

2023-06-14 15:52:03 - [TEST_STEP][PASSED] - CommonActions.elementClick(findTestObject("Object Repository/Admission/CommonObjects/Save button"), "Save button"): Save button clicked once

2023-06-14 15:52:03 - [MESSAGE][INFO] - Clicking on Save button

2023-06-14 15:52:04 - [MESSAGE][PASSED] - Execute JavaScript 'arguments[0].setAttribute('style', 'border: 3px solid red;');' successfully

2023-06-14 15:52:05 - [MESSAGE][PASSED] - Delayed 1 second(s)

2023-06-14 15:52:05 - [MESSAGE][PASSED] - Save button clicked once

2023-06-14 15:52:05 - [TEST_STEP][PASSED] - CommonActions.elementPresent(findTestObject("Object Repository/Admission/TC_01_ Pre-requisites for Admission/Record added alert"), "Assesment name added alert"): Delayed 1 second(s)

2023-06-14 15:52:06 - [MESSAGE][INFO] - Validating element present or not

2023-06-14 15:52:06 - [MESSAGE][PASSED] - Object 'Object Repository/Admission/TC_01_ Pre-requisites for Admission/Record added alert' is present

2023-06-14 15:52:06 - [MESSAGE][PASSED] - Element clicked once

2023-06-14 15:52:06 - [MESSAGE][INFO] - Assesment name added alert is present

2023-06-14 15:52:06 - [MESSAGE][PASSED] - Execute JavaScript 'arguments[0].setAttribute('style', 'border: 2px solid green;');' successfully

2023-06-14 15:52:07 - [MESSAGE][PASSED] - Delayed 1 second(s)

2023-06-14 15:52:07 - [TEST_STEP][PASSED] - CommonActions.selectLastRow(findTestObject("Object Repository/Admission/TC_20_Verified_Edit_selection process/List of Assesment")): CommonActions.selectLastRow is PASSED

2023-06-14 15:52:10 - [MESSAGE][PASSED] - Delayed 2 second(s)

2023-06-14 15:52:10 - [MESSAGE][PASSED] - CommonActions.selectLastRow is PASSED

2023-06-14 15:52:10 - [TEST_STEP][PASSED] - CommonActions.elementClick(findTestObject("Object Repository/Admission/CommonObjects/Edit Buttton"), "Edit last row"): Edit last row clicked once

2023-06-14 15:52:10 - [MESSAGE][INFO] - Clicking on Edit last row

2023-06-14 15:52:11 - [MESSAGE][PASSED] - Execute JavaScript 'arguments[0].setAttribute('style', 'border: 3px solid red;');' successfully

2023-06-14 15:52:12 - [MESSAGE][PASSED] - Delayed 1 second(s)

2023-06-14 15:52:13 - [MESSAGE][PASSED] - Edit last row clicked once

2023-06-14 15:52:13 - [TEST_STEP][PASSED] - CommonActions.elementClick(findTestObject("Object Repository/Admission/CommonObjects/Nested Tab Add button"), "Add button"): Add button clicked once

2023-06-14 15:52:13 - [MESSAGE][INFO] - Clicking on Add button

2023-06-14 15:52:14 - [MESSAGE][PASSED] - Execute JavaScript 'arguments[0].setAttribute('style', 'border: 3px solid red;');' successfully

2023-06-14 15:52:15 - [MESSAGE][PASSED] - Delayed 1 second(s)

2023-06-14 15:52:15 - [MESSAGE][PASSED] - Add button clicked once

2023-06-14 15:52:15 - [TEST_STEP][PASSED] - CommonActions.clickOnElementAndTypeText(findTestObject("Object Repository/Admission/TC_37_Pre-requisites Assesment process creation with Stage/Stage ID dropdown"), "Assessment Stage", "Stage Dropdowm"): CommonActions.clickOnElementAndTypeText is PASSED

2023-06-14 15:52:16 - [MESSAGE][PASSED] - Execute JavaScript 'arguments[0].setAttribute('style', 'border: 3px solid red;');' successfully

2023-06-14 15:52:17 - [MESSAGE][PASSED] - Delayed 1 second(s)

2023-06-14 15:52:18 - [MESSAGE][PASSED] - Delayed 1 second(s)

2023-06-14 15:52:18 - [MESSAGE][PASSED] - Keys 'CONTROL + a' sent to object: 'Object Repository/Admission/TC_37_Pre-requisites Assesment process creation with Stage/Stage ID dropdown'

2023-06-14 15:52:19 - [MESSAGE][PASSED] - Keys 'DELETE + ' sent to object: 'Object Repository/Admission/TC_37_Pre-requisites Assesment process creation with Stage/Stage ID dropdown'

2023-06-14 15:52:20 - [MESSAGE][PASSED] - Delayed 1 second(s)

2023-06-14 15:52:20 - [MESSAGE][PASSED] - Execute JavaScript 'arguments[0].setAttribute('style', 'border: 2px solid green;');' successfully

2023-06-14 15:52:21 - [MESSAGE][PASSED] - Delayed 1 second(s)

2023-06-14 15:52:21 - [MESSAGE][INFO] - Sent Assessment Stageto the Stage Dropdowm

2023-06-14 15:52:21 - [MESSAGE][PASSED] - CommonActions.clickOnElementAndTypeText is PASSED

2023-06-14 15:52:21 - [TEST_STEP][PASSED] - sendKeys(findTestObject("Object Repository/Admission/TC_37_Pre-requisites Assesment process creation with Stage/Stage ID dropdown"), Keys.chord(ENTER)): Keys 'ENTER + ' sent to object: 'Object Repository/Admission/TC_37_Pre-requisites Assesment process creation with Stage/Stage ID dropdown'

2023-06-14 15:52:22 - [MESSAGE][PASSED] - Keys 'ENTER + ' sent to object: 'Object Repository/Admission/TC_37_Pre-requisites Assesment process creation with Stage/Stage ID dropdown'

2023-06-14 15:52:22 - [TEST_STEP][PASSED] - delay(2): Delayed 2 second(s)

2023-06-14 15:52:24 - [MESSAGE][PASSED] - Delayed 2 second(s)

2023-06-14 15:52:24 - [TEST_STEP][PASSED] - CommonActions.elementClick(findTestObject("Object Repository/Admission/TC_37_Pre-requisites Assesment process creation with Stage/Expected Number of days stage"), "Number of days"): Number of days clicked once

2023-06-14 15:52:24 - [MESSAGE][INFO] - Clicking on Number of days

2023-06-14 15:52:25 - [MESSAGE][PASSED] - Execute JavaScript 'arguments[0].setAttribute('style', 'border: 3px solid red;');' successfully

2023-06-14 15:52:26 - [MESSAGE][PASSED] - Delayed 1 second(s)

2023-06-14 15:52:26 - [MESSAGE][PASSED] - Number of days clicked once

2023-06-14 15:52:26 - [TEST_STEP][PASSED] - CommonActions.elementClick(findTestObject("Object Repository/Admission/CommonObjects/Submit Button Floating Window"), "Submit button"): Submit button clicked once

2023-06-14 15:52:26 - [MESSAGE][INFO] - Clicking on Submit button

2023-06-14 15:52:27 - [MESSAGE][PASSED] - Execute JavaScript 'arguments[0].setAttribute('style', 'border: 3px solid red;');' successfully

2023-06-14 15:52:28 - [MESSAGE][PASSED] - Delayed 1 second(s)

2023-06-14 15:52:28 - [MESSAGE][PASSED] - Submit button clicked once]]></system-out>
         <system-err><![CDATA[]]></system-err>
      </testcase>
      <testcase name="Test Cases/Admission/TC_24_Verified_Edit Selection process stages" time="12.851" classname="Test Cases/Admission/TC_24_Verified_Edit Selection process stages" status="PASSED">
         <system-out><![CDATA[2023-06-14 15:52:28 - [TEST_CASE][PASSED] - Test Cases/Admission/TC_24_Verified_Edit Selection process stages: Test Cases/Admission/TC_24_Verified_Edit Selection process stages

2023-06-14 15:52:28 - [TEST_STEP][PASSED] - CommonActions.elementClick(findTestObject("Object Repository/Admission/CommonObjects/Nested Tab rows"), "First row from data"): First row from data clicked once

2023-06-14 15:52:29 - [MESSAGE][INFO] - Clicking on First row from data

2023-06-14 15:52:29 - [MESSAGE][PASSED] - Execute JavaScript 'arguments[0].setAttribute('style', 'border: 3px solid red;');' successfully

2023-06-14 15:52:30 - [MESSAGE][PASSED] - Delayed 1 second(s)

2023-06-14 15:52:30 - [MESSAGE][PASSED] - First row from data clicked once

2023-06-14 15:52:30 - [TEST_STEP][PASSED] - CommonActions.elementClick(findTestObject("Object Repository/Admission/CommonObjects/Nested Edit button"), "Edit first row"): Edit first row clicked once

2023-06-14 15:52:31 - [MESSAGE][INFO] - Clicking on Edit first row

2023-06-14 15:52:31 - [MESSAGE][PASSED] - Execute JavaScript 'arguments[0].setAttribute('style', 'border: 3px solid red;');' successfully

2023-06-14 15:52:32 - [MESSAGE][PASSED] - Delayed 1 second(s)

2023-06-14 15:52:33 - [MESSAGE][PASSED] - Edit first row clicked once

2023-06-14 15:52:33 - [TEST_STEP][PASSED] - CommonActions.clickOnElementAndTypeText(findTestObject("Object Repository/Admission/TC_24_Verified_Edit Selection process stages/Remark"), "Test stage confguration", "Remark field"): CommonActions.clickOnElementAndTypeText is PASSED

2023-06-14 15:52:33 - [MESSAGE][PASSED] - Execute JavaScript 'arguments[0].setAttribute('style', 'border: 3px solid red;');' successfully

2023-06-14 15:52:34 - [MESSAGE][PASSED] - Delayed 1 second(s)

2023-06-14 15:52:36 - [MESSAGE][PASSED] - Delayed 1 second(s)

2023-06-14 15:52:36 - [MESSAGE][PASSED] - Keys 'CONTROL + a' sent to object: 'Object Repository/Admission/TC_24_Verified_Edit Selection process stages/Remark'

2023-06-14 15:52:36 - [MESSAGE][PASSED] - Keys 'DELETE + ' sent to object: 'Object Repository/Admission/TC_24_Verified_Edit Selection process stages/Remark'

2023-06-14 15:52:37 - [MESSAGE][PASSED] - Delayed 1 second(s)

2023-06-14 15:52:38 - [MESSAGE][PASSED] - Execute JavaScript 'arguments[0].setAttribute('style', 'border: 2px solid green;');' successfully

2023-06-14 15:52:39 - [MESSAGE][PASSED] - Delayed 1 second(s)

2023-06-14 15:52:39 - [MESSAGE][INFO] - Sent Test stage confgurationto the Remark field

2023-06-14 15:52:39 - [MESSAGE][PASSED] - CommonActions.clickOnElementAndTypeText is PASSED

2023-06-14 15:52:39 - [TEST_STEP][PASSED] - CommonActions.elementClick(findTestObject("Object Repository/Admission/CommonObjects/Submit Button Floating Window"), "sumbit button"): sumbit button clicked once

2023-06-14 15:52:39 - [MESSAGE][INFO] - Clicking on sumbit button

2023-06-14 15:52:40 - [MESSAGE][PASSED] - Execute JavaScript 'arguments[0].setAttribute('style', 'border: 3px solid red;');' successfully

2023-06-14 15:52:41 - [MESSAGE][PASSED] - Delayed 1 second(s)

2023-06-14 15:52:41 - [MESSAGE][PASSED] - sumbit button clicked once]]></system-out>
         <system-err><![CDATA[]]></system-err>
      </testcase>
      <testcase name="Test Cases/Admission/TC_26_Verified_View selection process stages" time="7.146" classname="Test Cases/Admission/TC_26_Verified_View selection process stages" status="PASSED">
         <system-out><![CDATA[2023-06-14 15:52:41 - [TEST_CASE][PASSED] - Test Cases/Admission/TC_26_Verified_View selection process stages: Test Cases/Admission/TC_26_Verified_View selection process stages

2023-06-14 15:52:41 - [TEST_STEP][PASSED] - CommonActions.elementClick(findTestObject("Object Repository/Admission/CommonObjects/Nested Tab rows"), "First row from data"): First row from data clicked once

2023-06-14 15:52:42 - [MESSAGE][INFO] - Clicking on First row from data

2023-06-14 15:52:42 - [MESSAGE][PASSED] - Execute JavaScript 'arguments[0].setAttribute('style', 'border: 3px solid red;');' successfully

2023-06-14 15:52:43 - [MESSAGE][PASSED] - Delayed 1 second(s)

2023-06-14 15:52:43 - [MESSAGE][PASSED] - First row from data clicked once

2023-06-14 15:52:43 - [TEST_STEP][PASSED] - CommonActions.elementClick(findTestObject("Object Repository/Admission/TC_26_Verified_View selection process stages/view button"), "view button"): view button clicked once

2023-06-14 15:52:44 - [MESSAGE][INFO] - Clicking on view button

2023-06-14 15:52:44 - [MESSAGE][PASSED] - Execute JavaScript 'arguments[0].setAttribute('style', 'border: 3px solid red;');' successfully

2023-06-14 15:52:45 - [MESSAGE][PASSED] - Delayed 1 second(s)

2023-06-14 15:52:45 - [MESSAGE][PASSED] - view button clicked once

2023-06-14 15:52:45 - [TEST_STEP][PASSED] - CommonActions.elementClick(findTestObject("Object Repository/Admission/TC_26_Verified_View selection process stages/Cancel butoon"), "cancel button"): cancel button clicked once

2023-06-14 15:52:46 - [MESSAGE][INFO] - Clicking on cancel button

2023-06-14 15:52:47 - [MESSAGE][PASSED] - Execute JavaScript 'arguments[0].setAttribute('style', 'border: 3px solid red;');' successfully

2023-06-14 15:52:48 - [MESSAGE][PASSED] - Delayed 1 second(s)

2023-06-14 15:52:48 - [MESSAGE][PASSED] - cancel button clicked once]]></system-out>
         <system-err><![CDATA[]]></system-err>
      </testcase>
      <system-out><![CDATA[2023-06-14 15:50:30 - [TEST_SUITE][PASSED] - Admission Test suite: Test Cases/Admission/TC_26_Verified_View selection process stages]]></system-out>
      <system-err><![CDATA[]]></system-err>
   </testsuite>
</testsuites>
