<?xml version="1.0" encoding="UTF-8"?>
<testsuites name="Demo Admission test suite" time="115.903" tests="2" failures="0" errors="0">
   <testsuite name="Demo Admission test suite" tests="2" failures="0" errors="0" time="115.903" skipped="0" timestamp="2023-06-20 11:12:20" hostname="Laxman Jagarlamud - LAPTOP-LNCQBP1R" id="Test Suites/Demo Admission test suite">
      <properties>
         <property name="deviceName" value=""/>
         <property name="devicePlatform" value=""/>
         <property name="logFolder" value="C:\\Users\\Laxman Jagarlamud\\git\\qa-automation-regression-ui\\Reports\\20230620_111212\\Demo Admission test suite\\20230620_111212"/>
         <property name="logFiles" value="C:\\Users\\Laxman Jagarlamud\\git\\qa-automation-regression-ui\\Reports\\20230620_111212\\Demo Admission test suite\\20230620_111212\\execution0.log"/>
         <property name="attachments" value=""/>
         <property name="hostName" value="Laxman Jagarlamud - LAPTOP-LNCQBP1R"/>
         <property name="os" value="Windows 11 64bit"/>
         <property name="katalonVersion" value="8.6.5.208"/>
         <property name="browser" value="Chrome 114.0.0.0"/>
         <property name="hostAddress" value="192.168.0.29"/>
         <property name="sessionId" value="adb72e6c907a7cf8e05ba1cf264c57d4"/>
         <property name="seleniumVersion" value="3.141.59"/>
         <property name="proxyInformation" value="ProxyInformation { proxyOption=NO_PROXY, proxyServerType=HTTP, username=, password=********, proxyServerAddress=, proxyServerPort=0, executionList=&quot;&quot;, isApplyToDesiredCapabilities=true }"/>
         <property name="platform" value="Windows 11"/>
      </properties>
      <testcase name="Test Cases/Admission/TC_54_Validate_Application_Search_Filter" time="70.435" classname="Test Cases/Admission/TC_54_Validate_Application_Search_Filter" status="PASSED">
         <system-out><![CDATA[2023-06-20 11:12:20 - [TEST_CASE][PASSED] - Test Cases/Admission/TC_54_Validate_Application_Search_Filter: Test Cases/Admission/TC_54_Validate_Application_Search_Filter

2023-06-20 11:12:20 - [TEST_STEP][PASSED] - callTestCase(findTestCase("Pre-Admission/TC_01_Validate the login"), [:], STOP_ON_FAILURE): Call Test Case 'Test Cases/Pre-Admission/TC_01_Validate the login' successfully

2023-06-20 11:12:20 - [TEST_CASE][PASSED] - Test Cases/Pre-Admission/TC_01_Validate the login: Test Cases/Pre-Admission/TC_01_Validate the login

2023-06-20 11:12:21 - [TEST_STEP][PASSED] - openBrowser(""): Browser is opened with url: ''

2023-06-20 11:12:21 - [MESSAGE][INFO] - Starting 'Chrome' driver

2023-06-20 11:12:21 - [MESSAGE][INFO] - Action delay is set to 0 milliseconds

2023-06-20 11:12:23 - [MESSAGE][PASSED] - Browser is opened with url: ''

2023-06-20 11:12:23 - [TEST_STEP][PASSED] - navigateToUrl(url): Navigate to 'https://regression1.academiaerp.com/' successfully

2023-06-20 11:12:25 - [MESSAGE][PASSED] - Navigate to 'https://regression1.academiaerp.com/' successfully

2023-06-20 11:12:25 - [TEST_STEP][PASSED] - maximizeWindow(): Current window maximized

2023-06-20 11:12:26 - [MESSAGE][PASSED] - Current window maximized

2023-06-20 11:12:26 - [TEST_STEP][PASSED] - click(findTestObject("Object Repository/preadmission/TC_01/Page_Academia/Admin_tab")): Object: 'Object Repository/preadmission/TC_01/Page_Academia/Admin_tab' is clicked on

2023-06-20 11:12:26 - [MESSAGE][PASSED] - Object: 'Object Repository/preadmission/TC_01/Page_Academia/Admin_tab' is clicked on

2023-06-20 11:12:26 - [TEST_STEP][PASSED] - CommonActions.clickOnElementAndTypeText(findTestObject("Object Repository/preadmission/TC_01/Page_Academia/input_Username  Email_email"), Username, "Username textfield"): CommonActions.clickOnElementAndTypeText is PASSED

2023-06-20 11:12:27 - [MESSAGE][PASSED] - Execute JavaScript 'arguments[0].setAttribute('style', 'border: 3px solid red;');' successfully

2023-06-20 11:12:28 - [MESSAGE][PASSED] - Delayed 1 second(s)

2023-06-20 11:12:29 - [MESSAGE][PASSED] - Delayed 1 second(s)

2023-06-20 11:12:30 - [MESSAGE][PASSED] - Keys 'CONTROL + a' sent to object: 'Object Repository/preadmission/TC_01/Page_Academia/input_Username  Email_email'

2023-06-20 11:12:31 - [MESSAGE][PASSED] - Keys 'DELETE + ' sent to object: 'Object Repository/preadmission/TC_01/Page_Academia/input_Username  Email_email'

2023-06-20 11:12:32 - [MESSAGE][PASSED] - Delayed 1 second(s)

2023-06-20 11:12:32 - [MESSAGE][PASSED] - Execute JavaScript 'arguments[0].setAttribute('style', 'border: 2px solid green;');' successfully

2023-06-20 11:12:33 - [MESSAGE][PASSED] - Delayed 1 second(s)

2023-06-20 11:12:33 - [MESSAGE][INFO] - Sent sysadminto the Username textfield

2023-06-20 11:12:33 - [MESSAGE][PASSED] - CommonActions.clickOnElementAndTypeText is PASSED

2023-06-20 11:12:33 - [TEST_STEP][PASSED] - CommonActions.clickOnElementAndTypeText(findTestObject("Object Repository/preadmission/TC_01/Page_Academia/input_Password_password"), Password, "Password textfield"): CommonActions.clickOnElementAndTypeText is PASSED

2023-06-20 11:12:34 - [MESSAGE][PASSED] - Execute JavaScript 'arguments[0].setAttribute('style', 'border: 3px solid red;');' successfully

2023-06-20 11:12:35 - [MESSAGE][PASSED] - Delayed 1 second(s)

2023-06-20 11:12:36 - [MESSAGE][PASSED] - Delayed 1 second(s)

2023-06-20 11:12:36 - [MESSAGE][PASSED] - Keys 'CONTROL + a' sent to object: 'Object Repository/preadmission/TC_01/Page_Academia/input_Password_password'

2023-06-20 11:12:37 - [MESSAGE][PASSED] - Keys 'DELETE + ' sent to object: 'Object Repository/preadmission/TC_01/Page_Academia/input_Password_password'

2023-06-20 11:12:38 - [MESSAGE][PASSED] - Delayed 1 second(s)

2023-06-20 11:12:38 - [MESSAGE][PASSED] - Execute JavaScript 'arguments[0].setAttribute('style', 'border: 2px solid green;');' successfully

2023-06-20 11:12:39 - [MESSAGE][PASSED] - Delayed 1 second(s)

2023-06-20 11:12:39 - [MESSAGE][INFO] - Sent passwordto the Password textfield

2023-06-20 11:12:39 - [MESSAGE][PASSED] - CommonActions.clickOnElementAndTypeText is PASSED

2023-06-20 11:12:39 - [TEST_STEP][PASSED] - CommonActions.elementClick(findTestObject("Object Repository/preadmission/TC_01/Page_Academia/input_Forgot password_signin"), "Sign in button"): Sign in button clicked once

2023-06-20 11:12:39 - [MESSAGE][INFO] - Clicking on Sign in button

2023-06-20 11:12:40 - [MESSAGE][PASSED] - Execute JavaScript 'arguments[0].setAttribute('style', 'border: 3px solid red;');' successfully

2023-06-20 11:12:41 - [MESSAGE][PASSED] - Delayed 1 second(s)

2023-06-20 11:12:41 - [MESSAGE][PASSED] - Sign in button clicked once

2023-06-20 11:12:41 - [TEST_STEP][PASSED] - delay(30): Delayed 30 second(s)

2023-06-20 11:13:11 - [MESSAGE][PASSED] - Delayed 30 second(s)

2023-06-20 11:13:11 - [TEST_STEP][PASSED] - CommonActions.elementPresent(findTestObject("Object Repository/preadmission/TC_01/Page_Academia/label_Administrator"), "Adminstartor portal header"): Delayed 1 second(s)

2023-06-20 11:13:11 - [MESSAGE][INFO] - Validating element present or not

2023-06-20 11:13:11 - [MESSAGE][PASSED] - Object 'Object Repository/preadmission/TC_01/Page_Academia/label_Administrator' is present

2023-06-20 11:13:11 - [MESSAGE][PASSED] - Element clicked once

2023-06-20 11:13:11 - [MESSAGE][INFO] - Adminstartor portal header is present

2023-06-20 11:13:12 - [MESSAGE][PASSED] - Execute JavaScript 'arguments[0].setAttribute('style', 'border: 2px solid green;');' successfully

2023-06-20 11:13:13 - [MESSAGE][PASSED] - Delayed 1 second(s)

2023-06-20 11:13:13 - [TEST_STEP][PASSED] - CommonActions.verifyExactElementText(findTestObject("Object Repository/preadmission/TC_01/Page_Academia/label_Administrator"), AdminPortalHeaderText, "Adminstartor portal header"): Delayed 1 second(s)

2023-06-20 11:13:13 - [MESSAGE][PASSED] - Adminstartor portal headertext is verified

2023-06-20 11:13:14 - [MESSAGE][PASSED] - Execute JavaScript 'arguments[0].setAttribute('style', 'border: 2px solid green;');' successfully

2023-06-20 11:13:15 - [MESSAGE][PASSED] - Delayed 1 second(s)

2023-06-20 11:13:15 - [MESSAGE][PASSED] - Call Test Case 'Test Cases/Pre-Admission/TC_01_Validate the login' successfully

2023-06-20 11:13:15 - [TEST_STEP][PASSED] - mouseOver(findTestObject("Object Repository/Admission/TC_01_ Pre-requisites for Admission/Admissions Tab")): Object: 'Object Repository/Admission/TC_01_ Pre-requisites for Admission/Admissions Tab' is hovered

2023-06-20 11:13:15 - [MESSAGE][PASSED] - Object: 'Object Repository/Admission/TC_01_ Pre-requisites for Admission/Admissions Tab' is hovered

2023-06-20 11:13:15 - [TEST_STEP][PASSED] - CommonActions.elementClick(findTestObject("Object Repository/Admission/TC_01_ Pre-requisites for Admission/Admissions Tab"), "Admissions tab"): Admissions tab clicked once

2023-06-20 11:13:15 - [MESSAGE][INFO] - Clicking on Admissions tab

2023-06-20 11:13:16 - [MESSAGE][PASSED] - Execute JavaScript 'arguments[0].setAttribute('style', 'border: 3px solid red;');' successfully

2023-06-20 11:13:17 - [MESSAGE][PASSED] - Delayed 1 second(s)

2023-06-20 11:13:17 - [MESSAGE][PASSED] - Admissions tab clicked once

2023-06-20 11:13:17 - [TEST_STEP][PASSED] - CommonActions.elementClick(findTestObject("Object Repository/Admission/TC_54_Validate_Application_Search_Filter/Applications"), "Application tab"): Application tab clicked once

2023-06-20 11:13:18 - [MESSAGE][INFO] - Clicking on Application tab

2023-06-20 11:13:19 - [MESSAGE][PASSED] - Execute JavaScript 'arguments[0].setAttribute('style', 'border: 3px solid red;');' successfully

2023-06-20 11:13:20 - [MESSAGE][PASSED] - Delayed 1 second(s)

2023-06-20 11:13:21 - [MESSAGE][PASSED] - Application tab clicked once

2023-06-20 11:13:21 - [TEST_STEP][PASSED] - CommonActions.elementPresent(findTestObject("Object Repository/Admission/TC_54_Validate_Application_Search_Filter/Application Tab"), "Application tab"): Delayed 1 second(s)

2023-06-20 11:13:22 - [MESSAGE][INFO] - Validating element present or not

2023-06-20 11:13:22 - [MESSAGE][PASSED] - Object 'Object Repository/Admission/TC_54_Validate_Application_Search_Filter/Application Tab' is present

2023-06-20 11:13:22 - [MESSAGE][PASSED] - Element clicked once

2023-06-20 11:13:22 - [MESSAGE][INFO] - Application tab is present

2023-06-20 11:13:23 - [MESSAGE][PASSED] - Execute JavaScript 'arguments[0].setAttribute('style', 'border: 2px solid green;');' successfully

2023-06-20 11:13:24 - [MESSAGE][PASSED] - Delayed 1 second(s)

2023-06-20 11:13:24 - [TEST_STEP][PASSED] - CommonActions.elementClick(findTestObject("Object Repository/Admission/CommonObjects/Search button"), "search button"): search button clicked once

2023-06-20 11:13:24 - [MESSAGE][INFO] - Clicking on search button

2023-06-20 11:13:24 - [MESSAGE][PASSED] - Execute JavaScript 'arguments[0].setAttribute('style', 'border: 3px solid red;');' successfully

2023-06-20 11:13:25 - [MESSAGE][PASSED] - Delayed 1 second(s)

2023-06-20 11:13:26 - [MESSAGE][PASSED] - search button clicked once

2023-06-20 11:13:26 - [TEST_STEP][PASSED] - CommonActions.elementPresent(findTestObject("Object Repository/Admission/TC_54_Validate_Application_Search_Filter/Search results header"), "Search results header"): Delayed 1 second(s)

2023-06-20 11:13:29 - [MESSAGE][INFO] - Validating element present or not

2023-06-20 11:13:29 - [MESSAGE][PASSED] - Object 'Object Repository/Admission/TC_54_Validate_Application_Search_Filter/Search results header' is present

2023-06-20 11:13:29 - [MESSAGE][PASSED] - Element clicked once

2023-06-20 11:13:29 - [MESSAGE][INFO] - Search results header is present

2023-06-20 11:13:29 - [MESSAGE][PASSED] - Execute JavaScript 'arguments[0].setAttribute('style', 'border: 2px solid green;');' successfully

2023-06-20 11:13:30 - [MESSAGE][PASSED] - Delayed 1 second(s)]]></system-out>
         <system-err><![CDATA[]]></system-err>
      </testcase>
      <testcase name="Test Cases/Admission/TC_55_Validate_Application_profile_work experiance" time="45.178" classname="Test Cases/Admission/TC_55_Validate_Application_profile_work experiance" status="PASSED">
         <system-out><![CDATA[2023-06-20 11:13:30 - [TEST_CASE][PASSED] - Test Cases/Admission/TC_55_Validate_Application_profile_work experiance: Test Cases/Admission/TC_55_Validate_Application_profile_work experiance

2023-06-20 11:13:31 - [TEST_STEP][PASSED] - CommonActions.elementClick(findTestObject("Object Repository/Admission/CommonObjects/Search button"), "search button"): search button clicked once

2023-06-20 11:13:31 - [MESSAGE][INFO] - Clicking on search button

2023-06-20 11:13:31 - [MESSAGE][PASSED] - Execute JavaScript 'arguments[0].setAttribute('style', 'border: 3px solid red;');' successfully

2023-06-20 11:13:32 - [MESSAGE][PASSED] - Delayed 1 second(s)

2023-06-20 11:13:33 - [MESSAGE][PASSED] - search button clicked once

2023-06-20 11:13:33 - [TEST_STEP][PASSED] - CommonActions.elementPresent(findTestObject("Object Repository/Admission/TC_54_Validate_Application_Search_Filter/Search results header"), "Search results header"): Delayed 1 second(s)

2023-06-20 11:13:35 - [MESSAGE][INFO] - Validating element present or not

2023-06-20 11:13:36 - [MESSAGE][PASSED] - Object 'Object Repository/Admission/TC_54_Validate_Application_Search_Filter/Search results header' is present

2023-06-20 11:13:36 - [MESSAGE][PASSED] - Element clicked once

2023-06-20 11:13:36 - [MESSAGE][INFO] - Search results header is present

2023-06-20 11:13:36 - [MESSAGE][PASSED] - Execute JavaScript 'arguments[0].setAttribute('style', 'border: 2px solid green;');' successfully

2023-06-20 11:13:37 - [MESSAGE][PASSED] - Delayed 1 second(s)

2023-06-20 11:13:37 - [TEST_STEP][PASSED] - CommonActions.elementClick(findTestObject("Object Repository/Admission/CommonObjects/Row Selection"), "First row is selected"): First row is selected clicked once

2023-06-20 11:13:37 - [MESSAGE][INFO] - Clicking on First row is selected

2023-06-20 11:13:38 - [MESSAGE][PASSED] - Execute JavaScript 'arguments[0].setAttribute('style', 'border: 3px solid red;');' successfully

2023-06-20 11:13:39 - [MESSAGE][PASSED] - Delayed 1 second(s)

2023-06-20 11:13:39 - [MESSAGE][PASSED] - First row is selected clicked once

2023-06-20 11:13:39 - [TEST_STEP][PASSED] - CommonActions.elementClick(findTestObject("Object Repository/Admission/CommonObjects/Edit Buttton"), "Edit button"): Edit button clicked once

2023-06-20 11:13:39 - [MESSAGE][INFO] - Clicking on Edit button

2023-06-20 11:13:40 - [MESSAGE][PASSED] - Execute JavaScript 'arguments[0].setAttribute('style', 'border: 3px solid red;');' successfully

2023-06-20 11:13:41 - [MESSAGE][PASSED] - Delayed 1 second(s)

2023-06-20 11:13:45 - [MESSAGE][PASSED] - Edit button clicked once

2023-06-20 11:13:45 - [TEST_STEP][PASSED] - CommonActions.elementClick(findTestObject("Object Repository/Admission/TC_55_Validate_Application_profile_work experiance/History tab"), "History"): History clicked once

2023-06-20 11:13:48 - [MESSAGE][INFO] - Clicking on History

2023-06-20 11:13:48 - [MESSAGE][PASSED] - Execute JavaScript 'arguments[0].setAttribute('style', 'border: 3px solid red;');' successfully

2023-06-20 11:13:50 - [MESSAGE][PASSED] - Delayed 1 second(s)

2023-06-20 11:13:50 - [MESSAGE][PASSED] - History clicked once

2023-06-20 11:13:50 - [TEST_STEP][PASSED] - CommonActions.elementClick(findTestObject("Object Repository/Admission/TC_55_Validate_Application_profile_work experiance/Work experience option"), "Work experience"): Work experience clicked once

2023-06-20 11:13:50 - [MESSAGE][INFO] - Clicking on Work experience

2023-06-20 11:13:51 - [MESSAGE][PASSED] - Execute JavaScript 'arguments[0].setAttribute('style', 'border: 3px solid red;');' successfully

2023-06-20 11:13:52 - [MESSAGE][PASSED] - Delayed 1 second(s)

2023-06-20 11:13:52 - [MESSAGE][PASSED] - Work experience clicked once

2023-06-20 11:13:52 - [TEST_STEP][PASSED] - CommonActions.elementClick(findTestObject("Object Repository/Admission/CommonObjects/Nested Tab Add button"), "Add button experience"): Add button experience clicked once

2023-06-20 11:13:53 - [MESSAGE][INFO] - Clicking on Add button experience

2023-06-20 11:13:53 - [MESSAGE][PASSED] - Execute JavaScript 'arguments[0].setAttribute('style', 'border: 3px solid red;');' successfully

2023-06-20 11:13:54 - [MESSAGE][PASSED] - Delayed 1 second(s)

2023-06-20 11:13:55 - [MESSAGE][PASSED] - Add button experience clicked once

2023-06-20 11:13:55 - [TEST_STEP][PASSED] - CommonActions.clickOnElementAndTypeText(findTestObject("Object Repository/Admission/TC_55_Validate_Application_profile_work experiance/Employer text field"), "Test employee", "Employer text field"): CommonActions.clickOnElementAndTypeText is PASSED

2023-06-20 11:13:56 - [MESSAGE][PASSED] - Execute JavaScript 'arguments[0].setAttribute('style', 'border: 3px solid red;');' successfully

2023-06-20 11:13:57 - [MESSAGE][PASSED] - Delayed 1 second(s)

2023-06-20 11:13:58 - [MESSAGE][PASSED] - Delayed 1 second(s)

2023-06-20 11:13:58 - [MESSAGE][PASSED] - Keys 'CONTROL + a' sent to object: 'Object Repository/Admission/TC_55_Validate_Application_profile_work experiance/Employer text field'

2023-06-20 11:13:58 - [MESSAGE][PASSED] - Keys 'DELETE + ' sent to object: 'Object Repository/Admission/TC_55_Validate_Application_profile_work experiance/Employer text field'

2023-06-20 11:13:59 - [MESSAGE][PASSED] - Delayed 1 second(s)

2023-06-20 11:14:00 - [MESSAGE][PASSED] - Execute JavaScript 'arguments[0].setAttribute('style', 'border: 2px solid green;');' successfully

2023-06-20 11:14:01 - [MESSAGE][PASSED] - Delayed 1 second(s)

2023-06-20 11:14:01 - [MESSAGE][INFO] - Sent Test employeeto the Employer text field

2023-06-20 11:14:01 - [MESSAGE][PASSED] - CommonActions.clickOnElementAndTypeText is PASSED

2023-06-20 11:14:01 - [TEST_STEP][PASSED] - CommonActions.clickOnElementAndTypeText(findTestObject("Object Repository/Admission/TC_55_Validate_Application_profile_work experiance/department text field"), "Test departnment", "Department text field"): CommonActions.clickOnElementAndTypeText is PASSED

2023-06-20 11:14:02 - [MESSAGE][PASSED] - Execute JavaScript 'arguments[0].setAttribute('style', 'border: 3px solid red;');' successfully

2023-06-20 11:14:03 - [MESSAGE][PASSED] - Delayed 1 second(s)

2023-06-20 11:14:04 - [MESSAGE][PASSED] - Delayed 1 second(s)

2023-06-20 11:14:04 - [MESSAGE][PASSED] - Keys 'CONTROL + a' sent to object: 'Object Repository/Admission/TC_55_Validate_Application_profile_work experiance/department text field'

2023-06-20 11:14:05 - [MESSAGE][PASSED] - Keys 'DELETE + ' sent to object: 'Object Repository/Admission/TC_55_Validate_Application_profile_work experiance/department text field'

2023-06-20 11:14:06 - [MESSAGE][PASSED] - Delayed 1 second(s)

2023-06-20 11:14:06 - [MESSAGE][PASSED] - Execute JavaScript 'arguments[0].setAttribute('style', 'border: 2px solid green;');' successfully

2023-06-20 11:14:07 - [MESSAGE][PASSED] - Delayed 1 second(s)

2023-06-20 11:14:07 - [MESSAGE][INFO] - Sent Test departnmentto the Department text field

2023-06-20 11:14:07 - [MESSAGE][PASSED] - CommonActions.clickOnElementAndTypeText is PASSED

2023-06-20 11:14:07 - [TEST_STEP][PASSED] - CommonActions.elementClick(findTestObject("Object Repository/Admission/TC_55_Validate_Application_profile_work experiance/Joining date"), "Joining date"): Joining date clicked once

2023-06-20 11:14:07 - [MESSAGE][INFO] - Clicking on Joining date

2023-06-20 11:14:08 - [MESSAGE][PASSED] - Execute JavaScript 'arguments[0].setAttribute('style', 'border: 3px solid red;');' successfully

2023-06-20 11:14:09 - [MESSAGE][PASSED] - Delayed 1 second(s)

2023-06-20 11:14:09 - [MESSAGE][PASSED] - Joining date clicked once

2023-06-20 11:14:09 - [TEST_STEP][PASSED] - CommonActions.elementClick(findTestObject("Object Repository/Admission/CommonObjects/Today button calendar"), "Today button calendar"): Today button calendar clicked once

2023-06-20 11:14:09 - [MESSAGE][INFO] - Clicking on Today button calendar

2023-06-20 11:14:10 - [MESSAGE][PASSED] - Execute JavaScript 'arguments[0].setAttribute('style', 'border: 3px solid red;');' successfully

2023-06-20 11:14:11 - [MESSAGE][PASSED] - Delayed 1 second(s)

2023-06-20 11:14:11 - [MESSAGE][PASSED] - Today button calendar clicked once

2023-06-20 11:14:11 - [TEST_STEP][PASSED] - CommonActions.elementClick(findTestObject("Object Repository/Admission/CommonObjects/Submit Button Floating Window"), "Save experience"): Save experience clicked once

2023-06-20 11:14:11 - [MESSAGE][INFO] - Clicking on Save experience

2023-06-20 11:14:12 - [MESSAGE][PASSED] - Execute JavaScript 'arguments[0].setAttribute('style', 'border: 3px solid red;');' successfully

2023-06-20 11:14:13 - [MESSAGE][PASSED] - Delayed 1 second(s)

2023-06-20 11:14:13 - [MESSAGE][PASSED] - Save experience clicked once

2023-06-20 11:14:13 - [TEST_STEP][PASSED] - CommonActions.elementPresent(findTestObject("Object Repository/Admission/CommonObjects/Successful alert"), "Saved work experience"): Delayed 1 second(s)

2023-06-20 11:14:14 - [MESSAGE][INFO] - Validating element present or not

2023-06-20 11:14:14 - [MESSAGE][PASSED] - Object 'Object Repository/Admission/CommonObjects/Successful alert' is present

2023-06-20 11:14:14 - [MESSAGE][PASSED] - Element clicked once

2023-06-20 11:14:14 - [MESSAGE][INFO] - Saved work experience is present

2023-06-20 11:14:15 - [MESSAGE][PASSED] - Execute JavaScript 'arguments[0].setAttribute('style', 'border: 2px solid green;');' successfully

2023-06-20 11:14:16 - [MESSAGE][PASSED] - Delayed 1 second(s)]]></system-out>
         <system-err><![CDATA[]]></system-err>
      </testcase>
      <system-out><![CDATA[2023-06-20 11:12:20 - [TEST_SUITE][PASSED] - Demo Admission test suite: Test Cases/Admission/TC_55_Validate_Application_profile_work experiance]]></system-out>
      <system-err><![CDATA[]]></system-err>
   </testsuite>
</testsuites>
