<?xml version="1.0" encoding="UTF-8"?>
<testsuites name="Demo Admission test suite" time="155.978" tests="6" failures="0" errors="0">
   <testsuite name="Demo Admission test suite" tests="6" failures="0" errors="0" time="155.978" skipped="0" timestamp="2023-06-20 12:06:17" hostname="Laxman Jagarlamud - LAPTOP-LNCQBP1R" id="Test Suites/Demo Admission test suite">
      <properties>
         <property name="deviceName" value=""/>
         <property name="devicePlatform" value=""/>
         <property name="logFolder" value="C:\\Users\\Laxman Jagarlamud\\git\\qa-automation-regression-ui\\Reports\\20230620_120607\\Demo Admission test suite\\20230620_120607"/>
         <property name="logFiles" value="C:\\Users\\Laxman Jagarlamud\\git\\qa-automation-regression-ui\\Reports\\20230620_120607\\Demo Admission test suite\\20230620_120607\\execution0.log"/>
         <property name="attachments" value=""/>
         <property name="hostName" value="Laxman Jagarlamud - LAPTOP-LNCQBP1R"/>
         <property name="os" value="Windows 11 64bit"/>
         <property name="katalonVersion" value="8.6.5.208"/>
         <property name="browser" value="Chrome 114.0.0.0"/>
         <property name="hostAddress" value="192.168.0.29"/>
         <property name="sessionId" value="cce12dead2a86a5861a0c443704f2e93"/>
         <property name="seleniumVersion" value="3.141.59"/>
         <property name="proxyInformation" value="ProxyInformation { proxyOption=NO_PROXY, proxyServerType=HTTP, username=, password=********, proxyServerAddress=, proxyServerPort=0, executionList=&quot;&quot;, isApplyToDesiredCapabilities=true }"/>
         <property name="platform" value="Windows 11"/>
      </properties>
      <testcase name="Test Cases/Admission/TC_54_Validate_Application_Search_Filter" time="69.884" classname="Test Cases/Admission/TC_54_Validate_Application_Search_Filter" status="PASSED">
         <system-out><![CDATA[2023-06-20 12:06:18 - [TEST_CASE][PASSED] - Test Cases/Admission/TC_54_Validate_Application_Search_Filter: Test Cases/Admission/TC_54_Validate_Application_Search_Filter

2023-06-20 12:06:18 - [TEST_STEP][PASSED] - callTestCase(findTestCase("Pre-Admission/TC_01_Validate the login"), [:], STOP_ON_FAILURE): Call Test Case 'Test Cases/Pre-Admission/TC_01_Validate the login' successfully

2023-06-20 12:06:18 - [TEST_CASE][PASSED] - Test Cases/Pre-Admission/TC_01_Validate the login: Test Cases/Pre-Admission/TC_01_Validate the login

2023-06-20 12:06:18 - [TEST_STEP][PASSED] - openBrowser(""): Browser is opened with url: ''

2023-06-20 12:06:19 - [MESSAGE][INFO] - Starting 'Chrome' driver

2023-06-20 12:06:19 - [MESSAGE][INFO] - Action delay is set to 0 milliseconds

2023-06-20 12:06:21 - [MESSAGE][PASSED] - Browser is opened with url: ''

2023-06-20 12:06:21 - [TEST_STEP][PASSED] - navigateToUrl(url): Navigate to 'https://regression1.academiaerp.com/' successfully

2023-06-20 12:06:22 - [MESSAGE][PASSED] - Navigate to 'https://regression1.academiaerp.com/' successfully

2023-06-20 12:06:22 - [TEST_STEP][PASSED] - maximizeWindow(): Current window maximized

2023-06-20 12:06:23 - [MESSAGE][PASSED] - Current window maximized

2023-06-20 12:06:23 - [TEST_STEP][PASSED] - click(findTestObject("Object Repository/preadmission/TC_01/Page_Academia/Admin_tab")): Object: 'Object Repository/preadmission/TC_01/Page_Academia/Admin_tab' is clicked on

2023-06-20 12:06:23 - [MESSAGE][PASSED] - Object: 'Object Repository/preadmission/TC_01/Page_Academia/Admin_tab' is clicked on

2023-06-20 12:06:23 - [TEST_STEP][PASSED] - CommonActions.clickOnElementAndTypeText(findTestObject("Object Repository/preadmission/TC_01/Page_Academia/input_Username  Email_email"), Username, "Username textfield"): CommonActions.clickOnElementAndTypeText is PASSED

2023-06-20 12:06:25 - [MESSAGE][PASSED] - Execute JavaScript 'arguments[0].setAttribute('style', 'border: 3px solid red;');' successfully

2023-06-20 12:06:26 - [MESSAGE][PASSED] - Delayed 1 second(s)

2023-06-20 12:06:27 - [MESSAGE][PASSED] - Delayed 1 second(s)

2023-06-20 12:06:27 - [MESSAGE][PASSED] - Keys 'CONTROL + a' sent to object: 'Object Repository/preadmission/TC_01/Page_Academia/input_Username  Email_email'

2023-06-20 12:06:28 - [MESSAGE][PASSED] - Keys 'DELETE + ' sent to object: 'Object Repository/preadmission/TC_01/Page_Academia/input_Username  Email_email'

2023-06-20 12:06:29 - [MESSAGE][PASSED] - Delayed 1 second(s)

2023-06-20 12:06:29 - [MESSAGE][PASSED] - Execute JavaScript 'arguments[0].setAttribute('style', 'border: 2px solid green;');' successfully

2023-06-20 12:06:30 - [MESSAGE][PASSED] - Delayed 1 second(s)

2023-06-20 12:06:30 - [MESSAGE][INFO] - Sent sysadminto the Username textfield

2023-06-20 12:06:30 - [MESSAGE][PASSED] - CommonActions.clickOnElementAndTypeText is PASSED

2023-06-20 12:06:30 - [TEST_STEP][PASSED] - CommonActions.clickOnElementAndTypeText(findTestObject("Object Repository/preadmission/TC_01/Page_Academia/input_Password_password"), Password, "Password textfield"): CommonActions.clickOnElementAndTypeText is PASSED

2023-06-20 12:06:31 - [MESSAGE][PASSED] - Execute JavaScript 'arguments[0].setAttribute('style', 'border: 3px solid red;');' successfully

2023-06-20 12:06:32 - [MESSAGE][PASSED] - Delayed 1 second(s)

2023-06-20 12:06:33 - [MESSAGE][PASSED] - Delayed 1 second(s)

2023-06-20 12:06:33 - [MESSAGE][PASSED] - Keys 'CONTROL + a' sent to object: 'Object Repository/preadmission/TC_01/Page_Academia/input_Password_password'

2023-06-20 12:06:34 - [MESSAGE][PASSED] - Keys 'DELETE + ' sent to object: 'Object Repository/preadmission/TC_01/Page_Academia/input_Password_password'

2023-06-20 12:06:35 - [MESSAGE][PASSED] - Delayed 1 second(s)

2023-06-20 12:06:35 - [MESSAGE][PASSED] - Execute JavaScript 'arguments[0].setAttribute('style', 'border: 2px solid green;');' successfully

2023-06-20 12:06:36 - [MESSAGE][PASSED] - Delayed 1 second(s)

2023-06-20 12:06:36 - [MESSAGE][INFO] - Sent passwordto the Password textfield

2023-06-20 12:06:36 - [MESSAGE][PASSED] - CommonActions.clickOnElementAndTypeText is PASSED

2023-06-20 12:06:36 - [TEST_STEP][PASSED] - CommonActions.elementClick(findTestObject("Object Repository/preadmission/TC_01/Page_Academia/input_Forgot password_signin"), "Sign in button"): Sign in button clicked once

2023-06-20 12:06:37 - [MESSAGE][INFO] - Clicking on Sign in button

2023-06-20 12:06:37 - [MESSAGE][PASSED] - Execute JavaScript 'arguments[0].setAttribute('style', 'border: 3px solid red;');' successfully

2023-06-20 12:06:38 - [MESSAGE][PASSED] - Delayed 1 second(s)

2023-06-20 12:06:38 - [MESSAGE][PASSED] - Sign in button clicked once

2023-06-20 12:06:38 - [TEST_STEP][PASSED] - delay(30): Delayed 30 second(s)

2023-06-20 12:07:08 - [MESSAGE][PASSED] - Delayed 30 second(s)

2023-06-20 12:07:08 - [TEST_STEP][PASSED] - CommonActions.elementPresent(findTestObject("Object Repository/preadmission/TC_01/Page_Academia/label_Administrator"), "Adminstartor portal header"): Delayed 1 second(s)

2023-06-20 12:07:08 - [MESSAGE][INFO] - Validating element present or not

2023-06-20 12:07:09 - [MESSAGE][PASSED] - Object 'Object Repository/preadmission/TC_01/Page_Academia/label_Administrator' is present

2023-06-20 12:07:09 - [MESSAGE][PASSED] - Element clicked once

2023-06-20 12:07:09 - [MESSAGE][INFO] - Adminstartor portal header is present

2023-06-20 12:07:09 - [MESSAGE][PASSED] - Execute JavaScript 'arguments[0].setAttribute('style', 'border: 2px solid green;');' successfully

2023-06-20 12:07:10 - [MESSAGE][PASSED] - Delayed 1 second(s)

2023-06-20 12:07:10 - [TEST_STEP][PASSED] - CommonActions.verifyExactElementText(findTestObject("Object Repository/preadmission/TC_01/Page_Academia/label_Administrator"), AdminPortalHeaderText, "Adminstartor portal header"): Delayed 1 second(s)

2023-06-20 12:07:11 - [MESSAGE][PASSED] - Adminstartor portal headertext is verified

2023-06-20 12:07:11 - [MESSAGE][PASSED] - Execute JavaScript 'arguments[0].setAttribute('style', 'border: 2px solid green;');' successfully

2023-06-20 12:07:12 - [MESSAGE][PASSED] - Delayed 1 second(s)

2023-06-20 12:07:12 - [MESSAGE][PASSED] - Call Test Case 'Test Cases/Pre-Admission/TC_01_Validate the login' successfully

2023-06-20 12:07:12 - [TEST_STEP][PASSED] - mouseOver(findTestObject("Object Repository/Admission/TC_01_ Pre-requisites for Admission/Admissions Tab")): Object: 'Object Repository/Admission/TC_01_ Pre-requisites for Admission/Admissions Tab' is hovered

2023-06-20 12:07:13 - [MESSAGE][PASSED] - Object: 'Object Repository/Admission/TC_01_ Pre-requisites for Admission/Admissions Tab' is hovered

2023-06-20 12:07:13 - [TEST_STEP][PASSED] - CommonActions.elementClick(findTestObject("Object Repository/Admission/TC_01_ Pre-requisites for Admission/Admissions Tab"), "Admissions tab"): Admissions tab clicked once

2023-06-20 12:07:13 - [MESSAGE][INFO] - Clicking on Admissions tab

2023-06-20 12:07:13 - [MESSAGE][PASSED] - Execute JavaScript 'arguments[0].setAttribute('style', 'border: 3px solid red;');' successfully

2023-06-20 12:07:14 - [MESSAGE][PASSED] - Delayed 1 second(s)

2023-06-20 12:07:15 - [MESSAGE][PASSED] - Admissions tab clicked once

2023-06-20 12:07:15 - [TEST_STEP][PASSED] - CommonActions.elementClick(findTestObject("Object Repository/Admission/TC_54_Validate_Application_Search_Filter/Applications"), "Application tab"): Application tab clicked once

2023-06-20 12:07:16 - [MESSAGE][INFO] - Clicking on Application tab

2023-06-20 12:07:16 - [MESSAGE][PASSED] - Execute JavaScript 'arguments[0].setAttribute('style', 'border: 3px solid red;');' successfully

2023-06-20 12:07:17 - [MESSAGE][PASSED] - Delayed 1 second(s)

2023-06-20 12:07:19 - [MESSAGE][PASSED] - Application tab clicked once

2023-06-20 12:07:19 - [TEST_STEP][PASSED] - CommonActions.elementPresent(findTestObject("Object Repository/Admission/TC_54_Validate_Application_Search_Filter/Application Tab"), "Application tab"): Delayed 1 second(s)

2023-06-20 12:07:19 - [MESSAGE][INFO] - Validating element present or not

2023-06-20 12:07:20 - [MESSAGE][PASSED] - Object 'Object Repository/Admission/TC_54_Validate_Application_Search_Filter/Application Tab' is present

2023-06-20 12:07:20 - [MESSAGE][PASSED] - Element clicked once

2023-06-20 12:07:20 - [MESSAGE][INFO] - Application tab is present

2023-06-20 12:07:20 - [MESSAGE][PASSED] - Execute JavaScript 'arguments[0].setAttribute('style', 'border: 2px solid green;');' successfully

2023-06-20 12:07:21 - [MESSAGE][PASSED] - Delayed 1 second(s)

2023-06-20 12:07:21 - [TEST_STEP][PASSED] - CommonActions.elementClick(findTestObject("Object Repository/Admission/CommonObjects/Search button"), "search button"): search button clicked once

2023-06-20 12:07:21 - [MESSAGE][INFO] - Clicking on search button

2023-06-20 12:07:22 - [MESSAGE][PASSED] - Execute JavaScript 'arguments[0].setAttribute('style', 'border: 3px solid red;');' successfully

2023-06-20 12:07:23 - [MESSAGE][PASSED] - Delayed 1 second(s)

2023-06-20 12:07:23 - [MESSAGE][PASSED] - search button clicked once

2023-06-20 12:07:23 - [TEST_STEP][PASSED] - CommonActions.elementPresent(findTestObject("Object Repository/Admission/TC_54_Validate_Application_Search_Filter/Search results header"), "Search results header"): Delayed 1 second(s)

2023-06-20 12:07:26 - [MESSAGE][INFO] - Validating element present or not

2023-06-20 12:07:26 - [MESSAGE][PASSED] - Object 'Object Repository/Admission/TC_54_Validate_Application_Search_Filter/Search results header' is present

2023-06-20 12:07:26 - [MESSAGE][PASSED] - Element clicked once

2023-06-20 12:07:26 - [MESSAGE][INFO] - Search results header is present

2023-06-20 12:07:26 - [MESSAGE][PASSED] - Execute JavaScript 'arguments[0].setAttribute('style', 'border: 2px solid green;');' successfully

2023-06-20 12:07:27 - [MESSAGE][PASSED] - Delayed 1 second(s)]]></system-out>
         <system-err><![CDATA[]]></system-err>
      </testcase>
      <testcase name="Test Cases/Admission/TC_55_Validate_Application_profile_work experiance" time="45.704" classname="Test Cases/Admission/TC_55_Validate_Application_profile_work experiance" status="PASSED">
         <system-out><![CDATA[2023-06-20 12:07:27 - [TEST_CASE][PASSED] - Test Cases/Admission/TC_55_Validate_Application_profile_work experiance: Test Cases/Admission/TC_55_Validate_Application_profile_work experiance

2023-06-20 12:07:28 - [TEST_STEP][PASSED] - CommonActions.elementClick(findTestObject("Object Repository/Admission/CommonObjects/Search button"), "search button"): search button clicked once

2023-06-20 12:07:28 - [MESSAGE][INFO] - Clicking on search button

2023-06-20 12:07:28 - [MESSAGE][PASSED] - Execute JavaScript 'arguments[0].setAttribute('style', 'border: 3px solid red;');' successfully

2023-06-20 12:07:29 - [MESSAGE][PASSED] - Delayed 1 second(s)

2023-06-20 12:07:30 - [MESSAGE][PASSED] - search button clicked once

2023-06-20 12:07:30 - [TEST_STEP][PASSED] - CommonActions.elementPresent(findTestObject("Object Repository/Admission/TC_54_Validate_Application_Search_Filter/Search results header"), "Search results header"): Delayed 1 second(s)

2023-06-20 12:07:32 - [MESSAGE][INFO] - Validating element present or not

2023-06-20 12:07:33 - [MESSAGE][PASSED] - Object 'Object Repository/Admission/TC_54_Validate_Application_Search_Filter/Search results header' is present

2023-06-20 12:07:33 - [MESSAGE][PASSED] - Element clicked once

2023-06-20 12:07:33 - [MESSAGE][INFO] - Search results header is present

2023-06-20 12:07:33 - [MESSAGE][PASSED] - Execute JavaScript 'arguments[0].setAttribute('style', 'border: 2px solid green;');' successfully

2023-06-20 12:07:34 - [MESSAGE][PASSED] - Delayed 1 second(s)

2023-06-20 12:07:34 - [TEST_STEP][PASSED] - CommonActions.elementClick(findTestObject("Object Repository/Admission/CommonObjects/Row Selection"), "First row is selected"): First row is selected clicked once

2023-06-20 12:07:34 - [MESSAGE][INFO] - Clicking on First row is selected

2023-06-20 12:07:35 - [MESSAGE][PASSED] - Execute JavaScript 'arguments[0].setAttribute('style', 'border: 3px solid red;');' successfully

2023-06-20 12:07:36 - [MESSAGE][PASSED] - Delayed 1 second(s)

2023-06-20 12:07:36 - [MESSAGE][PASSED] - First row is selected clicked once

2023-06-20 12:07:36 - [TEST_STEP][PASSED] - CommonActions.elementClick(findTestObject("Object Repository/Admission/CommonObjects/Edit Buttton"), "Edit button"): Edit button clicked once

2023-06-20 12:07:36 - [MESSAGE][INFO] - Clicking on Edit button

2023-06-20 12:07:37 - [MESSAGE][PASSED] - Execute JavaScript 'arguments[0].setAttribute('style', 'border: 3px solid red;');' successfully

2023-06-20 12:07:38 - [MESSAGE][PASSED] - Delayed 1 second(s)

2023-06-20 12:07:42 - [MESSAGE][PASSED] - Edit button clicked once

2023-06-20 12:07:42 - [TEST_STEP][PASSED] - CommonActions.elementClick(findTestObject("Object Repository/Admission/TC_55_Validate_Application_profile_work experiance/History tab"), "History"): History clicked once

2023-06-20 12:07:45 - [MESSAGE][INFO] - Clicking on History

2023-06-20 12:07:46 - [MESSAGE][PASSED] - Execute JavaScript 'arguments[0].setAttribute('style', 'border: 3px solid red;');' successfully

2023-06-20 12:07:47 - [MESSAGE][PASSED] - Delayed 1 second(s)

2023-06-20 12:07:47 - [MESSAGE][PASSED] - History clicked once

2023-06-20 12:07:47 - [TEST_STEP][PASSED] - CommonActions.elementClick(findTestObject("Object Repository/Admission/TC_55_Validate_Application_profile_work experiance/Work experience option"), "Work experience"): Work experience clicked once

2023-06-20 12:07:48 - [MESSAGE][INFO] - Clicking on Work experience

2023-06-20 12:07:48 - [MESSAGE][PASSED] - Execute JavaScript 'arguments[0].setAttribute('style', 'border: 3px solid red;');' successfully

2023-06-20 12:07:49 - [MESSAGE][PASSED] - Delayed 1 second(s)

2023-06-20 12:07:50 - [MESSAGE][PASSED] - Work experience clicked once

2023-06-20 12:07:50 - [TEST_STEP][PASSED] - CommonActions.elementClick(findTestObject("Object Repository/Admission/CommonObjects/Nested Tab Add button"), "Add button experience"): Add button experience clicked once

2023-06-20 12:07:50 - [MESSAGE][INFO] - Clicking on Add button experience

2023-06-20 12:07:51 - [MESSAGE][PASSED] - Execute JavaScript 'arguments[0].setAttribute('style', 'border: 3px solid red;');' successfully

2023-06-20 12:07:52 - [MESSAGE][PASSED] - Delayed 1 second(s)

2023-06-20 12:07:52 - [MESSAGE][PASSED] - Add button experience clicked once

2023-06-20 12:07:52 - [TEST_STEP][PASSED] - CommonActions.clickOnElementAndTypeText(findTestObject("Object Repository/Admission/TC_55_Validate_Application_profile_work experiance/Employer text field"), "Test employee", "Employer text field"): CommonActions.clickOnElementAndTypeText is PASSED

2023-06-20 12:07:53 - [MESSAGE][PASSED] - Execute JavaScript 'arguments[0].setAttribute('style', 'border: 3px solid red;');' successfully

2023-06-20 12:07:54 - [MESSAGE][PASSED] - Delayed 1 second(s)

2023-06-20 12:07:55 - [MESSAGE][PASSED] - Delayed 1 second(s)

2023-06-20 12:07:55 - [MESSAGE][PASSED] - Keys 'CONTROL + a' sent to object: 'Object Repository/Admission/TC_55_Validate_Application_profile_work experiance/Employer text field'

2023-06-20 12:07:56 - [MESSAGE][PASSED] - Keys 'DELETE + ' sent to object: 'Object Repository/Admission/TC_55_Validate_Application_profile_work experiance/Employer text field'

2023-06-20 12:07:57 - [MESSAGE][PASSED] - Delayed 1 second(s)

2023-06-20 12:07:58 - [MESSAGE][PASSED] - Execute JavaScript 'arguments[0].setAttribute('style', 'border: 2px solid green;');' successfully

2023-06-20 12:07:59 - [MESSAGE][PASSED] - Delayed 1 second(s)

2023-06-20 12:07:59 - [MESSAGE][INFO] - Sent Test employeeto the Employer text field

2023-06-20 12:07:59 - [MESSAGE][PASSED] - CommonActions.clickOnElementAndTypeText is PASSED

2023-06-20 12:07:59 - [TEST_STEP][PASSED] - CommonActions.clickOnElementAndTypeText(findTestObject("Object Repository/Admission/TC_55_Validate_Application_profile_work experiance/department text field"), "Test departnment", "Department text field"): CommonActions.clickOnElementAndTypeText is PASSED

2023-06-20 12:07:59 - [MESSAGE][PASSED] - Execute JavaScript 'arguments[0].setAttribute('style', 'border: 3px solid red;');' successfully

2023-06-20 12:08:00 - [MESSAGE][PASSED] - Delayed 1 second(s)

2023-06-20 12:08:01 - [MESSAGE][PASSED] - Delayed 1 second(s)

2023-06-20 12:08:02 - [MESSAGE][PASSED] - Keys 'CONTROL + a' sent to object: 'Object Repository/Admission/TC_55_Validate_Application_profile_work experiance/department text field'

2023-06-20 12:08:02 - [MESSAGE][PASSED] - Keys 'DELETE + ' sent to object: 'Object Repository/Admission/TC_55_Validate_Application_profile_work experiance/department text field'

2023-06-20 12:08:03 - [MESSAGE][PASSED] - Delayed 1 second(s)

2023-06-20 12:08:04 - [MESSAGE][PASSED] - Execute JavaScript 'arguments[0].setAttribute('style', 'border: 2px solid green;');' successfully

2023-06-20 12:08:05 - [MESSAGE][PASSED] - Delayed 1 second(s)

2023-06-20 12:08:05 - [MESSAGE][INFO] - Sent Test departnmentto the Department text field

2023-06-20 12:08:05 - [MESSAGE][PASSED] - CommonActions.clickOnElementAndTypeText is PASSED

2023-06-20 12:08:05 - [TEST_STEP][PASSED] - CommonActions.elementClick(findTestObject("Object Repository/Admission/TC_55_Validate_Application_profile_work experiance/Joining date"), "Joining date"): Joining date clicked once

2023-06-20 12:08:05 - [MESSAGE][INFO] - Clicking on Joining date

2023-06-20 12:08:05 - [MESSAGE][PASSED] - Execute JavaScript 'arguments[0].setAttribute('style', 'border: 3px solid red;');' successfully

2023-06-20 12:08:06 - [MESSAGE][PASSED] - Delayed 1 second(s)

2023-06-20 12:08:06 - [MESSAGE][PASSED] - Joining date clicked once

2023-06-20 12:08:06 - [TEST_STEP][PASSED] - CommonActions.elementClick(findTestObject("Object Repository/Admission/CommonObjects/Today button calendar"), "Today button calendar"): Today button calendar clicked once

2023-06-20 12:08:07 - [MESSAGE][INFO] - Clicking on Today button calendar

2023-06-20 12:08:07 - [MESSAGE][PASSED] - Execute JavaScript 'arguments[0].setAttribute('style', 'border: 3px solid red;');' successfully

2023-06-20 12:08:08 - [MESSAGE][PASSED] - Delayed 1 second(s)

2023-06-20 12:08:08 - [MESSAGE][PASSED] - Today button calendar clicked once

2023-06-20 12:08:08 - [TEST_STEP][PASSED] - CommonActions.elementClick(findTestObject("Object Repository/Admission/CommonObjects/Submit Button Floating Window"), "Save experience"): Save experience clicked once

2023-06-20 12:08:09 - [MESSAGE][INFO] - Clicking on Save experience

2023-06-20 12:08:09 - [MESSAGE][PASSED] - Execute JavaScript 'arguments[0].setAttribute('style', 'border: 3px solid red;');' successfully

2023-06-20 12:08:10 - [MESSAGE][PASSED] - Delayed 1 second(s)

2023-06-20 12:08:10 - [MESSAGE][PASSED] - Save experience clicked once

2023-06-20 12:08:10 - [TEST_STEP][PASSED] - CommonActions.elementPresent(findTestObject("Object Repository/Admission/CommonObjects/Successful alert"), "Saved work experience"): Delayed 1 second(s)

2023-06-20 12:08:11 - [MESSAGE][INFO] - Validating element present or not

2023-06-20 12:08:12 - [MESSAGE][PASSED] - Object 'Object Repository/Admission/CommonObjects/Successful alert' is present

2023-06-20 12:08:12 - [MESSAGE][PASSED] - Element clicked once

2023-06-20 12:08:12 - [MESSAGE][INFO] - Saved work experience is present

2023-06-20 12:08:12 - [MESSAGE][PASSED] - Execute JavaScript 'arguments[0].setAttribute('style', 'border: 2px solid green;');' successfully

2023-06-20 12:08:13 - [MESSAGE][PASSED] - Delayed 1 second(s)]]></system-out>
         <system-err><![CDATA[]]></system-err>
      </testcase>
      <testcase name="Test Cases/Admission/TC_56_Verified_Edit_Work profile" time="16.092" classname="Test Cases/Admission/TC_56_Verified_Edit_Work profile" status="PASSED">
         <system-out><![CDATA[2023-06-20 12:08:13 - [TEST_CASE][PASSED] - Test Cases/Admission/TC_56_Verified_Edit_Work profile: Test Cases/Admission/TC_56_Verified_Edit_Work profile

2023-06-20 12:08:13 - [TEST_STEP][PASSED] - CommonActions.selectLastRow(findTestObject("Object Repository/Admission/CommonObjects/Tab rows list nested")): CommonActions.selectLastRow is PASSED

2023-06-20 12:08:16 - [MESSAGE][PASSED] - Delayed 2 second(s)

2023-06-20 12:08:16 - [MESSAGE][PASSED] - CommonActions.selectLastRow is PASSED

2023-06-20 12:08:16 - [TEST_STEP][PASSED] - CommonActions.elementClick(findTestObject("Object Repository/Admission/CommonObjects/Nested Edit button"), "Edit button"): Edit button clicked once

2023-06-20 12:08:16 - [MESSAGE][INFO] - Clicking on Edit button

2023-06-20 12:08:17 - [MESSAGE][PASSED] - Execute JavaScript 'arguments[0].setAttribute('style', 'border: 3px solid red;');' successfully

2023-06-20 12:08:18 - [MESSAGE][PASSED] - Delayed 1 second(s)

2023-06-20 12:08:18 - [MESSAGE][PASSED] - Edit button clicked once

2023-06-20 12:08:18 - [TEST_STEP][PASSED] - CommonActions.clickOnElementAndTypeText(findTestObject("Object Repository/Admission/TC_56_Edit_Work profile/Job profile"), "Test job", "Job profilen field"): CommonActions.clickOnElementAndTypeText is PASSED

2023-06-20 12:08:19 - [MESSAGE][PASSED] - Execute JavaScript 'arguments[0].setAttribute('style', 'border: 3px solid red;');' successfully

2023-06-20 12:08:20 - [MESSAGE][PASSED] - Delayed 1 second(s)

2023-06-20 12:08:21 - [MESSAGE][PASSED] - Delayed 1 second(s)

2023-06-20 12:08:22 - [MESSAGE][PASSED] - Keys 'CONTROL + a' sent to object: 'Object Repository/Admission/TC_56_Edit_Work profile/Job profile'

2023-06-20 12:08:22 - [MESSAGE][PASSED] - Keys 'DELETE + ' sent to object: 'Object Repository/Admission/TC_56_Edit_Work profile/Job profile'

2023-06-20 12:08:23 - [MESSAGE][PASSED] - Delayed 1 second(s)

2023-06-20 12:08:23 - [MESSAGE][PASSED] - Execute JavaScript 'arguments[0].setAttribute('style', 'border: 2px solid green;');' successfully

2023-06-20 12:08:24 - [MESSAGE][PASSED] - Delayed 1 second(s)

2023-06-20 12:08:24 - [MESSAGE][INFO] - Sent Test jobto the Job profilen field

2023-06-20 12:08:24 - [MESSAGE][PASSED] - CommonActions.clickOnElementAndTypeText is PASSED

2023-06-20 12:08:24 - [TEST_STEP][PASSED] - CommonActions.elementClick(findTestObject("Object Repository/Admission/CommonObjects/Submit Button Floating Window"), "Save experience"): Save experience clicked once

2023-06-20 12:08:25 - [MESSAGE][INFO] - Clicking on Save experience

2023-06-20 12:08:25 - [MESSAGE][PASSED] - Execute JavaScript 'arguments[0].setAttribute('style', 'border: 3px solid red;');' successfully

2023-06-20 12:08:26 - [MESSAGE][PASSED] - Delayed 1 second(s)

2023-06-20 12:08:27 - [MESSAGE][PASSED] - Save experience clicked once

2023-06-20 12:08:27 - [TEST_STEP][PASSED] - CommonActions.elementPresent(findTestObject("Object Repository/Admission/CommonObjects/Successful alert"), "Saved work experience"): Delayed 1 second(s)

2023-06-20 12:08:28 - [MESSAGE][INFO] - Validating element present or not

2023-06-20 12:08:28 - [MESSAGE][PASSED] - Object 'Object Repository/Admission/CommonObjects/Successful alert' is present

2023-06-20 12:08:28 - [MESSAGE][PASSED] - Element clicked once

2023-06-20 12:08:28 - [MESSAGE][INFO] - Saved work experience is present

2023-06-20 12:08:28 - [MESSAGE][PASSED] - Execute JavaScript 'arguments[0].setAttribute('style', 'border: 2px solid green;');' successfully

2023-06-20 12:08:29 - [MESSAGE][PASSED] - Delayed 1 second(s)]]></system-out>
         <system-err><![CDATA[]]></system-err>
      </testcase>
      <testcase name="Test Cases/Admission/TC_57_Verified_view_Profile" time="9.644" classname="Test Cases/Admission/TC_57_Verified_view_Profile" status="PASSED">
         <system-out><![CDATA[2023-06-20 12:08:29 - [TEST_CASE][PASSED] - Test Cases/Admission/TC_57_Verified_view_Profile: Test Cases/Admission/TC_57_Verified_view_Profile

2023-06-20 12:08:30 - [TEST_STEP][PASSED] - CommonActions.selectLastRow(findTestObject("Object Repository/Admission/CommonObjects/Tab rows list nested")): CommonActions.selectLastRow is PASSED

2023-06-20 12:08:32 - [MESSAGE][PASSED] - Delayed 2 second(s)

2023-06-20 12:08:32 - [MESSAGE][PASSED] - CommonActions.selectLastRow is PASSED

2023-06-20 12:08:32 - [TEST_STEP][PASSED] - CommonActions.elementClick(findTestObject("Object Repository/Admission/CommonObjects/Nested view button"), "View button"): View button clicked once

2023-06-20 12:08:32 - [MESSAGE][INFO] - Clicking on View button

2023-06-20 12:08:33 - [MESSAGE][PASSED] - Execute JavaScript 'arguments[0].setAttribute('style', 'border: 3px solid red;');' successfully

2023-06-20 12:08:34 - [MESSAGE][PASSED] - Delayed 1 second(s)

2023-06-20 12:08:34 - [MESSAGE][PASSED] - View button clicked once

2023-06-20 12:08:34 - [TEST_STEP][PASSED] - CommonActions.elementPresent(findTestObject("Object Repository/Admission/TC_57_Verified_view_Profile/Work experience edit header"), "Edit header"): Delayed 1 second(s)

2023-06-20 12:08:35 - [MESSAGE][INFO] - Validating element present or not

2023-06-20 12:08:36 - [MESSAGE][PASSED] - Object 'Object Repository/Admission/TC_57_Verified_view_Profile/Work experience edit header' is present

2023-06-20 12:08:36 - [MESSAGE][PASSED] - Element clicked once

2023-06-20 12:08:36 - [MESSAGE][INFO] - Edit header is present

2023-06-20 12:08:36 - [MESSAGE][PASSED] - Execute JavaScript 'arguments[0].setAttribute('style', 'border: 2px solid green;');' successfully

2023-06-20 12:08:37 - [MESSAGE][PASSED] - Delayed 1 second(s)

2023-06-20 12:08:37 - [TEST_STEP][PASSED] - CommonActions.elementClick(findTestObject("Object Repository/Admission/CommonObjects/Cancel button floating window"), "Cancel button floting window"): Cancel button floting window clicked once

2023-06-20 12:08:37 - [MESSAGE][INFO] - Clicking on Cancel button floting window

2023-06-20 12:08:38 - [MESSAGE][PASSED] - Execute JavaScript 'arguments[0].setAttribute('style', 'border: 3px solid red;');' successfully

2023-06-20 12:08:39 - [MESSAGE][PASSED] - Delayed 1 second(s)

2023-06-20 12:08:39 - [MESSAGE][PASSED] - Cancel button floting window clicked once]]></system-out>
         <system-err><![CDATA[]]></system-err>
      </testcase>
      <testcase name="Test Cases/Admission/TC_58_Verified_delete_work_profile" time="9.661" classname="Test Cases/Admission/TC_58_Verified_delete_work_profile" status="PASSED">
         <system-out><![CDATA[2023-06-20 12:08:39 - [TEST_CASE][PASSED] - Test Cases/Admission/TC_58_Verified_delete_work_profile: Test Cases/Admission/TC_58_Verified_delete_work_profile

2023-06-20 12:08:39 - [TEST_STEP][PASSED] - CommonActions.selectLastRow(findTestObject("Object Repository/Admission/CommonObjects/Tab rows list nested")): CommonActions.selectLastRow is PASSED

2023-06-20 12:08:42 - [MESSAGE][PASSED] - Delayed 2 second(s)

2023-06-20 12:08:42 - [MESSAGE][PASSED] - CommonActions.selectLastRow is PASSED

2023-06-20 12:08:42 - [TEST_STEP][PASSED] - CommonActions.elementClick(findTestObject("Object Repository/Admission/CommonObjects/Nested tab delete button"), "Delete button"): Delete button clicked once

2023-06-20 12:08:42 - [MESSAGE][INFO] - Clicking on Delete button

2023-06-20 12:08:43 - [MESSAGE][PASSED] - Execute JavaScript 'arguments[0].setAttribute('style', 'border: 3px solid red;');' successfully

2023-06-20 12:08:44 - [MESSAGE][PASSED] - Delayed 1 second(s)

2023-06-20 12:08:44 - [MESSAGE][PASSED] - Delete button clicked once

2023-06-20 12:08:44 - [TEST_STEP][PASSED] - CommonActions.elementClick(findTestObject("Object Repository/Admission/CommonObjects/yes button alert"), "yes button delete"): yes button delete clicked once

2023-06-20 12:08:45 - [MESSAGE][INFO] - Clicking on yes button delete

2023-06-20 12:08:45 - [MESSAGE][PASSED] - Execute JavaScript 'arguments[0].setAttribute('style', 'border: 3px solid red;');' successfully

2023-06-20 12:08:46 - [MESSAGE][PASSED] - Delayed 1 second(s)

2023-06-20 12:08:46 - [MESSAGE][PASSED] - yes button delete clicked once

2023-06-20 12:08:46 - [TEST_STEP][PASSED] - CommonActions.elementPresent(findTestObject("Object Repository/Admission/CommonObjects/Successful alert"), "Saved work experience"): Delayed 1 second(s)

2023-06-20 12:08:47 - [MESSAGE][INFO] - Validating element present or not

2023-06-20 12:08:47 - [MESSAGE][PASSED] - Object 'Object Repository/Admission/CommonObjects/Successful alert' is present

2023-06-20 12:08:47 - [MESSAGE][PASSED] - Element clicked once

2023-06-20 12:08:47 - [MESSAGE][INFO] - Saved work experience is present

2023-06-20 12:08:48 - [MESSAGE][PASSED] - Execute JavaScript 'arguments[0].setAttribute('style', 'border: 2px solid green;');' successfully

2023-06-20 12:08:49 - [MESSAGE][PASSED] - Delayed 1 second(s)]]></system-out>
         <system-err><![CDATA[]]></system-err>
      </testcase>
      <testcase name="Test Cases/Admission/TC__59Verified_Edit_with out_select_Record" time="4.697" classname="Test Cases/Admission/TC__59Verified_Edit_with out_select_Record" status="PASSED">
         <system-out><![CDATA[2023-06-20 12:08:49 - [TEST_CASE][PASSED] - Test Cases/Admission/TC__59Verified_Edit_with out_select_Record: Test Cases/Admission/TC__59Verified_Edit_with out_select_Record

2023-06-20 12:08:49 - [TEST_STEP][PASSED] - CommonActions.elementClick(findTestObject("Object Repository/Admission/CommonObjects/Nested Edit button"), "Edit button"): Edit button clicked once

2023-06-20 12:08:49 - [MESSAGE][INFO] - Clicking on Edit button

2023-06-20 12:08:50 - [MESSAGE][PASSED] - Execute JavaScript 'arguments[0].setAttribute('style', 'border: 3px solid red;');' successfully

2023-06-20 12:08:51 - [MESSAGE][PASSED] - Delayed 1 second(s)

2023-06-20 12:08:51 - [MESSAGE][PASSED] - Edit button clicked once

2023-06-20 12:08:51 - [TEST_STEP][PASSED] - CommonActions.elementPresent(findTestObject("Object Repository/Admission/CommonObjects/Pleaase select reocrd alert"), "Please select record alert"): Delayed 1 second(s)

2023-06-20 12:08:52 - [MESSAGE][INFO] - Validating element present or not

2023-06-20 12:08:52 - [MESSAGE][PASSED] - Object 'Object Repository/Admission/CommonObjects/Pleaase select reocrd alert' is present

2023-06-20 12:08:52 - [MESSAGE][PASSED] - Element clicked once

2023-06-20 12:08:52 - [MESSAGE][INFO] - Please select record alert is present

2023-06-20 12:08:52 - [MESSAGE][PASSED] - Execute JavaScript 'arguments[0].setAttribute('style', 'border: 2px solid green;');' successfully

2023-06-20 12:08:53 - [MESSAGE][PASSED] - Delayed 1 second(s)]]></system-out>
         <system-err><![CDATA[]]></system-err>
      </testcase>
      <system-out><![CDATA[2023-06-20 12:06:17 - [TEST_SUITE][PASSED] - Demo Admission test suite: Test Cases/Admission/TC__59Verified_Edit_with out_select_Record]]></system-out>
      <system-err><![CDATA[]]></system-err>
   </testsuite>
</testsuites>
