<?xml version="1.0" encoding="UTF-8"?>
<testsuites name="Admission Test suite" time="139.03" tests="2" failures="0" errors="0">
   <testsuite name="Admission Test suite" tests="2" failures="0" errors="0" time="139.03" skipped="0" timestamp="2023-06-14 18:12:29" hostname="Laxman Jagarlamud - LAPTOP-LNCQBP1R" id="Test Suites/Admission Test suite">
      <properties>
         <property name="deviceName" value=""/>
         <property name="devicePlatform" value=""/>
         <property name="logFolder" value="C:\\Users\\Laxman Jagarlamud\\git\\qa-automation-regression-ui\\Reports\\20230614_181221\\Admission Test suite\\20230614_181221"/>
         <property name="logFiles" value="C:\\Users\\Laxman Jagarlamud\\git\\qa-automation-regression-ui\\Reports\\20230614_181221\\Admission Test suite\\20230614_181221\\execution0.log"/>
         <property name="attachments" value=""/>
         <property name="hostName" value="Laxman Jagarlamud - LAPTOP-LNCQBP1R"/>
         <property name="os" value="Windows 11 64bit"/>
         <property name="katalonVersion" value="8.6.5.208"/>
         <property name="browser" value="Chrome 114.0.0.0"/>
         <property name="hostAddress" value="192.168.0.29"/>
         <property name="sessionId" value="cddc22c88607e9b7c54c3032502dc691"/>
         <property name="seleniumVersion" value="3.141.59"/>
         <property name="proxyInformation" value="ProxyInformation { proxyOption=NO_PROXY, proxyServerType=HTTP, username=, password=********, proxyServerAddress=, proxyServerPort=0, executionList=&quot;&quot;, isApplyToDesiredCapabilities=true }"/>
         <property name="platform" value="Windows 11"/>
      </properties>
      <testcase name="Test Cases/Pre-Admission/TC_01_Validate the login" time="54.521" classname="Test Cases/Pre-Admission/TC_01_Validate the login" status="PASSED">
         <system-out><![CDATA[2023-06-14 18:12:30 - [TEST_CASE][PASSED] - Test Cases/Pre-Admission/TC_01_Validate the login: Test Cases/Pre-Admission/TC_01_Validate the login

2023-06-14 18:12:30 - [TEST_STEP][PASSED] - openBrowser(""): Browser is opened with url: ''

2023-06-14 18:12:30 - [MESSAGE][INFO] - Starting 'Chrome' driver

2023-06-14 18:12:30 - [MESSAGE][INFO] - Action delay is set to 0 milliseconds

2023-06-14 18:12:33 - [MESSAGE][PASSED] - Browser is opened with url: ''

2023-06-14 18:12:33 - [TEST_STEP][PASSED] - navigateToUrl(url): Navigate to 'https://regression1.academiaerp.com/' successfully

2023-06-14 18:12:35 - [MESSAGE][PASSED] - Navigate to 'https://regression1.academiaerp.com/' successfully

2023-06-14 18:12:35 - [TEST_STEP][PASSED] - maximizeWindow(): Current window maximized

2023-06-14 18:12:35 - [MESSAGE][PASSED] - Current window maximized

2023-06-14 18:12:35 - [TEST_STEP][PASSED] - click(findTestObject("Object Repository/preadmission/TC_01/Page_Academia/Admin_tab")): Object: 'Object Repository/preadmission/TC_01/Page_Academia/Admin_tab' is clicked on

2023-06-14 18:12:35 - [MESSAGE][PASSED] - Object: 'Object Repository/preadmission/TC_01/Page_Academia/Admin_tab' is clicked on

2023-06-14 18:12:35 - [TEST_STEP][PASSED] - CommonActions.clickOnElementAndTypeText(findTestObject("Object Repository/preadmission/TC_01/Page_Academia/input_Username  Email_email"), Username, "Username textfield"): CommonActions.clickOnElementAndTypeText is PASSED

2023-06-14 18:12:36 - [MESSAGE][PASSED] - Execute JavaScript 'arguments[0].setAttribute('style', 'border: 3px solid red;');' successfully

2023-06-14 18:12:37 - [MESSAGE][PASSED] - Delayed 1 second(s)

2023-06-14 18:12:38 - [MESSAGE][PASSED] - Delayed 1 second(s)

2023-06-14 18:12:39 - [MESSAGE][PASSED] - Keys 'CONTROL + a' sent to object: 'Object Repository/preadmission/TC_01/Page_Academia/input_Username  Email_email'

2023-06-14 18:12:40 - [MESSAGE][PASSED] - Keys 'DELETE + ' sent to object: 'Object Repository/preadmission/TC_01/Page_Academia/input_Username  Email_email'

2023-06-14 18:12:41 - [MESSAGE][PASSED] - Delayed 1 second(s)

2023-06-14 18:12:41 - [MESSAGE][PASSED] - Execute JavaScript 'arguments[0].setAttribute('style', 'border: 2px solid green;');' successfully

2023-06-14 18:12:42 - [MESSAGE][PASSED] - Delayed 1 second(s)

2023-06-14 18:12:42 - [MESSAGE][INFO] - Sent sysadminto the Username textfield

2023-06-14 18:12:42 - [MESSAGE][PASSED] - CommonActions.clickOnElementAndTypeText is PASSED

2023-06-14 18:12:42 - [TEST_STEP][PASSED] - CommonActions.clickOnElementAndTypeText(findTestObject("Object Repository/preadmission/TC_01/Page_Academia/input_Password_password"), Password, "Password textfield"): CommonActions.clickOnElementAndTypeText is PASSED

2023-06-14 18:12:43 - [MESSAGE][PASSED] - Execute JavaScript 'arguments[0].setAttribute('style', 'border: 3px solid red;');' successfully

2023-06-14 18:12:44 - [MESSAGE][PASSED] - Delayed 1 second(s)

2023-06-14 18:12:45 - [MESSAGE][PASSED] - Delayed 1 second(s)

2023-06-14 18:12:45 - [MESSAGE][PASSED] - Keys 'CONTROL + a' sent to object: 'Object Repository/preadmission/TC_01/Page_Academia/input_Password_password'

2023-06-14 18:12:46 - [MESSAGE][PASSED] - Keys 'DELETE + ' sent to object: 'Object Repository/preadmission/TC_01/Page_Academia/input_Password_password'

2023-06-14 18:12:47 - [MESSAGE][PASSED] - Delayed 1 second(s)

2023-06-14 18:12:47 - [MESSAGE][PASSED] - Execute JavaScript 'arguments[0].setAttribute('style', 'border: 2px solid green;');' successfully

2023-06-14 18:12:48 - [MESSAGE][PASSED] - Delayed 1 second(s)

2023-06-14 18:12:48 - [MESSAGE][INFO] - Sent passwordto the Password textfield

2023-06-14 18:12:48 - [MESSAGE][PASSED] - CommonActions.clickOnElementAndTypeText is PASSED

2023-06-14 18:12:48 - [TEST_STEP][PASSED] - CommonActions.elementClick(findTestObject("Object Repository/preadmission/TC_01/Page_Academia/input_Forgot password_signin"), "Sign in button"): Sign in button clicked once

2023-06-14 18:12:49 - [MESSAGE][INFO] - Clicking on Sign in button

2023-06-14 18:12:49 - [MESSAGE][PASSED] - Execute JavaScript 'arguments[0].setAttribute('style', 'border: 3px solid red;');' successfully

2023-06-14 18:12:50 - [MESSAGE][PASSED] - Delayed 1 second(s)

2023-06-14 18:12:50 - [MESSAGE][PASSED] - Sign in button clicked once

2023-06-14 18:12:50 - [TEST_STEP][PASSED] - delay(30): Delayed 30 second(s)

2023-06-14 18:13:20 - [MESSAGE][PASSED] - Delayed 30 second(s)

2023-06-14 18:13:20 - [TEST_STEP][PASSED] - CommonActions.elementPresent(findTestObject("Object Repository/preadmission/TC_01/Page_Academia/label_Administrator"), "Adminstartor portal header"): Delayed 1 second(s)

2023-06-14 18:13:20 - [MESSAGE][INFO] - Validating element present or not

2023-06-14 18:13:21 - [MESSAGE][PASSED] - Object 'Object Repository/preadmission/TC_01/Page_Academia/label_Administrator' is present

2023-06-14 18:13:21 - [MESSAGE][PASSED] - Element clicked once

2023-06-14 18:13:21 - [MESSAGE][INFO] - Adminstartor portal header is present

2023-06-14 18:13:21 - [MESSAGE][PASSED] - Execute JavaScript 'arguments[0].setAttribute('style', 'border: 2px solid green;');' successfully

2023-06-14 18:13:22 - [MESSAGE][PASSED] - Delayed 1 second(s)

2023-06-14 18:13:22 - [TEST_STEP][PASSED] - CommonActions.verifyExactElementText(findTestObject("Object Repository/preadmission/TC_01/Page_Academia/label_Administrator"), AdminPortalHeaderText, "Adminstartor portal header"): Delayed 1 second(s)

2023-06-14 18:13:23 - [MESSAGE][PASSED] - Adminstartor portal headertext is verified

2023-06-14 18:13:23 - [MESSAGE][PASSED] - Execute JavaScript 'arguments[0].setAttribute('style', 'border: 2px solid green;');' successfully

2023-06-14 18:13:24 - [MESSAGE][PASSED] - Delayed 1 second(s)]]></system-out>
         <system-err><![CDATA[]]></system-err>
      </testcase>
      <testcase name="Test Cases/Admission/TC_27_Verified_Add Evalation paramaters(writeen)" time="84.207" classname="Test Cases/Admission/TC_27_Verified_Add Evalation paramaters(writeen)" status="PASSED">
         <system-out><![CDATA[2023-06-14 18:13:24 - [TEST_CASE][PASSED] - Test Cases/Admission/TC_27_Verified_Add Evalation paramaters(writeen): Test Cases/Admission/TC_27_Verified_Add Evalation paramaters(writeen)

2023-06-14 18:13:25 - [TEST_STEP][PASSED] - mouseOver(findTestObject("Object Repository/Admission/TC_01_ Pre-requisites for Admission/Admissions Tab")): Object: 'Object Repository/Admission/TC_01_ Pre-requisites for Admission/Admissions Tab' is hovered

2023-06-14 18:13:25 - [MESSAGE][PASSED] - Object: 'Object Repository/Admission/TC_01_ Pre-requisites for Admission/Admissions Tab' is hovered

2023-06-14 18:13:25 - [TEST_STEP][PASSED] - CommonActions.elementClick(findTestObject("Object Repository/Admission/TC_01_ Pre-requisites for Admission/Admissions Tab"), "Admissions tab"): Admissions tab clicked once

2023-06-14 18:13:26 - [MESSAGE][INFO] - Clicking on Admissions tab

2023-06-14 18:13:26 - [MESSAGE][PASSED] - Execute JavaScript 'arguments[0].setAttribute('style', 'border: 3px solid red;');' successfully

2023-06-14 18:13:27 - [MESSAGE][PASSED] - Delayed 1 second(s)

2023-06-14 18:13:27 - [MESSAGE][PASSED] - Admissions tab clicked once

2023-06-14 18:13:27 - [TEST_STEP][PASSED] - delay(2): Delayed 2 second(s)

2023-06-14 18:13:29 - [MESSAGE][PASSED] - Delayed 2 second(s)

2023-06-14 18:13:29 - [TEST_STEP][PASSED] - CommonActions.elementClick(findTestObject("Object Repository/Admission/TC_01_ Pre-requisites for Admission/Assesment process"), "Assesment process"): Assesment process clicked once

2023-06-14 18:13:30 - [MESSAGE][INFO] - Clicking on Assesment process

2023-06-14 18:13:30 - [MESSAGE][PASSED] - Execute JavaScript 'arguments[0].setAttribute('style', 'border: 3px solid red;');' successfully

2023-06-14 18:13:31 - [MESSAGE][PASSED] - Delayed 1 second(s)

2023-06-14 18:13:32 - [MESSAGE][PASSED] - Assesment process clicked once

2023-06-14 18:13:32 - [TEST_STEP][PASSED] - CommonActions.elementClick(findTestObject("Object Repository/Admission/CommonObjects/Add button"), "Add button"): Add button clicked once

2023-06-14 18:13:32 - [MESSAGE][INFO] - Clicking on Add button

2023-06-14 18:13:33 - [MESSAGE][PASSED] - Execute JavaScript 'arguments[0].setAttribute('style', 'border: 3px solid red;');' successfully

2023-06-14 18:13:34 - [MESSAGE][PASSED] - Delayed 1 second(s)

2023-06-14 18:13:35 - [MESSAGE][PASSED] - Add button clicked once

2023-06-14 18:13:35 - [TEST_STEP][PASSED] - AssesmentProcessNameWithStage = CommonActions.randomNameGenerator(): CommonActions.randomNameGenerator is PASSED

2023-06-14 18:13:35 - [MESSAGE][PASSED] - CommonActions.randomNameGenerator is PASSED

2023-06-14 18:13:35 - [TEST_STEP][PASSED] - out.println(AssesmentProcessNameWithStage): null

2023-06-14 18:13:35 - [TEST_STEP][PASSED] - CommonActions.clickOnElementAndTypeText(findTestObject("Object Repository/Admission/TC_01_ Pre-requisites for Admission/Assesement process name"), AssesmentProcessNameWithStage, "Asssement name field"): CommonActions.clickOnElementAndTypeText is PASSED

2023-06-14 18:13:36 - [MESSAGE][PASSED] - Execute JavaScript 'arguments[0].setAttribute('style', 'border: 3px solid red;');' successfully

2023-06-14 18:13:37 - [MESSAGE][PASSED] - Delayed 1 second(s)

2023-06-14 18:13:38 - [MESSAGE][PASSED] - Delayed 1 second(s)

2023-06-14 18:13:38 - [MESSAGE][PASSED] - Keys 'CONTROL + a' sent to object: 'Object Repository/Admission/TC_01_ Pre-requisites for Admission/Assesement process name'

2023-06-14 18:13:39 - [MESSAGE][PASSED] - Keys 'DELETE + ' sent to object: 'Object Repository/Admission/TC_01_ Pre-requisites for Admission/Assesement process name'

2023-06-14 18:13:40 - [MESSAGE][PASSED] - Delayed 1 second(s)

2023-06-14 18:13:40 - [MESSAGE][PASSED] - Execute JavaScript 'arguments[0].setAttribute('style', 'border: 2px solid green;');' successfully

2023-06-14 18:13:41 - [MESSAGE][PASSED] - Delayed 1 second(s)

2023-06-14 18:13:41 - [MESSAGE][INFO] - Sent AutomationxIXGfCto the Asssement name field

2023-06-14 18:13:41 - [MESSAGE][PASSED] - CommonActions.clickOnElementAndTypeText is PASSED

2023-06-14 18:13:41 - [TEST_STEP][PASSED] - CommonActions.elementClick(findTestObject("Object Repository/Admission/TC_01_ Pre-requisites for Admission/Assesment process dropdown"), "Assesment process dropdown"): Assesment process dropdown clicked once

2023-06-14 18:13:42 - [MESSAGE][INFO] - Clicking on Assesment process dropdown

2023-06-14 18:13:42 - [MESSAGE][PASSED] - Execute JavaScript 'arguments[0].setAttribute('style', 'border: 3px solid red;');' successfully

2023-06-14 18:13:43 - [MESSAGE][PASSED] - Delayed 1 second(s)

2023-06-14 18:13:43 - [MESSAGE][PASSED] - Assesment process dropdown clicked once

2023-06-14 18:13:43 - [TEST_STEP][PASSED] - CommonActions.elementClick(findTestObject("Object Repository/Admission/TC_01_ Pre-requisites for Admission/Admission option"), "Admission option"): Admission option clicked once

2023-06-14 18:13:44 - [MESSAGE][INFO] - Clicking on Admission option

2023-06-14 18:13:44 - [MESSAGE][PASSED] - Execute JavaScript 'arguments[0].setAttribute('style', 'border: 3px solid red;');' successfully

2023-06-14 18:13:45 - [MESSAGE][PASSED] - Delayed 1 second(s)

2023-06-14 18:13:45 - [MESSAGE][PASSED] - Admission option clicked once

2023-06-14 18:13:45 - [TEST_STEP][PASSED] - CommonActions.elementClick(findTestObject("Object Repository/Admission/CommonObjects/Save button"), "Save button"): Save button clicked once

2023-06-14 18:13:46 - [MESSAGE][INFO] - Clicking on Save button

2023-06-14 18:13:46 - [MESSAGE][PASSED] - Execute JavaScript 'arguments[0].setAttribute('style', 'border: 3px solid red;');' successfully

2023-06-14 18:13:47 - [MESSAGE][PASSED] - Delayed 1 second(s)

2023-06-14 18:13:47 - [MESSAGE][PASSED] - Save button clicked once

2023-06-14 18:13:47 - [TEST_STEP][PASSED] - CommonActions.elementPresent(findTestObject("Object Repository/Admission/TC_01_ Pre-requisites for Admission/Record added alert"), "Assesment name added alert"): Delayed 1 second(s)

2023-06-14 18:13:48 - [MESSAGE][INFO] - Validating element present or not

2023-06-14 18:13:48 - [MESSAGE][PASSED] - Object 'Object Repository/Admission/TC_01_ Pre-requisites for Admission/Record added alert' is present

2023-06-14 18:13:48 - [MESSAGE][PASSED] - Element clicked once

2023-06-14 18:13:48 - [MESSAGE][INFO] - Assesment name added alert is present

2023-06-14 18:13:49 - [MESSAGE][PASSED] - Execute JavaScript 'arguments[0].setAttribute('style', 'border: 2px solid green;');' successfully

2023-06-14 18:13:50 - [MESSAGE][PASSED] - Delayed 1 second(s)

2023-06-14 18:13:50 - [TEST_STEP][PASSED] - CommonActions.selectLastRow(findTestObject("Object Repository/Admission/TC_20_Verified_Edit_selection process/List of Assesment")): CommonActions.selectLastRow is PASSED

2023-06-14 18:13:52 - [MESSAGE][PASSED] - Delayed 2 second(s)

2023-06-14 18:13:52 - [MESSAGE][PASSED] - CommonActions.selectLastRow is PASSED

2023-06-14 18:13:52 - [TEST_STEP][PASSED] - CommonActions.elementClick(findTestObject("Object Repository/Admission/CommonObjects/Edit Buttton"), "Edit last row"): Edit last row clicked once

2023-06-14 18:13:52 - [MESSAGE][INFO] - Clicking on Edit last row

2023-06-14 18:13:53 - [MESSAGE][PASSED] - Execute JavaScript 'arguments[0].setAttribute('style', 'border: 3px solid red;');' successfully

2023-06-14 18:13:54 - [MESSAGE][PASSED] - Delayed 1 second(s)

2023-06-14 18:13:55 - [MESSAGE][PASSED] - Edit last row clicked once

2023-06-14 18:13:55 - [TEST_STEP][PASSED] - CommonActions.elementClick(findTestObject("Object Repository/Admission/CommonObjects/Nested Tab Add button"), "Add button"): Add button clicked once

2023-06-14 18:13:56 - [MESSAGE][INFO] - Clicking on Add button

2023-06-14 18:13:56 - [MESSAGE][PASSED] - Execute JavaScript 'arguments[0].setAttribute('style', 'border: 3px solid red;');' successfully

2023-06-14 18:13:57 - [MESSAGE][PASSED] - Delayed 1 second(s)

2023-06-14 18:13:58 - [MESSAGE][PASSED] - Add button clicked once

2023-06-14 18:13:58 - [TEST_STEP][PASSED] - CommonActions.clickOnElementAndTypeText(findTestObject("Object Repository/Admission/TC_37_Pre-requisites Assesment process creation with Stage/Stage ID dropdown"), "Assessment Stage", "Stage Dropdowm"): CommonActions.clickOnElementAndTypeText is PASSED

2023-06-14 18:13:58 - [MESSAGE][PASSED] - Execute JavaScript 'arguments[0].setAttribute('style', 'border: 3px solid red;');' successfully

2023-06-14 18:13:59 - [MESSAGE][PASSED] - Delayed 1 second(s)

2023-06-14 18:14:00 - [MESSAGE][PASSED] - Delayed 1 second(s)

2023-06-14 18:14:01 - [MESSAGE][PASSED] - Keys 'CONTROL + a' sent to object: 'Object Repository/Admission/TC_37_Pre-requisites Assesment process creation with Stage/Stage ID dropdown'

2023-06-14 18:14:01 - [MESSAGE][PASSED] - Keys 'DELETE + ' sent to object: 'Object Repository/Admission/TC_37_Pre-requisites Assesment process creation with Stage/Stage ID dropdown'

2023-06-14 18:14:02 - [MESSAGE][PASSED] - Delayed 1 second(s)

2023-06-14 18:14:03 - [MESSAGE][PASSED] - Execute JavaScript 'arguments[0].setAttribute('style', 'border: 2px solid green;');' successfully

2023-06-14 18:14:04 - [MESSAGE][PASSED] - Delayed 1 second(s)

2023-06-14 18:14:04 - [MESSAGE][INFO] - Sent Assessment Stageto the Stage Dropdowm

2023-06-14 18:14:04 - [MESSAGE][PASSED] - CommonActions.clickOnElementAndTypeText is PASSED

2023-06-14 18:14:04 - [TEST_STEP][PASSED] - sendKeys(findTestObject("Object Repository/Admission/TC_37_Pre-requisites Assesment process creation with Stage/Stage ID dropdown"), Keys.chord(ENTER)): Keys 'ENTER + ' sent to object: 'Object Repository/Admission/TC_37_Pre-requisites Assesment process creation with Stage/Stage ID dropdown'

2023-06-14 18:14:04 - [MESSAGE][PASSED] - Keys 'ENTER + ' sent to object: 'Object Repository/Admission/TC_37_Pre-requisites Assesment process creation with Stage/Stage ID dropdown'

2023-06-14 18:14:04 - [TEST_STEP][PASSED] - delay(2): Delayed 2 second(s)

2023-06-14 18:14:06 - [MESSAGE][PASSED] - Delayed 2 second(s)

2023-06-14 18:14:06 - [TEST_STEP][PASSED] - CommonActions.elementClick(findTestObject("Object Repository/Admission/TC_37_Pre-requisites Assesment process creation with Stage/Expected Number of days stage"), "Number of days"): Number of days clicked once

2023-06-14 18:14:07 - [MESSAGE][INFO] - Clicking on Number of days

2023-06-14 18:14:07 - [MESSAGE][PASSED] - Execute JavaScript 'arguments[0].setAttribute('style', 'border: 3px solid red;');' successfully

2023-06-14 18:14:08 - [MESSAGE][PASSED] - Delayed 1 second(s)

2023-06-14 18:14:08 - [MESSAGE][PASSED] - Number of days clicked once

2023-06-14 18:14:08 - [TEST_STEP][PASSED] - CommonActions.elementClick(findTestObject("Object Repository/Admission/CommonObjects/Submit Button Floating Window"), "Submit button"): Submit button clicked once

2023-06-14 18:14:09 - [MESSAGE][INFO] - Clicking on Submit button

2023-06-14 18:14:09 - [MESSAGE][PASSED] - Execute JavaScript 'arguments[0].setAttribute('style', 'border: 3px solid red;');' successfully

2023-06-14 18:14:10 - [MESSAGE][PASSED] - Delayed 1 second(s)

2023-06-14 18:14:10 - [MESSAGE][PASSED] - Submit button clicked once

2023-06-14 18:14:10 - [TEST_STEP][PASSED] - delay(3): Delayed 3 second(s)

2023-06-14 18:14:13 - [MESSAGE][PASSED] - Delayed 3 second(s)

2023-06-14 18:14:13 - [TEST_STEP][PASSED] - CommonActions.elementClick(findTestObject("Object Repository/Admission/CommonObjects/Nested Tab rows"), "first row"): first row clicked once

2023-06-14 18:14:14 - [MESSAGE][INFO] - Clicking on first row

2023-06-14 18:14:14 - [MESSAGE][PASSED] - Execute JavaScript 'arguments[0].setAttribute('style', 'border: 3px solid red;');' successfully

2023-06-14 18:14:15 - [MESSAGE][PASSED] - Delayed 1 second(s)

2023-06-14 18:14:15 - [MESSAGE][PASSED] - first row clicked once

2023-06-14 18:14:15 - [TEST_STEP][PASSED] - CommonActions.elementClick(findTestObject("Object Repository/Admission/CommonObjects/More Actions Button"), "More action button"): More action button clicked once

2023-06-14 18:14:16 - [MESSAGE][INFO] - Clicking on More action button

2023-06-14 18:14:16 - [MESSAGE][PASSED] - Execute JavaScript 'arguments[0].setAttribute('style', 'border: 3px solid red;');' successfully

2023-06-14 18:14:17 - [MESSAGE][PASSED] - Delayed 1 second(s)

2023-06-14 18:14:17 - [MESSAGE][PASSED] - More action button clicked once

2023-06-14 18:14:17 - [TEST_STEP][PASSED] - CommonActions.elementClick(findTestObject("Object Repository/Admission/TC_37_Pre-requisites Assesment process creation with Stage/Configure stage"), "Configure stage"): Configure stage clicked once

2023-06-14 18:14:18 - [MESSAGE][INFO] - Clicking on Configure stage

2023-06-14 18:14:18 - [MESSAGE][PASSED] - Execute JavaScript 'arguments[0].setAttribute('style', 'border: 3px solid red;');' successfully

2023-06-14 18:14:19 - [MESSAGE][PASSED] - Delayed 1 second(s)

2023-06-14 18:14:20 - [MESSAGE][PASSED] - Configure stage clicked once

2023-06-14 18:14:20 - [TEST_STEP][PASSED] - CommonActions.elementClick(findTestObject("Object Repository/Admission/TC_37_Pre-requisites Assesment process creation with Stage/Configure Add button"), "Add button"): Add button clicked once

2023-06-14 18:14:21 - [MESSAGE][INFO] - Clicking on Add button

2023-06-14 18:14:22 - [MESSAGE][PASSED] - Execute JavaScript 'arguments[0].setAttribute('style', 'border: 3px solid red;');' successfully

2023-06-14 18:14:23 - [MESSAGE][PASSED] - Delayed 1 second(s)

2023-06-14 18:14:23 - [MESSAGE][PASSED] - Add button clicked once

2023-06-14 18:14:23 - [TEST_STEP][PASSED] - CommonActions.clickOnElementAndTypeText(findTestObject("Object Repository/Admission/TC_37_Pre-requisites Assesment process creation with Stage/Evalution Parameter"), "Written", "Evalution Parameter"): CommonActions.clickOnElementAndTypeText is PASSED

2023-06-14 18:14:24 - [MESSAGE][PASSED] - Execute JavaScript 'arguments[0].setAttribute('style', 'border: 3px solid red;');' successfully

2023-06-14 18:14:25 - [MESSAGE][PASSED] - Delayed 1 second(s)

2023-06-14 18:14:26 - [MESSAGE][PASSED] - Delayed 1 second(s)

2023-06-14 18:14:26 - [MESSAGE][PASSED] - Keys 'CONTROL + a' sent to object: 'Object Repository/Admission/TC_37_Pre-requisites Assesment process creation with Stage/Evalution Parameter'

2023-06-14 18:14:27 - [MESSAGE][PASSED] - Keys 'DELETE + ' sent to object: 'Object Repository/Admission/TC_37_Pre-requisites Assesment process creation with Stage/Evalution Parameter'

2023-06-14 18:14:28 - [MESSAGE][PASSED] - Delayed 1 second(s)

2023-06-14 18:14:28 - [MESSAGE][PASSED] - Execute JavaScript 'arguments[0].setAttribute('style', 'border: 2px solid green;');' successfully

2023-06-14 18:14:29 - [MESSAGE][PASSED] - Delayed 1 second(s)

2023-06-14 18:14:29 - [MESSAGE][INFO] - Sent Writtento the Evalution Parameter

2023-06-14 18:14:29 - [MESSAGE][PASSED] - CommonActions.clickOnElementAndTypeText is PASSED

2023-06-14 18:14:29 - [TEST_STEP][PASSED] - CommonActions.clickOnElementAndTypeText(findTestObject("Object Repository/Admission/TC_37_Pre-requisites Assesment process creation with Stage/Maximum Marks field"), "100", "Maximum marks"): CommonActions.clickOnElementAndTypeText is PASSED

2023-06-14 18:14:30 - [MESSAGE][PASSED] - Execute JavaScript 'arguments[0].setAttribute('style', 'border: 3px solid red;');' successfully

2023-06-14 18:14:31 - [MESSAGE][PASSED] - Delayed 1 second(s)

2023-06-14 18:14:32 - [MESSAGE][PASSED] - Delayed 1 second(s)

2023-06-14 18:14:32 - [MESSAGE][PASSED] - Keys 'CONTROL + a' sent to object: 'Object Repository/Admission/TC_37_Pre-requisites Assesment process creation with Stage/Maximum Marks field'

2023-06-14 18:14:33 - [MESSAGE][PASSED] - Keys 'DELETE + ' sent to object: 'Object Repository/Admission/TC_37_Pre-requisites Assesment process creation with Stage/Maximum Marks field'

2023-06-14 18:14:34 - [MESSAGE][PASSED] - Delayed 1 second(s)

2023-06-14 18:14:34 - [MESSAGE][PASSED] - Execute JavaScript 'arguments[0].setAttribute('style', 'border: 2px solid green;');' successfully

2023-06-14 18:14:35 - [MESSAGE][PASSED] - Delayed 1 second(s)

2023-06-14 18:14:35 - [MESSAGE][INFO] - Sent 100to the Maximum marks

2023-06-14 18:14:35 - [MESSAGE][PASSED] - CommonActions.clickOnElementAndTypeText is PASSED

2023-06-14 18:14:35 - [TEST_STEP][PASSED] - CommonActions.clickOnElementAndTypeText(findTestObject("Object Repository/Admission/TC_37_Pre-requisites Assesment process creation with Stage/Weightage field"), "75", "Weightage"): CommonActions.clickOnElementAndTypeText is PASSED

2023-06-14 18:14:36 - [MESSAGE][PASSED] - Execute JavaScript 'arguments[0].setAttribute('style', 'border: 3px solid red;');' successfully

2023-06-14 18:14:37 - [MESSAGE][PASSED] - Delayed 1 second(s)

2023-06-14 18:14:38 - [MESSAGE][PASSED] - Delayed 1 second(s)

2023-06-14 18:14:38 - [MESSAGE][PASSED] - Keys 'CONTROL + a' sent to object: 'Object Repository/Admission/TC_37_Pre-requisites Assesment process creation with Stage/Weightage field'

2023-06-14 18:14:39 - [MESSAGE][PASSED] - Keys 'DELETE + ' sent to object: 'Object Repository/Admission/TC_37_Pre-requisites Assesment process creation with Stage/Weightage field'

2023-06-14 18:14:40 - [MESSAGE][PASSED] - Delayed 1 second(s)

2023-06-14 18:14:41 - [MESSAGE][PASSED] - Execute JavaScript 'arguments[0].setAttribute('style', 'border: 2px solid green;');' successfully

2023-06-14 18:14:42 - [MESSAGE][PASSED] - Delayed 1 second(s)

2023-06-14 18:14:42 - [MESSAGE][INFO] - Sent 75to the Weightage

2023-06-14 18:14:42 - [MESSAGE][PASSED] - CommonActions.clickOnElementAndTypeText is PASSED

2023-06-14 18:14:42 - [TEST_STEP][PASSED] - CommonActions.elementClick(findTestObject("Object Repository/Admission/CommonObjects/Floating window save button"), "Save button"): Save button clicked once

2023-06-14 18:14:42 - [MESSAGE][INFO] - Clicking on Save button

2023-06-14 18:14:42 - [MESSAGE][PASSED] - Execute JavaScript 'arguments[0].setAttribute('style', 'border: 3px solid red;');' successfully

2023-06-14 18:14:43 - [MESSAGE][PASSED] - Delayed 1 second(s)

2023-06-14 18:14:43 - [MESSAGE][PASSED] - Save button clicked once

2023-06-14 18:14:43 - [TEST_STEP][PASSED] - CommonActions.elementPresent(findTestObject("Object Repository/Admission/TC_01_ Pre-requisites for Admission/Record added alert"), "Assesment name added / updated alert"): Delayed 1 second(s)

2023-06-14 18:14:45 - [MESSAGE][INFO] - Validating element present or not

2023-06-14 18:14:45 - [MESSAGE][PASSED] - Object 'Object Repository/Admission/TC_01_ Pre-requisites for Admission/Record added alert' is present

2023-06-14 18:14:45 - [MESSAGE][PASSED] - Element clicked once

2023-06-14 18:14:45 - [MESSAGE][INFO] - Assesment name added / updated alert is present

2023-06-14 18:14:45 - [MESSAGE][PASSED] - Execute JavaScript 'arguments[0].setAttribute('style', 'border: 2px solid green;');' successfully

2023-06-14 18:14:46 - [MESSAGE][PASSED] - Delayed 1 second(s)

2023-06-14 18:14:46 - [TEST_STEP][PASSED] - CommonActions.elementClick(findTestObject("Object Repository/Admission/CommonObjects/Save button nested"), "Save button"): Save button clicked once

2023-06-14 18:14:47 - [MESSAGE][INFO] - Clicking on Save button

2023-06-14 18:14:47 - [MESSAGE][PASSED] - Execute JavaScript 'arguments[0].setAttribute('style', 'border: 3px solid red;');' successfully

2023-06-14 18:14:48 - [MESSAGE][PASSED] - Delayed 1 second(s)

2023-06-14 18:14:48 - [MESSAGE][PASSED] - Save button clicked once]]></system-out>
         <system-err><![CDATA[]]></system-err>
      </testcase>
      <system-out><![CDATA[2023-06-14 18:12:29 - [TEST_SUITE][PASSED] - Admission Test suite: Test Cases/Admission/TC_27_Verified_Add Evalation paramaters(writeen)]]></system-out>
      <system-err><![CDATA[]]></system-err>
   </testsuite>
</testsuites>
