<?xml version="1.0" encoding="UTF-8"?>
<testsuites name="Admission Test suite" time="224.367" tests="9" failures="0" errors="0">
   <testsuite name="Admission Test suite" tests="9" failures="0" errors="0" time="224.367" skipped="0" timestamp="2023-06-14 17:34:58" hostname="Laxman Jagarlamud - LAPTOP-LNCQBP1R" id="Test Suites/Admission Test suite">
      <properties>
         <property name="deviceName" value=""/>
         <property name="devicePlatform" value=""/>
         <property name="logFolder" value="C:\\Users\\Laxman Jagarlamud\\git\\qa-automation-regression-ui\\Reports\\20230614_173448\\Admission Test suite\\20230614_173448"/>
         <property name="logFiles" value="C:\\Users\\Laxman Jagarlamud\\git\\qa-automation-regression-ui\\Reports\\20230614_173448\\Admission Test suite\\20230614_173448\\execution0.log"/>
         <property name="attachments" value=""/>
         <property name="hostName" value="Laxman Jagarlamud - LAPTOP-LNCQBP1R"/>
         <property name="os" value="Windows 11 64bit"/>
         <property name="katalonVersion" value="8.6.5.208"/>
         <property name="browser" value="Chrome 114.0.0.0"/>
         <property name="hostAddress" value="192.168.0.29"/>
         <property name="sessionId" value="f80c02100b602972ac12702f05be83fb"/>
         <property name="seleniumVersion" value="3.141.59"/>
         <property name="proxyInformation" value="ProxyInformation { proxyOption=NO_PROXY, proxyServerType=HTTP, username=, password=********, proxyServerAddress=, proxyServerPort=0, executionList=&quot;&quot;, isApplyToDesiredCapabilities=true }"/>
         <property name="platform" value="Windows 11"/>
      </properties>
      <testcase name="Test Cases/Pre-Admission/TC_01_Validate the login" time="54.043" classname="Test Cases/Pre-Admission/TC_01_Validate the login" status="PASSED">
         <system-out><![CDATA[2023-06-14 17:34:58 - [TEST_CASE][PASSED] - Test Cases/Pre-Admission/TC_01_Validate the login: Test Cases/Pre-Admission/TC_01_Validate the login

2023-06-14 17:34:58 - [TEST_STEP][PASSED] - openBrowser(""): Browser is opened with url: ''

2023-06-14 17:34:58 - [MESSAGE][INFO] - Starting 'Chrome' driver

2023-06-14 17:34:59 - [MESSAGE][INFO] - Action delay is set to 0 milliseconds

2023-06-14 17:35:01 - [MESSAGE][PASSED] - Browser is opened with url: ''

2023-06-14 17:35:01 - [TEST_STEP][PASSED] - navigateToUrl(url): Navigate to 'https://regression1.academiaerp.com/' successfully

2023-06-14 17:35:03 - [MESSAGE][PASSED] - Navigate to 'https://regression1.academiaerp.com/' successfully

2023-06-14 17:35:03 - [TEST_STEP][PASSED] - maximizeWindow(): Current window maximized

2023-06-14 17:35:03 - [MESSAGE][PASSED] - Current window maximized

2023-06-14 17:35:03 - [TEST_STEP][PASSED] - click(findTestObject("Object Repository/preadmission/TC_01/Page_Academia/Admin_tab")): Object: 'Object Repository/preadmission/TC_01/Page_Academia/Admin_tab' is clicked on

2023-06-14 17:35:03 - [MESSAGE][PASSED] - Object: 'Object Repository/preadmission/TC_01/Page_Academia/Admin_tab' is clicked on

2023-06-14 17:35:03 - [TEST_STEP][PASSED] - CommonActions.clickOnElementAndTypeText(findTestObject("Object Repository/preadmission/TC_01/Page_Academia/input_Username  Email_email"), Username, "Username textfield"): CommonActions.clickOnElementAndTypeText is PASSED

2023-06-14 17:35:04 - [MESSAGE][PASSED] - Execute JavaScript 'arguments[0].setAttribute('style', 'border: 3px solid red;');' successfully

2023-06-14 17:35:05 - [MESSAGE][PASSED] - Delayed 1 second(s)

2023-06-14 17:35:07 - [MESSAGE][PASSED] - Delayed 1 second(s)

2023-06-14 17:35:07 - [MESSAGE][PASSED] - Keys 'CONTROL + a' sent to object: 'Object Repository/preadmission/TC_01/Page_Academia/input_Username  Email_email'

2023-06-14 17:35:07 - [MESSAGE][PASSED] - Keys 'DELETE + ' sent to object: 'Object Repository/preadmission/TC_01/Page_Academia/input_Username  Email_email'

2023-06-14 17:35:08 - [MESSAGE][PASSED] - Delayed 1 second(s)

2023-06-14 17:35:09 - [MESSAGE][PASSED] - Execute JavaScript 'arguments[0].setAttribute('style', 'border: 2px solid green;');' successfully

2023-06-14 17:35:10 - [MESSAGE][PASSED] - Delayed 1 second(s)

2023-06-14 17:35:10 - [MESSAGE][INFO] - Sent sysadminto the Username textfield

2023-06-14 17:35:10 - [MESSAGE][PASSED] - CommonActions.clickOnElementAndTypeText is PASSED

2023-06-14 17:35:10 - [TEST_STEP][PASSED] - CommonActions.clickOnElementAndTypeText(findTestObject("Object Repository/preadmission/TC_01/Page_Academia/input_Password_password"), Password, "Password textfield"): CommonActions.clickOnElementAndTypeText is PASSED

2023-06-14 17:35:10 - [MESSAGE][PASSED] - Execute JavaScript 'arguments[0].setAttribute('style', 'border: 3px solid red;');' successfully

2023-06-14 17:35:11 - [MESSAGE][PASSED] - Delayed 1 second(s)

2023-06-14 17:35:12 - [MESSAGE][PASSED] - Delayed 1 second(s)

2023-06-14 17:35:13 - [MESSAGE][PASSED] - Keys 'CONTROL + a' sent to object: 'Object Repository/preadmission/TC_01/Page_Academia/input_Password_password'

2023-06-14 17:35:13 - [MESSAGE][PASSED] - Keys 'DELETE + ' sent to object: 'Object Repository/preadmission/TC_01/Page_Academia/input_Password_password'

2023-06-14 17:35:14 - [MESSAGE][PASSED] - Delayed 1 second(s)

2023-06-14 17:35:15 - [MESSAGE][PASSED] - Execute JavaScript 'arguments[0].setAttribute('style', 'border: 2px solid green;');' successfully

2023-06-14 17:35:16 - [MESSAGE][PASSED] - Delayed 1 second(s)

2023-06-14 17:35:16 - [MESSAGE][INFO] - Sent passwordto the Password textfield

2023-06-14 17:35:16 - [MESSAGE][PASSED] - CommonActions.clickOnElementAndTypeText is PASSED

2023-06-14 17:35:16 - [TEST_STEP][PASSED] - CommonActions.elementClick(findTestObject("Object Repository/preadmission/TC_01/Page_Academia/input_Forgot password_signin"), "Sign in button"): Sign in button clicked once

2023-06-14 17:35:16 - [MESSAGE][INFO] - Clicking on Sign in button

2023-06-14 17:35:17 - [MESSAGE][PASSED] - Execute JavaScript 'arguments[0].setAttribute('style', 'border: 3px solid red;');' successfully

2023-06-14 17:35:18 - [MESSAGE][PASSED] - Delayed 1 second(s)

2023-06-14 17:35:18 - [MESSAGE][PASSED] - Sign in button clicked once

2023-06-14 17:35:18 - [TEST_STEP][PASSED] - delay(30): Delayed 30 second(s)

2023-06-14 17:35:48 - [MESSAGE][PASSED] - Delayed 30 second(s)

2023-06-14 17:35:48 - [TEST_STEP][PASSED] - CommonActions.elementPresent(findTestObject("Object Repository/preadmission/TC_01/Page_Academia/label_Administrator"), "Adminstartor portal header"): Delayed 1 second(s)

2023-06-14 17:35:48 - [MESSAGE][INFO] - Validating element present or not

2023-06-14 17:35:49 - [MESSAGE][PASSED] - Object 'Object Repository/preadmission/TC_01/Page_Academia/label_Administrator' is present

2023-06-14 17:35:49 - [MESSAGE][PASSED] - Element clicked once

2023-06-14 17:35:49 - [MESSAGE][INFO] - Adminstartor portal header is present

2023-06-14 17:35:49 - [MESSAGE][PASSED] - Execute JavaScript 'arguments[0].setAttribute('style', 'border: 2px solid green;');' successfully

2023-06-14 17:35:50 - [MESSAGE][PASSED] - Delayed 1 second(s)

2023-06-14 17:35:50 - [TEST_STEP][PASSED] - CommonActions.verifyExactElementText(findTestObject("Object Repository/preadmission/TC_01/Page_Academia/label_Administrator"), AdminPortalHeaderText, "Adminstartor portal header"): Delayed 1 second(s)

2023-06-14 17:35:51 - [MESSAGE][PASSED] - Adminstartor portal headertext is verified

2023-06-14 17:35:51 - [MESSAGE][PASSED] - Execute JavaScript 'arguments[0].setAttribute('style', 'border: 2px solid green;');' successfully

2023-06-14 17:35:52 - [MESSAGE][PASSED] - Delayed 1 second(s)]]></system-out>
         <system-err><![CDATA[]]></system-err>
      </testcase>
      <testcase name="Test Cases/Admission/TC_19_Verified_Add Selection process" time="25.48" classname="Test Cases/Admission/TC_19_Verified_Add Selection process" status="PASSED">
         <system-out><![CDATA[2023-06-14 17:35:52 - [TEST_CASE][PASSED] - Test Cases/Admission/TC_19_Verified_Add Selection process: Test Cases/Admission/TC_19_Verified_Add Selection process

2023-06-14 17:35:52 - [TEST_STEP][PASSED] - mouseOver(findTestObject("Object Repository/Admission/TC_01_ Pre-requisites for Admission/Admissions Tab")): Object: 'Object Repository/Admission/TC_01_ Pre-requisites for Admission/Admissions Tab' is hovered

2023-06-14 17:35:53 - [MESSAGE][PASSED] - Object: 'Object Repository/Admission/TC_01_ Pre-requisites for Admission/Admissions Tab' is hovered

2023-06-14 17:35:53 - [TEST_STEP][PASSED] - CommonActions.elementClick(findTestObject("Object Repository/Admission/TC_01_ Pre-requisites for Admission/Admissions Tab"), "Admissions tab"): Admissions tab clicked once

2023-06-14 17:35:53 - [MESSAGE][INFO] - Clicking on Admissions tab

2023-06-14 17:35:54 - [MESSAGE][PASSED] - Execute JavaScript 'arguments[0].setAttribute('style', 'border: 3px solid red;');' successfully

2023-06-14 17:35:55 - [MESSAGE][PASSED] - Delayed 1 second(s)

2023-06-14 17:35:55 - [MESSAGE][PASSED] - Admissions tab clicked once

2023-06-14 17:35:55 - [TEST_STEP][PASSED] - delay(2): Delayed 2 second(s)

2023-06-14 17:35:57 - [MESSAGE][PASSED] - Delayed 2 second(s)

2023-06-14 17:35:57 - [TEST_STEP][PASSED] - CommonActions.elementClick(findTestObject("Object Repository/Admission/TC_01_ Pre-requisites for Admission/Assesment process"), "Assesment process"): Assesment process clicked once

2023-06-14 17:35:57 - [MESSAGE][INFO] - Clicking on Assesment process

2023-06-14 17:35:58 - [MESSAGE][PASSED] - Execute JavaScript 'arguments[0].setAttribute('style', 'border: 3px solid red;');' successfully

2023-06-14 17:35:59 - [MESSAGE][PASSED] - Delayed 1 second(s)

2023-06-14 17:35:59 - [MESSAGE][PASSED] - Assesment process clicked once

2023-06-14 17:35:59 - [TEST_STEP][PASSED] - CommonActions.elementClick(findTestObject("Object Repository/Admission/CommonObjects/Add button"), "Add button"): Add button clicked once

2023-06-14 17:36:00 - [MESSAGE][INFO] - Clicking on Add button

2023-06-14 17:36:00 - [MESSAGE][PASSED] - Execute JavaScript 'arguments[0].setAttribute('style', 'border: 3px solid red;');' successfully

2023-06-14 17:36:01 - [MESSAGE][PASSED] - Delayed 1 second(s)

2023-06-14 17:36:02 - [MESSAGE][PASSED] - Add button clicked once

2023-06-14 17:36:02 - [TEST_STEP][PASSED] - AssesmentProcessName = CommonActions.randomNameGenerator(): CommonActions.randomNameGenerator is PASSED

2023-06-14 17:36:02 - [MESSAGE][PASSED] - CommonActions.randomNameGenerator is PASSED

2023-06-14 17:36:02 - [TEST_STEP][PASSED] - out.println(AssesmentProcessName): null

2023-06-14 17:36:03 - [TEST_STEP][PASSED] - CommonActions.clickOnElementAndTypeText(findTestObject("Object Repository/Admission/TC_01_ Pre-requisites for Admission/Assesement process name"), AssesmentProcessName, "Asssement name field"): CommonActions.clickOnElementAndTypeText is PASSED

2023-06-14 17:36:03 - [MESSAGE][PASSED] - Execute JavaScript 'arguments[0].setAttribute('style', 'border: 3px solid red;');' successfully

2023-06-14 17:36:04 - [MESSAGE][PASSED] - Delayed 1 second(s)

2023-06-14 17:36:05 - [MESSAGE][PASSED] - Delayed 1 second(s)

2023-06-14 17:36:06 - [MESSAGE][PASSED] - Keys 'CONTROL + a' sent to object: 'Object Repository/Admission/TC_01_ Pre-requisites for Admission/Assesement process name'

2023-06-14 17:36:06 - [MESSAGE][PASSED] - Keys 'DELETE + ' sent to object: 'Object Repository/Admission/TC_01_ Pre-requisites for Admission/Assesement process name'

2023-06-14 17:36:07 - [MESSAGE][PASSED] - Delayed 1 second(s)

2023-06-14 17:36:08 - [MESSAGE][PASSED] - Execute JavaScript 'arguments[0].setAttribute('style', 'border: 2px solid green;');' successfully

2023-06-14 17:36:09 - [MESSAGE][PASSED] - Delayed 1 second(s)

2023-06-14 17:36:09 - [MESSAGE][INFO] - Sent AutomationCcDEOUto the Asssement name field

2023-06-14 17:36:09 - [MESSAGE][PASSED] - CommonActions.clickOnElementAndTypeText is PASSED

2023-06-14 17:36:09 - [TEST_STEP][PASSED] - CommonActions.elementClick(findTestObject("Object Repository/Admission/TC_01_ Pre-requisites for Admission/Assesment process dropdown"), "Assesment process dropdown"): Assesment process dropdown clicked once

2023-06-14 17:36:09 - [MESSAGE][INFO] - Clicking on Assesment process dropdown

2023-06-14 17:36:10 - [MESSAGE][PASSED] - Execute JavaScript 'arguments[0].setAttribute('style', 'border: 3px solid red;');' successfully

2023-06-14 17:36:11 - [MESSAGE][PASSED] - Delayed 1 second(s)

2023-06-14 17:36:11 - [MESSAGE][PASSED] - Assesment process dropdown clicked once

2023-06-14 17:36:11 - [TEST_STEP][PASSED] - CommonActions.elementClick(findTestObject("Object Repository/Admission/TC_01_ Pre-requisites for Admission/Admission option"), "Admission option"): Admission option clicked once

2023-06-14 17:36:11 - [MESSAGE][INFO] - Clicking on Admission option

2023-06-14 17:36:12 - [MESSAGE][PASSED] - Execute JavaScript 'arguments[0].setAttribute('style', 'border: 3px solid red;');' successfully

2023-06-14 17:36:13 - [MESSAGE][PASSED] - Delayed 1 second(s)

2023-06-14 17:36:13 - [MESSAGE][PASSED] - Admission option clicked once

2023-06-14 17:36:13 - [TEST_STEP][PASSED] - CommonActions.elementClick(findTestObject("Object Repository/Admission/CommonObjects/Save button"), "Save button"): Save button clicked once

2023-06-14 17:36:13 - [MESSAGE][INFO] - Clicking on Save button

2023-06-14 17:36:14 - [MESSAGE][PASSED] - Execute JavaScript 'arguments[0].setAttribute('style', 'border: 3px solid red;');' successfully

2023-06-14 17:36:15 - [MESSAGE][PASSED] - Delayed 1 second(s)

2023-06-14 17:36:15 - [MESSAGE][PASSED] - Save button clicked once

2023-06-14 17:36:15 - [TEST_STEP][PASSED] - CommonActions.elementPresent(findTestObject("Object Repository/Admission/TC_01_ Pre-requisites for Admission/Record added alert"), "Assesment name added alert"): Delayed 1 second(s)

2023-06-14 17:36:16 - [MESSAGE][INFO] - Validating element present or not

2023-06-14 17:36:16 - [MESSAGE][PASSED] - Object 'Object Repository/Admission/TC_01_ Pre-requisites for Admission/Record added alert' is present

2023-06-14 17:36:16 - [MESSAGE][PASSED] - Element clicked once

2023-06-14 17:36:16 - [MESSAGE][INFO] - Assesment name added alert is present

2023-06-14 17:36:16 - [MESSAGE][PASSED] - Execute JavaScript 'arguments[0].setAttribute('style', 'border: 2px solid green;');' successfully

2023-06-14 17:36:17 - [MESSAGE][PASSED] - Delayed 1 second(s)]]></system-out>
         <system-err><![CDATA[]]></system-err>
      </testcase>
      <testcase name="Test Cases/Admission/TC_20_Verified_Edit_selection process" time="23.821" classname="Test Cases/Admission/TC_20_Verified_Edit_selection process" status="PASSED">
         <system-out><![CDATA[2023-06-14 17:36:17 - [TEST_CASE][PASSED] - Test Cases/Admission/TC_20_Verified_Edit_selection process: Test Cases/Admission/TC_20_Verified_Edit_selection process

2023-06-14 17:36:18 - [TEST_STEP][PASSED] - mouseOver(findTestObject("Object Repository/Admission/TC_01_ Pre-requisites for Admission/Admissions Tab")): Object: 'Object Repository/Admission/TC_01_ Pre-requisites for Admission/Admissions Tab' is hovered

2023-06-14 17:36:18 - [MESSAGE][PASSED] - Object: 'Object Repository/Admission/TC_01_ Pre-requisites for Admission/Admissions Tab' is hovered

2023-06-14 17:36:18 - [TEST_STEP][PASSED] - CommonActions.elementClick(findTestObject("Object Repository/Admission/TC_01_ Pre-requisites for Admission/Admissions Tab"), "Admissions tab"): Admissions tab clicked once

2023-06-14 17:36:19 - [MESSAGE][INFO] - Clicking on Admissions tab

2023-06-14 17:36:19 - [MESSAGE][PASSED] - Execute JavaScript 'arguments[0].setAttribute('style', 'border: 3px solid red;');' successfully

2023-06-14 17:36:20 - [MESSAGE][PASSED] - Delayed 1 second(s)

2023-06-14 17:36:21 - [MESSAGE][PASSED] - Admissions tab clicked once

2023-06-14 17:36:21 - [TEST_STEP][PASSED] - delay(2): Delayed 2 second(s)

2023-06-14 17:36:23 - [MESSAGE][PASSED] - Delayed 2 second(s)

2023-06-14 17:36:23 - [TEST_STEP][PASSED] - CommonActions.elementClick(findTestObject("Object Repository/Admission/TC_01_ Pre-requisites for Admission/Assesment process"), "Assesment process"): Assesment process clicked once

2023-06-14 17:36:23 - [MESSAGE][INFO] - Clicking on Assesment process

2023-06-14 17:36:23 - [MESSAGE][PASSED] - Execute JavaScript 'arguments[0].setAttribute('style', 'border: 3px solid red;');' successfully

2023-06-14 17:36:24 - [MESSAGE][PASSED] - Delayed 1 second(s)

2023-06-14 17:36:25 - [MESSAGE][PASSED] - Assesment process clicked once

2023-06-14 17:36:25 - [TEST_STEP][PASSED] - CommonActions.selectLastRow(findTestObject("Object Repository/Admission/TC_20_Verified_Edit_selection process/List of Assesment")): CommonActions.selectLastRow is PASSED

2023-06-14 17:36:27 - [MESSAGE][PASSED] - Delayed 2 second(s)

2023-06-14 17:36:27 - [MESSAGE][PASSED] - CommonActions.selectLastRow is PASSED

2023-06-14 17:36:27 - [TEST_STEP][PASSED] - CommonActions.elementClick(findTestObject("Object Repository/Admission/CommonObjects/Edit Buttton"), "Edit last row"): Edit last row clicked once

2023-06-14 17:36:28 - [MESSAGE][INFO] - Clicking on Edit last row

2023-06-14 17:36:28 - [MESSAGE][PASSED] - Execute JavaScript 'arguments[0].setAttribute('style', 'border: 3px solid red;');' successfully

2023-06-14 17:36:29 - [MESSAGE][PASSED] - Delayed 1 second(s)

2023-06-14 17:36:30 - [MESSAGE][PASSED] - Edit last row clicked once

2023-06-14 17:36:30 - [TEST_STEP][PASSED] - CommonActions.clickOnElementAndTypeText(findTestObject("Object Repository/Admission/TC_20_Verified_Edit_selection process/Remark"), "Test Automation remark", "Remark field"): CommonActions.clickOnElementAndTypeText is PASSED

2023-06-14 17:36:31 - [MESSAGE][PASSED] - Execute JavaScript 'arguments[0].setAttribute('style', 'border: 3px solid red;');' successfully

2023-06-14 17:36:32 - [MESSAGE][PASSED] - Delayed 1 second(s)

2023-06-14 17:36:33 - [MESSAGE][PASSED] - Delayed 1 second(s)

2023-06-14 17:36:34 - [MESSAGE][PASSED] - Keys 'CONTROL + a' sent to object: 'Object Repository/Admission/TC_20_Verified_Edit_selection process/Remark'

2023-06-14 17:36:34 - [MESSAGE][PASSED] - Keys 'DELETE + ' sent to object: 'Object Repository/Admission/TC_20_Verified_Edit_selection process/Remark'

2023-06-14 17:36:35 - [MESSAGE][PASSED] - Delayed 1 second(s)

2023-06-14 17:36:36 - [MESSAGE][PASSED] - Execute JavaScript 'arguments[0].setAttribute('style', 'border: 2px solid green;');' successfully

2023-06-14 17:36:37 - [MESSAGE][PASSED] - Delayed 1 second(s)

2023-06-14 17:36:37 - [MESSAGE][INFO] - Sent Test Automation remarkto the Remark field

2023-06-14 17:36:37 - [MESSAGE][PASSED] - CommonActions.clickOnElementAndTypeText is PASSED

2023-06-14 17:36:37 - [TEST_STEP][PASSED] - CommonActions.elementClick(findTestObject("Object Repository/Admission/CommonObjects/Save button"), "Save button"): Save button clicked once

2023-06-14 17:36:37 - [MESSAGE][INFO] - Clicking on Save button

2023-06-14 17:36:38 - [MESSAGE][PASSED] - Execute JavaScript 'arguments[0].setAttribute('style', 'border: 3px solid red;');' successfully

2023-06-14 17:36:39 - [MESSAGE][PASSED] - Delayed 1 second(s)

2023-06-14 17:36:39 - [MESSAGE][PASSED] - Save button clicked once

2023-06-14 17:36:39 - [TEST_STEP][PASSED] - CommonActions.elementPresent(findTestObject("Object Repository/Admission/TC_01_ Pre-requisites for Admission/Record added alert"), "Assesment name added / updated alert"): Delayed 1 second(s)

2023-06-14 17:36:40 - [MESSAGE][INFO] - Validating element present or not

2023-06-14 17:36:40 - [MESSAGE][PASSED] - Object 'Object Repository/Admission/TC_01_ Pre-requisites for Admission/Record added alert' is present

2023-06-14 17:36:40 - [MESSAGE][PASSED] - Element clicked once

2023-06-14 17:36:40 - [MESSAGE][INFO] - Assesment name added / updated alert is present

2023-06-14 17:36:40 - [MESSAGE][PASSED] - Execute JavaScript 'arguments[0].setAttribute('style', 'border: 2px solid green;');' successfully

2023-06-14 17:36:41 - [MESSAGE][PASSED] - Delayed 1 second(s)

2023-06-14 17:36:41 - [TEST_STEP][PASSED] - refresh(): Refresh successfully

2023-06-14 17:36:41 - [MESSAGE][PASSED] - Refresh successfully]]></system-out>
         <system-err><![CDATA[]]></system-err>
      </testcase>
      <testcase name="Test Cases/Admission/TC_21_Verified_View Selection Process" time="29.026" classname="Test Cases/Admission/TC_21_Verified_View Selection Process" status="PASSED">
         <system-out><![CDATA[2023-06-14 17:36:41 - [TEST_CASE][PASSED] - Test Cases/Admission/TC_21_Verified_View Selection Process: Test Cases/Admission/TC_21_Verified_View Selection Process

2023-06-14 17:36:42 - [TEST_STEP][PASSED] - mouseOver(findTestObject("Object Repository/Admission/TC_01_ Pre-requisites for Admission/Admissions Tab")): Object: 'Object Repository/Admission/TC_01_ Pre-requisites for Admission/Admissions Tab' is hovered

2023-06-14 17:36:56 - [MESSAGE][PASSED] - Object: 'Object Repository/Admission/TC_01_ Pre-requisites for Admission/Admissions Tab' is hovered

2023-06-14 17:36:56 - [TEST_STEP][PASSED] - CommonActions.elementClick(findTestObject("Object Repository/Admission/TC_01_ Pre-requisites for Admission/Admissions Tab"), "Admissions tab"): Admissions tab clicked once

2023-06-14 17:36:56 - [MESSAGE][INFO] - Clicking on Admissions tab

2023-06-14 17:36:56 - [MESSAGE][PASSED] - Execute JavaScript 'arguments[0].setAttribute('style', 'border: 3px solid red;');' successfully

2023-06-14 17:36:57 - [MESSAGE][PASSED] - Delayed 1 second(s)

2023-06-14 17:36:58 - [MESSAGE][PASSED] - Admissions tab clicked once

2023-06-14 17:36:58 - [TEST_STEP][PASSED] - delay(2): Delayed 2 second(s)

2023-06-14 17:37:00 - [MESSAGE][PASSED] - Delayed 2 second(s)

2023-06-14 17:37:00 - [TEST_STEP][PASSED] - CommonActions.elementClick(findTestObject("Object Repository/Admission/TC_01_ Pre-requisites for Admission/Assesment process"), "Assesment process"): Assesment process clicked once

2023-06-14 17:37:00 - [MESSAGE][INFO] - Clicking on Assesment process

2023-06-14 17:37:00 - [MESSAGE][PASSED] - Execute JavaScript 'arguments[0].setAttribute('style', 'border: 3px solid red;');' successfully

2023-06-14 17:37:01 - [MESSAGE][PASSED] - Delayed 1 second(s)

2023-06-14 17:37:02 - [MESSAGE][PASSED] - Assesment process clicked once

2023-06-14 17:37:02 - [TEST_STEP][PASSED] - CommonActions.selectLastRow(findTestObject("Object Repository/Admission/TC_20_Verified_Edit_selection process/List of Assesment")): CommonActions.selectLastRow is PASSED

2023-06-14 17:37:05 - [MESSAGE][PASSED] - Delayed 2 second(s)

2023-06-14 17:37:05 - [MESSAGE][PASSED] - CommonActions.selectLastRow is PASSED

2023-06-14 17:37:05 - [TEST_STEP][PASSED] - CommonActions.elementClick(findTestObject("Object Repository/Admission/CommonObjects/View Button"), "View button"): View button clicked once

2023-06-14 17:37:05 - [MESSAGE][INFO] - Clicking on View button

2023-06-14 17:37:06 - [MESSAGE][PASSED] - Execute JavaScript 'arguments[0].setAttribute('style', 'border: 3px solid red;');' successfully

2023-06-14 17:37:07 - [MESSAGE][PASSED] - Delayed 1 second(s)

2023-06-14 17:37:08 - [MESSAGE][PASSED] - View button clicked once

2023-06-14 17:37:08 - [TEST_STEP][PASSED] - CommonActions.elementPresent(findTestObject("Object Repository/Admission/TC_21_Verified_View Selection Process/Header"), "Assement edit header"): Delayed 1 second(s)

2023-06-14 17:37:08 - [MESSAGE][INFO] - Validating element present or not

2023-06-14 17:37:09 - [MESSAGE][PASSED] - Object 'Object Repository/Admission/TC_21_Verified_View Selection Process/Header' is present

2023-06-14 17:37:09 - [MESSAGE][PASSED] - Element clicked once

2023-06-14 17:37:09 - [MESSAGE][INFO] - Assement edit header is present

2023-06-14 17:37:09 - [MESSAGE][PASSED] - Execute JavaScript 'arguments[0].setAttribute('style', 'border: 2px solid green;');' successfully

2023-06-14 17:37:10 - [MESSAGE][PASSED] - Delayed 1 second(s)

2023-06-14 17:37:10 - [TEST_STEP][PASSED] - refresh(): Refresh successfully

2023-06-14 17:37:10 - [MESSAGE][PASSED] - Refresh successfully]]></system-out>
         <system-err><![CDATA[]]></system-err>
      </testcase>
      <testcase name="Test Cases/Admission/TC_22_Verified_Delete selection process" time="26.35" classname="Test Cases/Admission/TC_22_Verified_Delete selection process" status="PASSED">
         <system-out><![CDATA[2023-06-14 17:37:10 - [TEST_CASE][PASSED] - Test Cases/Admission/TC_22_Verified_Delete selection process: Test Cases/Admission/TC_22_Verified_Delete selection process

2023-06-14 17:37:11 - [TEST_STEP][PASSED] - mouseOver(findTestObject("Object Repository/Admission/TC_01_ Pre-requisites for Admission/Admissions Tab")): Object: 'Object Repository/Admission/TC_01_ Pre-requisites for Admission/Admissions Tab' is hovered

2023-06-14 17:37:23 - [MESSAGE][PASSED] - Object: 'Object Repository/Admission/TC_01_ Pre-requisites for Admission/Admissions Tab' is hovered

2023-06-14 17:37:23 - [TEST_STEP][PASSED] - CommonActions.elementClick(findTestObject("Object Repository/Admission/TC_01_ Pre-requisites for Admission/Admissions Tab"), "Admissions tab"): Admissions tab clicked once

2023-06-14 17:37:24 - [MESSAGE][INFO] - Clicking on Admissions tab

2023-06-14 17:37:24 - [MESSAGE][PASSED] - Execute JavaScript 'arguments[0].setAttribute('style', 'border: 3px solid red;');' successfully

2023-06-14 17:37:25 - [MESSAGE][PASSED] - Delayed 1 second(s)

2023-06-14 17:37:25 - [MESSAGE][PASSED] - Admissions tab clicked once

2023-06-14 17:37:25 - [TEST_STEP][PASSED] - delay(2): Delayed 2 second(s)

2023-06-14 17:37:27 - [MESSAGE][PASSED] - Delayed 2 second(s)

2023-06-14 17:37:27 - [TEST_STEP][PASSED] - CommonActions.elementClick(findTestObject("Object Repository/Admission/TC_01_ Pre-requisites for Admission/Assesment process"), "Assesment process"): Assesment process clicked once

2023-06-14 17:37:28 - [MESSAGE][INFO] - Clicking on Assesment process

2023-06-14 17:37:28 - [MESSAGE][PASSED] - Execute JavaScript 'arguments[0].setAttribute('style', 'border: 3px solid red;');' successfully

2023-06-14 17:37:29 - [MESSAGE][PASSED] - Delayed 1 second(s)

2023-06-14 17:37:29 - [MESSAGE][PASSED] - Assesment process clicked once

2023-06-14 17:37:29 - [TEST_STEP][PASSED] - CommonActions.selectLastRow(findTestObject("Object Repository/Admission/TC_20_Verified_Edit_selection process/List of Assesment")): CommonActions.selectLastRow is PASSED

2023-06-14 17:37:32 - [MESSAGE][PASSED] - Delayed 2 second(s)

2023-06-14 17:37:32 - [MESSAGE][PASSED] - CommonActions.selectLastRow is PASSED

2023-06-14 17:37:32 - [TEST_STEP][PASSED] - CommonActions.elementClick(findTestObject("Object Repository/Admission/CommonObjects/Delete button"), "Delete button"): Delete button clicked once

2023-06-14 17:37:33 - [MESSAGE][INFO] - Clicking on Delete button

2023-06-14 17:37:33 - [MESSAGE][PASSED] - Execute JavaScript 'arguments[0].setAttribute('style', 'border: 3px solid red;');' successfully

2023-06-14 17:37:34 - [MESSAGE][PASSED] - Delayed 1 second(s)

2023-06-14 17:37:35 - [MESSAGE][PASSED] - Delete button clicked once

2023-06-14 17:37:35 - [TEST_STEP][PASSED] - CommonActions.elementClick(findTestObject("Object Repository/Admission/TC_22_Verified_Delete selection process/Yes button"), "Yes confirm button"): Yes confirm button clicked once

2023-06-14 17:37:35 - [MESSAGE][INFO] - Clicking on Yes confirm button

2023-06-14 17:37:36 - [MESSAGE][PASSED] - Execute JavaScript 'arguments[0].setAttribute('style', 'border: 3px solid red;');' successfully

2023-06-14 17:37:37 - [MESSAGE][PASSED] - Delayed 1 second(s)

2023-06-14 17:37:37 - [MESSAGE][PASSED] - Yes confirm button clicked once]]></system-out>
         <system-err><![CDATA[]]></system-err>
      </testcase>
      <testcase name="Test Cases/Admission/TC_23_Verified_Verify Selection process stages" time="38.867" classname="Test Cases/Admission/TC_23_Verified_Verify Selection process stages" status="PASSED">
         <system-out><![CDATA[2023-06-14 17:37:37 - [TEST_CASE][PASSED] - Test Cases/Admission/TC_23_Verified_Verify Selection process stages: Test Cases/Admission/TC_23_Verified_Verify Selection process stages

2023-06-14 17:37:37 - [TEST_STEP][PASSED] - CommonActions.elementClick(findTestObject("Object Repository/Admission/CommonObjects/Add button"), "Add button"): Add button clicked once

2023-06-14 17:37:37 - [MESSAGE][INFO] - Clicking on Add button

2023-06-14 17:37:38 - [MESSAGE][PASSED] - Execute JavaScript 'arguments[0].setAttribute('style', 'border: 3px solid red;');' successfully

2023-06-14 17:37:39 - [MESSAGE][PASSED] - Delayed 1 second(s)

2023-06-14 17:37:40 - [MESSAGE][PASSED] - Add button clicked once

2023-06-14 17:37:40 - [TEST_STEP][PASSED] - AssesmentProcessNameWithStage = CommonActions.randomNameGenerator(): CommonActions.randomNameGenerator is PASSED

2023-06-14 17:37:40 - [MESSAGE][PASSED] - CommonActions.randomNameGenerator is PASSED

2023-06-14 17:37:40 - [TEST_STEP][PASSED] - out.println(AssesmentProcessNameWithStage): null

2023-06-14 17:37:40 - [TEST_STEP][PASSED] - CommonActions.clickOnElementAndTypeText(findTestObject("Object Repository/Admission/TC_01_ Pre-requisites for Admission/Assesement process name"), AssesmentProcessNameWithStage, "Asssement name field"): CommonActions.clickOnElementAndTypeText is PASSED

2023-06-14 17:37:41 - [MESSAGE][PASSED] - Execute JavaScript 'arguments[0].setAttribute('style', 'border: 3px solid red;');' successfully

2023-06-14 17:37:42 - [MESSAGE][PASSED] - Delayed 1 second(s)

2023-06-14 17:37:43 - [MESSAGE][PASSED] - Delayed 1 second(s)

2023-06-14 17:37:43 - [MESSAGE][PASSED] - Keys 'CONTROL + a' sent to object: 'Object Repository/Admission/TC_01_ Pre-requisites for Admission/Assesement process name'

2023-06-14 17:37:43 - [MESSAGE][PASSED] - Keys 'DELETE + ' sent to object: 'Object Repository/Admission/TC_01_ Pre-requisites for Admission/Assesement process name'

2023-06-14 17:37:44 - [MESSAGE][PASSED] - Delayed 1 second(s)

2023-06-14 17:37:45 - [MESSAGE][PASSED] - Execute JavaScript 'arguments[0].setAttribute('style', 'border: 2px solid green;');' successfully

2023-06-14 17:37:46 - [MESSAGE][PASSED] - Delayed 1 second(s)

2023-06-14 17:37:46 - [MESSAGE][INFO] - Sent AutomationsQAcGtto the Asssement name field

2023-06-14 17:37:46 - [MESSAGE][PASSED] - CommonActions.clickOnElementAndTypeText is PASSED

2023-06-14 17:37:46 - [TEST_STEP][PASSED] - CommonActions.elementClick(findTestObject("Object Repository/Admission/TC_01_ Pre-requisites for Admission/Assesment process dropdown"), "Assesment process dropdown"): Assesment process dropdown clicked once

2023-06-14 17:37:46 - [MESSAGE][INFO] - Clicking on Assesment process dropdown

2023-06-14 17:37:47 - [MESSAGE][PASSED] - Execute JavaScript 'arguments[0].setAttribute('style', 'border: 3px solid red;');' successfully

2023-06-14 17:37:48 - [MESSAGE][PASSED] - Delayed 1 second(s)

2023-06-14 17:37:48 - [MESSAGE][PASSED] - Assesment process dropdown clicked once

2023-06-14 17:37:48 - [TEST_STEP][PASSED] - CommonActions.elementClick(findTestObject("Object Repository/Admission/TC_01_ Pre-requisites for Admission/Admission option"), "Admission option"): Admission option clicked once

2023-06-14 17:37:49 - [MESSAGE][INFO] - Clicking on Admission option

2023-06-14 17:37:49 - [MESSAGE][PASSED] - Execute JavaScript 'arguments[0].setAttribute('style', 'border: 3px solid red;');' successfully

2023-06-14 17:37:50 - [MESSAGE][PASSED] - Delayed 1 second(s)

2023-06-14 17:37:50 - [MESSAGE][PASSED] - Admission option clicked once

2023-06-14 17:37:50 - [TEST_STEP][PASSED] - CommonActions.elementClick(findTestObject("Object Repository/Admission/CommonObjects/Save button"), "Save button"): Save button clicked once

2023-06-14 17:37:51 - [MESSAGE][INFO] - Clicking on Save button

2023-06-14 17:37:51 - [MESSAGE][PASSED] - Execute JavaScript 'arguments[0].setAttribute('style', 'border: 3px solid red;');' successfully

2023-06-14 17:37:52 - [MESSAGE][PASSED] - Delayed 1 second(s)

2023-06-14 17:37:52 - [MESSAGE][PASSED] - Save button clicked once

2023-06-14 17:37:52 - [TEST_STEP][PASSED] - CommonActions.elementPresent(findTestObject("Object Repository/Admission/TC_01_ Pre-requisites for Admission/Record added alert"), "Assesment name added alert"): Delayed 1 second(s)

2023-06-14 17:37:53 - [MESSAGE][INFO] - Validating element present or not

2023-06-14 17:37:53 - [MESSAGE][PASSED] - Object 'Object Repository/Admission/TC_01_ Pre-requisites for Admission/Record added alert' is present

2023-06-14 17:37:53 - [MESSAGE][PASSED] - Element clicked once

2023-06-14 17:37:53 - [MESSAGE][INFO] - Assesment name added alert is present

2023-06-14 17:37:54 - [MESSAGE][PASSED] - Execute JavaScript 'arguments[0].setAttribute('style', 'border: 2px solid green;');' successfully

2023-06-14 17:37:55 - [MESSAGE][PASSED] - Delayed 1 second(s)

2023-06-14 17:37:55 - [TEST_STEP][PASSED] - CommonActions.selectLastRow(findTestObject("Object Repository/Admission/TC_20_Verified_Edit_selection process/List of Assesment")): CommonActions.selectLastRow is PASSED

2023-06-14 17:37:57 - [MESSAGE][PASSED] - Delayed 2 second(s)

2023-06-14 17:37:57 - [MESSAGE][PASSED] - CommonActions.selectLastRow is PASSED

2023-06-14 17:37:57 - [TEST_STEP][PASSED] - CommonActions.elementClick(findTestObject("Object Repository/Admission/CommonObjects/Edit Buttton"), "Edit last row"): Edit last row clicked once

2023-06-14 17:37:58 - [MESSAGE][INFO] - Clicking on Edit last row

2023-06-14 17:37:58 - [MESSAGE][PASSED] - Execute JavaScript 'arguments[0].setAttribute('style', 'border: 3px solid red;');' successfully

2023-06-14 17:37:59 - [MESSAGE][PASSED] - Delayed 1 second(s)

2023-06-14 17:38:00 - [MESSAGE][PASSED] - Edit last row clicked once

2023-06-14 17:38:00 - [TEST_STEP][PASSED] - CommonActions.elementClick(findTestObject("Object Repository/Admission/CommonObjects/Nested Tab Add button"), "Add button"): Add button clicked once

2023-06-14 17:38:01 - [MESSAGE][INFO] - Clicking on Add button

2023-06-14 17:38:01 - [MESSAGE][PASSED] - Execute JavaScript 'arguments[0].setAttribute('style', 'border: 3px solid red;');' successfully

2023-06-14 17:38:02 - [MESSAGE][PASSED] - Delayed 1 second(s)

2023-06-14 17:38:03 - [MESSAGE][PASSED] - Add button clicked once

2023-06-14 17:38:03 - [TEST_STEP][PASSED] - CommonActions.clickOnElementAndTypeText(findTestObject("Object Repository/Admission/TC_37_Pre-requisites Assesment process creation with Stage/Stage ID dropdown"), "Assessment Stage", "Stage Dropdowm"): CommonActions.clickOnElementAndTypeText is PASSED

2023-06-14 17:38:04 - [MESSAGE][PASSED] - Execute JavaScript 'arguments[0].setAttribute('style', 'border: 3px solid red;');' successfully

2023-06-14 17:38:05 - [MESSAGE][PASSED] - Delayed 1 second(s)

2023-06-14 17:38:06 - [MESSAGE][PASSED] - Delayed 1 second(s)

2023-06-14 17:38:06 - [MESSAGE][PASSED] - Keys 'CONTROL + a' sent to object: 'Object Repository/Admission/TC_37_Pre-requisites Assesment process creation with Stage/Stage ID dropdown'

2023-06-14 17:38:06 - [MESSAGE][PASSED] - Keys 'DELETE + ' sent to object: 'Object Repository/Admission/TC_37_Pre-requisites Assesment process creation with Stage/Stage ID dropdown'

2023-06-14 17:38:07 - [MESSAGE][PASSED] - Delayed 1 second(s)

2023-06-14 17:38:08 - [MESSAGE][PASSED] - Execute JavaScript 'arguments[0].setAttribute('style', 'border: 2px solid green;');' successfully

2023-06-14 17:38:09 - [MESSAGE][PASSED] - Delayed 1 second(s)

2023-06-14 17:38:09 - [MESSAGE][INFO] - Sent Assessment Stageto the Stage Dropdowm

2023-06-14 17:38:09 - [MESSAGE][PASSED] - CommonActions.clickOnElementAndTypeText is PASSED

2023-06-14 17:38:09 - [TEST_STEP][PASSED] - sendKeys(findTestObject("Object Repository/Admission/TC_37_Pre-requisites Assesment process creation with Stage/Stage ID dropdown"), Keys.chord(ENTER)): Keys 'ENTER + ' sent to object: 'Object Repository/Admission/TC_37_Pre-requisites Assesment process creation with Stage/Stage ID dropdown'

2023-06-14 17:38:09 - [MESSAGE][PASSED] - Keys 'ENTER + ' sent to object: 'Object Repository/Admission/TC_37_Pre-requisites Assesment process creation with Stage/Stage ID dropdown'

2023-06-14 17:38:09 - [TEST_STEP][PASSED] - delay(2): Delayed 2 second(s)

2023-06-14 17:38:11 - [MESSAGE][PASSED] - Delayed 2 second(s)

2023-06-14 17:38:11 - [TEST_STEP][PASSED] - CommonActions.elementClick(findTestObject("Object Repository/Admission/TC_37_Pre-requisites Assesment process creation with Stage/Expected Number of days stage"), "Number of days"): Number of days clicked once

2023-06-14 17:38:12 - [MESSAGE][INFO] - Clicking on Number of days

2023-06-14 17:38:12 - [MESSAGE][PASSED] - Execute JavaScript 'arguments[0].setAttribute('style', 'border: 3px solid red;');' successfully

2023-06-14 17:38:13 - [MESSAGE][PASSED] - Delayed 1 second(s)

2023-06-14 17:38:13 - [MESSAGE][PASSED] - Number of days clicked once

2023-06-14 17:38:13 - [TEST_STEP][PASSED] - CommonActions.elementClick(findTestObject("Object Repository/Admission/CommonObjects/Submit Button Floating Window"), "Submit button"): Submit button clicked once

2023-06-14 17:38:14 - [MESSAGE][INFO] - Clicking on Submit button

2023-06-14 17:38:14 - [MESSAGE][PASSED] - Execute JavaScript 'arguments[0].setAttribute('style', 'border: 3px solid red;');' successfully

2023-06-14 17:38:15 - [MESSAGE][PASSED] - Delayed 1 second(s)

2023-06-14 17:38:16 - [MESSAGE][PASSED] - Submit button clicked once]]></system-out>
         <system-err><![CDATA[]]></system-err>
      </testcase>
      <testcase name="Test Cases/Admission/TC_24_Verified_Edit Selection process stages" time="12.807" classname="Test Cases/Admission/TC_24_Verified_Edit Selection process stages" status="PASSED">
         <system-out><![CDATA[2023-06-14 17:38:16 - [TEST_CASE][PASSED] - Test Cases/Admission/TC_24_Verified_Edit Selection process stages: Test Cases/Admission/TC_24_Verified_Edit Selection process stages

2023-06-14 17:38:16 - [TEST_STEP][PASSED] - CommonActions.elementClick(findTestObject("Object Repository/Admission/CommonObjects/Nested Tab rows"), "First row from data"): First row from data clicked once

2023-06-14 17:38:16 - [MESSAGE][INFO] - Clicking on First row from data

2023-06-14 17:38:17 - [MESSAGE][PASSED] - Execute JavaScript 'arguments[0].setAttribute('style', 'border: 3px solid red;');' successfully

2023-06-14 17:38:18 - [MESSAGE][PASSED] - Delayed 1 second(s)

2023-06-14 17:38:18 - [MESSAGE][PASSED] - First row from data clicked once

2023-06-14 17:38:18 - [TEST_STEP][PASSED] - CommonActions.elementClick(findTestObject("Object Repository/Admission/CommonObjects/Nested Edit button"), "Edit first row"): Edit first row clicked once

2023-06-14 17:38:18 - [MESSAGE][INFO] - Clicking on Edit first row

2023-06-14 17:38:19 - [MESSAGE][PASSED] - Execute JavaScript 'arguments[0].setAttribute('style', 'border: 3px solid red;');' successfully

2023-06-14 17:38:20 - [MESSAGE][PASSED] - Delayed 1 second(s)

2023-06-14 17:38:20 - [MESSAGE][PASSED] - Edit first row clicked once

2023-06-14 17:38:20 - [TEST_STEP][PASSED] - CommonActions.clickOnElementAndTypeText(findTestObject("Object Repository/Admission/TC_24_Verified_Edit Selection process stages/Remark"), "Test stage confguration", "Remark field"): CommonActions.clickOnElementAndTypeText is PASSED

2023-06-14 17:38:21 - [MESSAGE][PASSED] - Execute JavaScript 'arguments[0].setAttribute('style', 'border: 3px solid red;');' successfully

2023-06-14 17:38:22 - [MESSAGE][PASSED] - Delayed 1 second(s)

2023-06-14 17:38:23 - [MESSAGE][PASSED] - Delayed 1 second(s)

2023-06-14 17:38:24 - [MESSAGE][PASSED] - Keys 'CONTROL + a' sent to object: 'Object Repository/Admission/TC_24_Verified_Edit Selection process stages/Remark'

2023-06-14 17:38:24 - [MESSAGE][PASSED] - Keys 'DELETE + ' sent to object: 'Object Repository/Admission/TC_24_Verified_Edit Selection process stages/Remark'

2023-06-14 17:38:25 - [MESSAGE][PASSED] - Delayed 1 second(s)

2023-06-14 17:38:25 - [MESSAGE][PASSED] - Execute JavaScript 'arguments[0].setAttribute('style', 'border: 2px solid green;');' successfully

2023-06-14 17:38:26 - [MESSAGE][PASSED] - Delayed 1 second(s)

2023-06-14 17:38:26 - [MESSAGE][INFO] - Sent Test stage confgurationto the Remark field

2023-06-14 17:38:26 - [MESSAGE][PASSED] - CommonActions.clickOnElementAndTypeText is PASSED

2023-06-14 17:38:26 - [TEST_STEP][PASSED] - CommonActions.elementClick(findTestObject("Object Repository/Admission/CommonObjects/Submit Button Floating Window"), "sumbit button"): sumbit button clicked once

2023-06-14 17:38:27 - [MESSAGE][INFO] - Clicking on sumbit button

2023-06-14 17:38:27 - [MESSAGE][PASSED] - Execute JavaScript 'arguments[0].setAttribute('style', 'border: 3px solid red;');' successfully

2023-06-14 17:38:28 - [MESSAGE][PASSED] - Delayed 1 second(s)

2023-06-14 17:38:28 - [MESSAGE][PASSED] - sumbit button clicked once]]></system-out>
         <system-err><![CDATA[]]></system-err>
      </testcase>
      <testcase name="Test Cases/Admission/TC_25_Verified_View selection process stages" time="7.246" classname="Test Cases/Admission/TC_25_Verified_View selection process stages" status="PASSED">
         <system-out><![CDATA[2023-06-14 17:38:28 - [TEST_CASE][PASSED] - Test Cases/Admission/TC_25_Verified_View selection process stages: Test Cases/Admission/TC_25_Verified_View selection process stages

2023-06-14 17:38:29 - [TEST_STEP][PASSED] - CommonActions.elementClick(findTestObject("Object Repository/Admission/CommonObjects/Nested Tab rows"), "First row from data"): First row from data clicked once

2023-06-14 17:38:29 - [MESSAGE][INFO] - Clicking on First row from data

2023-06-14 17:38:30 - [MESSAGE][PASSED] - Execute JavaScript 'arguments[0].setAttribute('style', 'border: 3px solid red;');' successfully

2023-06-14 17:38:31 - [MESSAGE][PASSED] - Delayed 1 second(s)

2023-06-14 17:38:31 - [MESSAGE][PASSED] - First row from data clicked once

2023-06-14 17:38:31 - [TEST_STEP][PASSED] - CommonActions.elementClick(findTestObject("Object Repository/Admission/TC_26_Verified_View selection process stages/view button"), "view button"): view button clicked once

2023-06-14 17:38:31 - [MESSAGE][INFO] - Clicking on view button

2023-06-14 17:38:32 - [MESSAGE][PASSED] - Execute JavaScript 'arguments[0].setAttribute('style', 'border: 3px solid red;');' successfully

2023-06-14 17:38:33 - [MESSAGE][PASSED] - Delayed 1 second(s)

2023-06-14 17:38:33 - [MESSAGE][PASSED] - view button clicked once

2023-06-14 17:38:33 - [TEST_STEP][PASSED] - CommonActions.elementClick(findTestObject("Object Repository/Admission/TC_26_Verified_View selection process stages/Cancel butoon"), "cancel button"): cancel button clicked once

2023-06-14 17:38:34 - [MESSAGE][INFO] - Clicking on cancel button

2023-06-14 17:38:34 - [MESSAGE][PASSED] - Execute JavaScript 'arguments[0].setAttribute('style', 'border: 3px solid red;');' successfully

2023-06-14 17:38:35 - [MESSAGE][PASSED] - Delayed 1 second(s)

2023-06-14 17:38:36 - [MESSAGE][PASSED] - cancel button clicked once]]></system-out>
         <system-err><![CDATA[]]></system-err>
      </testcase>
      <testcase name="Test Cases/Admission/TC_26_Verified_Delete selection process stages" time="6.379" classname="Test Cases/Admission/TC_26_Verified_Delete selection process stages" status="PASSED">
         <system-out><![CDATA[2023-06-14 17:38:36 - [TEST_CASE][PASSED] - Test Cases/Admission/TC_26_Verified_Delete selection process stages: Test Cases/Admission/TC_26_Verified_Delete selection process stages

2023-06-14 17:38:36 - [TEST_STEP][PASSED] - CommonActions.elementClick(findTestObject("Object Repository/Admission/CommonObjects/Nested Tab rows"), "First row from data"): First row from data clicked once

2023-06-14 17:38:37 - [MESSAGE][INFO] - Clicking on First row from data

2023-06-14 17:38:37 - [MESSAGE][PASSED] - Execute JavaScript 'arguments[0].setAttribute('style', 'border: 3px solid red;');' successfully

2023-06-14 17:38:38 - [MESSAGE][PASSED] - Delayed 1 second(s)

2023-06-14 17:38:38 - [MESSAGE][PASSED] - First row from data clicked once

2023-06-14 17:38:38 - [TEST_STEP][PASSED] - CommonActions.elementClick(findTestObject("Object Repository/Admission/CommonObjects/Nested tab delete button"), "delete button"): delete button clicked once

2023-06-14 17:38:39 - [MESSAGE][INFO] - Clicking on delete button

2023-06-14 17:38:39 - [MESSAGE][PASSED] - Execute JavaScript 'arguments[0].setAttribute('style', 'border: 3px solid red;');' successfully

2023-06-14 17:38:40 - [MESSAGE][PASSED] - Delayed 1 second(s)

2023-06-14 17:38:40 - [MESSAGE][PASSED] - delete button clicked once

2023-06-14 17:38:40 - [TEST_STEP][PASSED] - CommonActions.elementClick(findTestObject("Object Repository/Admission/TC_27_Verified_Delete selection process stages/Yes button"), "Confirm yes button"): Confirm yes button clicked once

2023-06-14 17:38:41 - [MESSAGE][INFO] - Clicking on Confirm yes button

2023-06-14 17:38:41 - [MESSAGE][PASSED] - Execute JavaScript 'arguments[0].setAttribute('style', 'border: 3px solid red;');' successfully

2023-06-14 17:38:42 - [MESSAGE][PASSED] - Delayed 1 second(s)

2023-06-14 17:38:42 - [MESSAGE][PASSED] - Confirm yes button clicked once]]></system-out>
         <system-err><![CDATA[]]></system-err>
      </testcase>
      <system-out><![CDATA[2023-06-14 17:34:58 - [TEST_SUITE][PASSED] - Admission Test suite: Test Cases/Admission/TC_26_Verified_Delete selection process stages]]></system-out>
      <system-err><![CDATA[]]></system-err>
   </testsuite>
</testsuites>
