<?xml version="1.0" encoding="UTF-8"?>
<testsuites name="Admission Test suite" time="0.645" tests="1" failures="0" errors="0">
   <testsuite name="Admission Test suite" tests="1" failures="0" errors="0" time="0.645" skipped="0" timestamp="2023-06-14 10:23:26" hostname="Laxman Jagarlamud - LAPTOP-LNCQBP1R" id="Test Suites/Admission Test suite">
      <properties>
         <property name="deviceName" value=""/>
         <property name="devicePlatform" value=""/>
         <property name="logFolder" value="C:\\Users\\Laxman Jagarlamud\\git\\qa-automation-regression-ui\\Reports\\20230614_102317\\Admission Test suite\\20230614_102317"/>
         <property name="logFiles" value="C:\\Users\\Laxman Jagarlamud\\git\\qa-automation-regression-ui\\Reports\\20230614_102317\\Admission Test suite\\20230614_102317\\execution0.log"/>
         <property name="attachments" value=""/>
         <property name="hostName" value="Laxman Jagarlamud - LAPTOP-LNCQBP1R"/>
         <property name="hostAddress" value="192.168.0.29"/>
         <property name="os" value="Windows 11 64bit"/>
         <property name="katalonVersion" value="8.6.5.208"/>
      </properties>
      <testcase name="Test Cases/Admission/TC_24_Verify Selection process stages(interview)" time="0.313" classname="Test Cases/Admission/TC_24_Verify Selection process stages(interview)" status="PASSED">
         <system-out><![CDATA[2023-06-14 10:23:26 - [TEST_CASE][PASSED] - Test Cases/Admission/TC_24_Verify Selection process stages(interview): Test Cases/Admission/TC_24_Verify Selection process stages(interview)

2023-06-14 10:23:26 - [TEST_STEP][PASSED] - return null: null]]></system-out>
         <system-err><![CDATA[]]></system-err>
      </testcase>
      <system-out><![CDATA[2023-06-14 10:23:26 - [TEST_SUITE][PASSED] - Admission Test suite: Test Cases/Admission/TC_24_Verify Selection process stages(interview)]]></system-out>
      <system-err><![CDATA[]]></system-err>
   </testsuite>
</testsuites>
