<?xml version="1.0" encoding="UTF-8"?>
<testsuites name="Program and courses" time="131.072" tests="5" failures="0" errors="0">
   <testsuite name="Program and courses" tests="5" failures="0" errors="0" time="131.072" skipped="0" timestamp="2023-07-11 17:56:36" hostname="Laxman Jagarlamud - LAPTOP-LNCQBP1R" id="Test Suites/Program and courses">
      <properties>
         <property name="deviceName" value=""/>
         <property name="devicePlatform" value=""/>
         <property name="logFolder" value="C:\\Users\\Laxman Jagarlamud\\git\\qa-automation-regression-ui\\Reports\\20230711_175628\\Program and courses\\20230711_175628"/>
         <property name="logFiles" value="C:\\Users\\Laxman Jagarlamud\\git\\qa-automation-regression-ui\\Reports\\20230711_175628\\Program and courses\\20230711_175628\\execution0.log"/>
         <property name="attachments" value=""/>
         <property name="hostName" value="Laxman Jagarlamud - LAPTOP-LNCQBP1R"/>
         <property name="os" value="Windows 11 64bit"/>
         <property name="katalonVersion" value="8.6.5.208"/>
         <property name="browser" value="Chrome 114.0.0.0"/>
         <property name="hostAddress" value="192.168.0.25"/>
         <property name="sessionId" value="d7a7167951925c4865a9b3fdcd798b4f"/>
         <property name="seleniumVersion" value="3.141.59"/>
         <property name="proxyInformation" value="ProxyInformation { proxyOption=NO_PROXY, proxyServerType=HTTP, username=, password=********, proxyServerAddress=, proxyServerPort=0, executionList=&quot;&quot;, isApplyToDesiredCapabilities=true }"/>
         <property name="platform" value="Windows 11"/>
      </properties>
      <testcase name="Test Cases/Program and courses/TC_27_Verified_ Mangae course topics Seaarch Filter" time="77.303" classname="Test Cases/Program and courses/TC_27_Verified_ Mangae course topics Seaarch Filter" status="PASSED">
         <system-out><![CDATA[2023-07-11 17:56:37 - [TEST_CASE][PASSED] - Test Cases/Program and courses/TC_27_Verified_ Mangae course topics Seaarch Filter: Test Cases/Program and courses/TC_27_Verified_ Mangae course topics Seaarch Filter

2023-07-11 17:56:37 - [TEST_STEP][PASSED] - callTestCase(findTestCase("Pre-Admission/TC_01_Validate the login"), [:], STOP_ON_FAILURE): Call Test Case 'Test Cases/Pre-Admission/TC_01_Validate the login' successfully

2023-07-11 17:56:37 - [TEST_CASE][PASSED] - Test Cases/Pre-Admission/TC_01_Validate the login: Test Cases/Pre-Admission/TC_01_Validate the login

2023-07-11 17:56:38 - [TEST_STEP][PASSED] - openBrowser(""): Browser is opened with url: ''

2023-07-11 17:56:38 - [MESSAGE][INFO] - Starting 'Chrome' driver

2023-07-11 17:56:38 - [MESSAGE][INFO] - Action delay is set to 0 milliseconds

2023-07-11 17:56:40 - [MESSAGE][PASSED] - Browser is opened with url: ''

2023-07-11 17:56:40 - [TEST_STEP][PASSED] - navigateToUrl(url): Navigate to 'https://regression1.academiaerp.com/' successfully

2023-07-11 17:56:44 - [MESSAGE][PASSED] - Navigate to 'https://regression1.academiaerp.com/' successfully

2023-07-11 17:56:44 - [TEST_STEP][PASSED] - maximizeWindow(): Current window maximized

2023-07-11 17:56:45 - [MESSAGE][PASSED] - Current window maximized

2023-07-11 17:56:45 - [TEST_STEP][PASSED] - click(findTestObject("Object Repository/preadmission/TC_01/Page_Academia/Admin_tab")): Object: 'Object Repository/preadmission/TC_01/Page_Academia/Admin_tab' is clicked on

2023-07-11 17:56:45 - [MESSAGE][PASSED] - Object: 'Object Repository/preadmission/TC_01/Page_Academia/Admin_tab' is clicked on

2023-07-11 17:56:45 - [TEST_STEP][PASSED] - CommonActions.clickOnElementAndTypeText(findTestObject("Object Repository/preadmission/TC_01/Page_Academia/input_Username  Email_email"), Username, "Username textfield"): CommonActions.clickOnElementAndTypeText is PASSED

2023-07-11 17:56:46 - [MESSAGE][PASSED] - Execute JavaScript 'arguments[0].setAttribute('style', 'border: 3px solid red;');' successfully

2023-07-11 17:56:47 - [MESSAGE][PASSED] - Delayed 1 second(s)

2023-07-11 17:56:48 - [MESSAGE][PASSED] - Delayed 1 second(s)

2023-07-11 17:56:49 - [MESSAGE][PASSED] - Keys 'CONTROL + a' sent to object: 'Object Repository/preadmission/TC_01/Page_Academia/input_Username  Email_email'

2023-07-11 17:56:49 - [MESSAGE][PASSED] - Keys 'DELETE + ' sent to object: 'Object Repository/preadmission/TC_01/Page_Academia/input_Username  Email_email'

2023-07-11 17:56:50 - [MESSAGE][PASSED] - Delayed 1 second(s)

2023-07-11 17:56:51 - [MESSAGE][PASSED] - Execute JavaScript 'arguments[0].setAttribute('style', 'border: 2px solid green;');' successfully

2023-07-11 17:56:52 - [MESSAGE][PASSED] - Delayed 1 second(s)

2023-07-11 17:56:52 - [MESSAGE][INFO] - Sent sysadminto the Username textfield

2023-07-11 17:56:52 - [MESSAGE][PASSED] - CommonActions.clickOnElementAndTypeText is PASSED

2023-07-11 17:56:52 - [TEST_STEP][PASSED] - CommonActions.clickOnElementAndTypeText(findTestObject("Object Repository/preadmission/TC_01/Page_Academia/input_Password_password"), Password, "Password textfield"): CommonActions.clickOnElementAndTypeText is PASSED

2023-07-11 17:56:52 - [MESSAGE][PASSED] - Execute JavaScript 'arguments[0].setAttribute('style', 'border: 3px solid red;');' successfully

2023-07-11 17:56:53 - [MESSAGE][PASSED] - Delayed 1 second(s)

2023-07-11 17:56:55 - [MESSAGE][PASSED] - Delayed 1 second(s)

2023-07-11 17:56:55 - [MESSAGE][PASSED] - Keys 'CONTROL + a' sent to object: 'Object Repository/preadmission/TC_01/Page_Academia/input_Password_password'

2023-07-11 17:56:55 - [MESSAGE][PASSED] - Keys 'DELETE + ' sent to object: 'Object Repository/preadmission/TC_01/Page_Academia/input_Password_password'

2023-07-11 17:56:56 - [MESSAGE][PASSED] - Delayed 1 second(s)

2023-07-11 17:56:57 - [MESSAGE][PASSED] - Execute JavaScript 'arguments[0].setAttribute('style', 'border: 2px solid green;');' successfully

2023-07-11 17:56:58 - [MESSAGE][PASSED] - Delayed 1 second(s)

2023-07-11 17:56:58 - [MESSAGE][INFO] - Sent passwordto the Password textfield

2023-07-11 17:56:58 - [MESSAGE][PASSED] - CommonActions.clickOnElementAndTypeText is PASSED

2023-07-11 17:56:58 - [TEST_STEP][PASSED] - CommonActions.elementClick(findTestObject("Object Repository/preadmission/TC_01/Page_Academia/input_Forgot password_signin"), "Sign in button"): Sign in button clicked once

2023-07-11 17:56:58 - [MESSAGE][INFO] - Clicking on Sign in button

2023-07-11 17:56:59 - [MESSAGE][PASSED] - Execute JavaScript 'arguments[0].setAttribute('style', 'border: 3px solid red;');' successfully

2023-07-11 17:57:00 - [MESSAGE][PASSED] - Delayed 1 second(s)

2023-07-11 17:57:00 - [MESSAGE][PASSED] - Sign in button clicked once

2023-07-11 17:57:00 - [TEST_STEP][PASSED] - delay(30): Delayed 30 second(s)

2023-07-11 17:57:30 - [MESSAGE][PASSED] - Delayed 30 second(s)

2023-07-11 17:57:30 - [TEST_STEP][PASSED] - CommonActions.elementPresent(findTestObject("Object Repository/preadmission/TC_01/Page_Academia/label_Administrator"), "Adminstartor portal header"): Delayed 1 second(s)

2023-07-11 17:57:30 - [MESSAGE][INFO] - Validating element present or not

2023-07-11 17:57:31 - [MESSAGE][PASSED] - Object 'Object Repository/preadmission/TC_01/Page_Academia/label_Administrator' is present

2023-07-11 17:57:31 - [MESSAGE][PASSED] - Element clicked once

2023-07-11 17:57:31 - [MESSAGE][INFO] - Adminstartor portal header is present

2023-07-11 17:57:31 - [MESSAGE][PASSED] - Execute JavaScript 'arguments[0].setAttribute('style', 'border: 2px solid green;');' successfully

2023-07-11 17:57:32 - [MESSAGE][PASSED] - Delayed 1 second(s)

2023-07-11 17:57:32 - [TEST_STEP][PASSED] - CommonActions.verifyExactElementText(findTestObject("Object Repository/preadmission/TC_01/Page_Academia/label_Administrator"), AdminPortalHeaderText, "Adminstartor portal header"): Delayed 1 second(s)

2023-07-11 17:57:33 - [MESSAGE][PASSED] - Adminstartor portal headertext is verified

2023-07-11 17:57:33 - [MESSAGE][PASSED] - Execute JavaScript 'arguments[0].setAttribute('style', 'border: 2px solid green;');' successfully

2023-07-11 17:57:34 - [MESSAGE][PASSED] - Delayed 1 second(s)

2023-07-11 17:57:34 - [MESSAGE][PASSED] - Call Test Case 'Test Cases/Pre-Admission/TC_01_Validate the login' successfully

2023-07-11 17:57:34 - [TEST_STEP][PASSED] - mouseOver(findTestObject("Object Repository/Program and courses/TC_01_Verified_program_serach_filter/Grades and Subjects")): Object: 'Object Repository/Program and courses/TC_01_Verified_program_serach_filter/Grades and Subjects' is hovered

2023-07-11 17:57:35 - [MESSAGE][PASSED] - Object: 'Object Repository/Program and courses/TC_01_Verified_program_serach_filter/Grades and Subjects' is hovered

2023-07-11 17:57:35 - [TEST_STEP][PASSED] - CommonActions.elementClick(findTestObject("Object Repository/Program and courses/TC_01_Verified_program_serach_filter/Grades and Subjects"), "Grades and Subjects"): Grades and Subjects clicked once

2023-07-11 17:57:36 - [MESSAGE][INFO] - Clicking on Grades and Subjects

2023-07-11 17:57:36 - [MESSAGE][PASSED] - Execute JavaScript 'arguments[0].setAttribute('style', 'border: 3px solid red;');' successfully

2023-07-11 17:57:37 - [MESSAGE][PASSED] - Delayed 1 second(s)

2023-07-11 17:57:37 - [MESSAGE][PASSED] - Grades and Subjects clicked once

2023-07-11 17:57:37 - [TEST_STEP][PASSED] - CommonActions.elementClick(findTestObject("Object Repository/Program and courses/TC_27_Verified_ Mangae course topics Seaarch Filter/Managae course_ TopicT ab"), "managae course topic tab"): managae course topic tab clicked once

2023-07-11 17:57:39 - [MESSAGE][INFO] - Clicking on managae course topic tab

2023-07-11 17:57:39 - [MESSAGE][PASSED] - Execute JavaScript 'arguments[0].setAttribute('style', 'border: 3px solid red;');' successfully

2023-07-11 17:57:40 - [MESSAGE][PASSED] - Delayed 1 second(s)

2023-07-11 17:57:41 - [MESSAGE][PASSED] - managae course topic tab clicked once

2023-07-11 17:57:41 - [TEST_STEP][PASSED] - CommonActions.clickOnElementAndTypeText(findTestObject("Object Repository/Program and courses/TC_27_Verified_ Mangae course topics Seaarch Filter/course name"), "test", "coursename fileld"): CommonActions.clickOnElementAndTypeText is PASSED

2023-07-11 17:57:42 - [MESSAGE][PASSED] - Execute JavaScript 'arguments[0].setAttribute('style', 'border: 3px solid red;');' successfully

2023-07-11 17:57:43 - [MESSAGE][PASSED] - Delayed 1 second(s)

2023-07-11 17:57:44 - [MESSAGE][PASSED] - Delayed 1 second(s)

2023-07-11 17:57:45 - [MESSAGE][PASSED] - Keys 'CONTROL + a' sent to object: 'Object Repository/Program and courses/TC_27_Verified_ Mangae course topics Seaarch Filter/course name'

2023-07-11 17:57:45 - [MESSAGE][PASSED] - Keys 'DELETE + ' sent to object: 'Object Repository/Program and courses/TC_27_Verified_ Mangae course topics Seaarch Filter/course name'

2023-07-11 17:57:46 - [MESSAGE][PASSED] - Delayed 1 second(s)

2023-07-11 17:57:47 - [MESSAGE][PASSED] - Execute JavaScript 'arguments[0].setAttribute('style', 'border: 2px solid green;');' successfully

2023-07-11 17:57:48 - [MESSAGE][PASSED] - Delayed 1 second(s)

2023-07-11 17:57:48 - [MESSAGE][INFO] - Sent testto the coursename fileld

2023-07-11 17:57:48 - [MESSAGE][PASSED] - CommonActions.clickOnElementAndTypeText is PASSED

2023-07-11 17:57:48 - [TEST_STEP][PASSED] - sendKeys(findTestObject("Object Repository/Program and courses/TC_27_Verified_ Mangae course topics Seaarch Filter/course name"), Keys.chord(DOWN)): Keys 'DOWN + ' sent to object: 'Object Repository/Program and courses/TC_27_Verified_ Mangae course topics Seaarch Filter/course name'

2023-07-11 17:57:49 - [MESSAGE][PASSED] - Keys 'DOWN + ' sent to object: 'Object Repository/Program and courses/TC_27_Verified_ Mangae course topics Seaarch Filter/course name'

2023-07-11 17:57:49 - [TEST_STEP][PASSED] - sendKeys(findTestObject("Object Repository/Program and courses/TC_27_Verified_ Mangae course topics Seaarch Filter/course name"), Keys.chord(ENTER)): Keys 'ENTER + ' sent to object: 'Object Repository/Program and courses/TC_27_Verified_ Mangae course topics Seaarch Filter/course name'

2023-07-11 17:57:50 - [MESSAGE][PASSED] - Keys 'ENTER + ' sent to object: 'Object Repository/Program and courses/TC_27_Verified_ Mangae course topics Seaarch Filter/course name'

2023-07-11 17:57:50 - [TEST_STEP][PASSED] - CommonActions.elementClick(findTestObject("Object Repository/Program and courses/TC_27_Verified_ Mangae course topics Seaarch Filter/Search button"), "search button"): search button clicked once

2023-07-11 17:57:50 - [MESSAGE][INFO] - Clicking on search button

2023-07-11 17:57:50 - [MESSAGE][PASSED] - Execute JavaScript 'arguments[0].setAttribute('style', 'border: 3px solid red;');' successfully

2023-07-11 17:57:51 - [MESSAGE][PASSED] - Delayed 1 second(s)

2023-07-11 17:57:52 - [MESSAGE][PASSED] - search button clicked once

2023-07-11 17:57:52 - [TEST_STEP][PASSED] - CommonActions.elementPresent(findTestObject("Object Repository/Program and courses/TC_27_Verified_ Mangae course topics Seaarch Filter/Subject topic Header"), "Search header"): Delayed 1 second(s)

2023-07-11 17:57:52 - [MESSAGE][INFO] - Validating element present or not

2023-07-11 17:57:53 - [MESSAGE][PASSED] - Object 'Object Repository/Program and courses/TC_27_Verified_ Mangae course topics Seaarch Filter/Subject topic Header' is present

2023-07-11 17:57:53 - [MESSAGE][PASSED] - Element clicked once

2023-07-11 17:57:53 - [MESSAGE][INFO] - Search header is present

2023-07-11 17:57:53 - [MESSAGE][PASSED] - Execute JavaScript 'arguments[0].setAttribute('style', 'border: 2px solid green;');' successfully

2023-07-11 17:57:54 - [MESSAGE][PASSED] - Delayed 1 second(s)]]></system-out>
         <system-err><![CDATA[]]></system-err>
      </testcase>
      <testcase name="Test Cases/Program and courses/TC_28_Verified_Add_course_Topic" time="23.92" classname="Test Cases/Program and courses/TC_28_Verified_Add_course_Topic" status="PASSED">
         <system-out><![CDATA[2023-07-11 17:57:54 - [TEST_CASE][PASSED] - Test Cases/Program and courses/TC_28_Verified_Add_course_Topic: Test Cases/Program and courses/TC_28_Verified_Add_course_Topic

2023-07-11 17:57:54 - [TEST_STEP][PASSED] - CommonActions.elementClick(findTestObject("Object Repository/Program and courses/TC_28_Verified_Add_course_Topic/add button"), "add button"): add button clicked once

2023-07-11 17:57:55 - [MESSAGE][INFO] - Clicking on add button

2023-07-11 17:57:55 - [MESSAGE][PASSED] - Execute JavaScript 'arguments[0].setAttribute('style', 'border: 3px solid red;');' successfully

2023-07-11 17:57:56 - [MESSAGE][PASSED] - Delayed 1 second(s)

2023-07-11 17:57:57 - [MESSAGE][PASSED] - add button clicked once

2023-07-11 17:57:57 - [TEST_STEP][PASSED] - CommonActions.clickOnElementAndTypeText(findTestObject("Object Repository/Program and courses/TC_28_Verified_Add_course_Topic/Topic sequence"), "11", "Topicsequnce filed"): CommonActions.clickOnElementAndTypeText is PASSED

2023-07-11 17:57:57 - [MESSAGE][PASSED] - Execute JavaScript 'arguments[0].setAttribute('style', 'border: 3px solid red;');' successfully

2023-07-11 17:57:58 - [MESSAGE][PASSED] - Delayed 1 second(s)

2023-07-11 17:57:59 - [MESSAGE][PASSED] - Delayed 1 second(s)

2023-07-11 17:58:00 - [MESSAGE][PASSED] - Keys 'CONTROL + a' sent to object: 'Object Repository/Program and courses/TC_28_Verified_Add_course_Topic/Topic sequence'

2023-07-11 17:58:00 - [MESSAGE][PASSED] - Keys 'DELETE + ' sent to object: 'Object Repository/Program and courses/TC_28_Verified_Add_course_Topic/Topic sequence'

2023-07-11 17:58:01 - [MESSAGE][PASSED] - Delayed 1 second(s)

2023-07-11 17:58:02 - [MESSAGE][PASSED] - Execute JavaScript 'arguments[0].setAttribute('style', 'border: 2px solid green;');' successfully

2023-07-11 17:58:03 - [MESSAGE][PASSED] - Delayed 1 second(s)

2023-07-11 17:58:03 - [MESSAGE][INFO] - Sent 11to the Topicsequnce filed

2023-07-11 17:58:03 - [MESSAGE][PASSED] - CommonActions.clickOnElementAndTypeText is PASSED

2023-07-11 17:58:03 - [TEST_STEP][PASSED] - CommonActions.clickOnElementAndTypeText(findTestObject("Object Repository/Program and courses/TC_28_Verified_Add_course_Topic/Topic code"), "katalon9", "topiccode field"): CommonActions.clickOnElementAndTypeText is PASSED

2023-07-11 17:58:04 - [MESSAGE][PASSED] - Execute JavaScript 'arguments[0].setAttribute('style', 'border: 3px solid red;');' successfully

2023-07-11 17:58:05 - [MESSAGE][PASSED] - Delayed 1 second(s)

2023-07-11 17:58:06 - [MESSAGE][PASSED] - Delayed 1 second(s)

2023-07-11 17:58:06 - [MESSAGE][PASSED] - Keys 'CONTROL + a' sent to object: 'Object Repository/Program and courses/TC_28_Verified_Add_course_Topic/Topic code'

2023-07-11 17:58:06 - [MESSAGE][PASSED] - Keys 'DELETE + ' sent to object: 'Object Repository/Program and courses/TC_28_Verified_Add_course_Topic/Topic code'

2023-07-11 17:58:07 - [MESSAGE][PASSED] - Delayed 1 second(s)

2023-07-11 17:58:08 - [MESSAGE][PASSED] - Execute JavaScript 'arguments[0].setAttribute('style', 'border: 2px solid green;');' successfully

2023-07-11 17:58:09 - [MESSAGE][PASSED] - Delayed 1 second(s)

2023-07-11 17:58:09 - [MESSAGE][INFO] - Sent katalon9to the topiccode field

2023-07-11 17:58:09 - [MESSAGE][PASSED] - CommonActions.clickOnElementAndTypeText is PASSED

2023-07-11 17:58:09 - [TEST_STEP][PASSED] - CommonActions.clickOnElementAndTypeText(findTestObject("Object Repository/Program and courses/TC_28_Verified_Add_course_Topic/Topic name"), "Katalon", "topicname filed"): CommonActions.clickOnElementAndTypeText is PASSED

2023-07-11 17:58:10 - [MESSAGE][PASSED] - Execute JavaScript 'arguments[0].setAttribute('style', 'border: 3px solid red;');' successfully

2023-07-11 17:58:11 - [MESSAGE][PASSED] - Delayed 1 second(s)

2023-07-11 17:58:12 - [MESSAGE][PASSED] - Delayed 1 second(s)

2023-07-11 17:58:13 - [MESSAGE][PASSED] - Keys 'CONTROL + a' sent to object: 'Object Repository/Program and courses/TC_28_Verified_Add_course_Topic/Topic name'

2023-07-11 17:58:13 - [MESSAGE][PASSED] - Keys 'DELETE + ' sent to object: 'Object Repository/Program and courses/TC_28_Verified_Add_course_Topic/Topic name'

2023-07-11 17:58:14 - [MESSAGE][PASSED] - Delayed 1 second(s)

2023-07-11 17:58:15 - [MESSAGE][PASSED] - Execute JavaScript 'arguments[0].setAttribute('style', 'border: 2px solid green;');' successfully

2023-07-11 17:58:16 - [MESSAGE][PASSED] - Delayed 1 second(s)

2023-07-11 17:58:16 - [MESSAGE][INFO] - Sent Katalonto the topicname filed

2023-07-11 17:58:16 - [MESSAGE][PASSED] - CommonActions.clickOnElementAndTypeText is PASSED

2023-07-11 17:58:16 - [TEST_STEP][PASSED] - CommonActions.elementClick(findTestObject("Object Repository/Program and courses/TC_28_Verified_Add_course_Topic/Save button"), "save button"): save button clicked once

2023-07-11 17:58:16 - [MESSAGE][INFO] - Clicking on save button

2023-07-11 17:58:17 - [MESSAGE][PASSED] - Execute JavaScript 'arguments[0].setAttribute('style', 'border: 3px solid red;');' successfully

2023-07-11 17:58:18 - [MESSAGE][PASSED] - Delayed 1 second(s)

2023-07-11 17:58:18 - [MESSAGE][PASSED] - save button clicked once]]></system-out>
         <system-err><![CDATA[]]></system-err>
      </testcase>
      <testcase name="Test Cases/Program and courses/TC_29_Verified_Edit_course_Topic" time="12.994" classname="Test Cases/Program and courses/TC_29_Verified_Edit_course_Topic" status="PASSED">
         <system-out><![CDATA[2023-07-11 17:58:18 - [TEST_CASE][PASSED] - Test Cases/Program and courses/TC_29_Verified_Edit_course_Topic: Test Cases/Program and courses/TC_29_Verified_Edit_course_Topic

2023-07-11 17:58:18 - [TEST_STEP][PASSED] - CommonActions.elementClick(findTestObject("Object Repository/Program and courses/TC_29_Verified_Edit_course_Topic/Row Selection"), "Row selection"): Row selection clicked once

2023-07-11 17:58:19 - [MESSAGE][INFO] - Clicking on Row selection

2023-07-11 17:58:19 - [MESSAGE][PASSED] - Execute JavaScript 'arguments[0].setAttribute('style', 'border: 3px solid red;');' successfully

2023-07-11 17:58:20 - [MESSAGE][PASSED] - Delayed 1 second(s)

2023-07-11 17:58:20 - [MESSAGE][PASSED] - Row selection clicked once

2023-07-11 17:58:20 - [TEST_STEP][PASSED] - CommonActions.elementClick(findTestObject("Object Repository/Program and courses/TC_29_Verified_Edit_course_Topic/Edit button"), "edit button"): edit button clicked once

2023-07-11 17:58:21 - [MESSAGE][INFO] - Clicking on edit button

2023-07-11 17:58:21 - [MESSAGE][PASSED] - Execute JavaScript 'arguments[0].setAttribute('style', 'border: 3px solid red;');' successfully

2023-07-11 17:58:22 - [MESSAGE][PASSED] - Delayed 1 second(s)

2023-07-11 17:58:23 - [MESSAGE][PASSED] - edit button clicked once

2023-07-11 17:58:23 - [TEST_STEP][PASSED] - CommonActions.clickOnElementAndTypeText(findTestObject("Object Repository/Program and courses/TC_29_Verified_Edit_course_Topic/comments"), "Topic created", "comment field"): CommonActions.clickOnElementAndTypeText is PASSED

2023-07-11 17:58:24 - [MESSAGE][PASSED] - Execute JavaScript 'arguments[0].setAttribute('style', 'border: 3px solid red;');' successfully

2023-07-11 17:58:25 - [MESSAGE][PASSED] - Delayed 1 second(s)

2023-07-11 17:58:26 - [MESSAGE][PASSED] - Delayed 1 second(s)

2023-07-11 17:58:26 - [MESSAGE][PASSED] - Keys 'CONTROL + a' sent to object: 'Object Repository/Program and courses/TC_29_Verified_Edit_course_Topic/comments'

2023-07-11 17:58:26 - [MESSAGE][PASSED] - Keys 'DELETE + ' sent to object: 'Object Repository/Program and courses/TC_29_Verified_Edit_course_Topic/comments'

2023-07-11 17:58:27 - [MESSAGE][PASSED] - Delayed 1 second(s)

2023-07-11 17:58:28 - [MESSAGE][PASSED] - Execute JavaScript 'arguments[0].setAttribute('style', 'border: 2px solid green;');' successfully

2023-07-11 17:58:29 - [MESSAGE][PASSED] - Delayed 1 second(s)

2023-07-11 17:58:29 - [MESSAGE][INFO] - Sent Topic createdto the comment field

2023-07-11 17:58:29 - [MESSAGE][PASSED] - CommonActions.clickOnElementAndTypeText is PASSED

2023-07-11 17:58:29 - [TEST_STEP][PASSED] - CommonActions.elementClick(findTestObject("Object Repository/Program and courses/TC_29_Verified_Edit_course_Topic/Save button"), "save button"): save button clicked once

2023-07-11 17:58:29 - [MESSAGE][INFO] - Clicking on save button

2023-07-11 17:58:30 - [MESSAGE][PASSED] - Execute JavaScript 'arguments[0].setAttribute('style', 'border: 3px solid red;');' successfully

2023-07-11 17:58:31 - [MESSAGE][PASSED] - Delayed 1 second(s)

2023-07-11 17:58:31 - [MESSAGE][PASSED] - save button clicked once]]></system-out>
         <system-err><![CDATA[]]></system-err>
      </testcase>
      <testcase name="Test Cases/Program and courses/TC_30_Verified_View_course_Topic_Details" time="9.49" classname="Test Cases/Program and courses/TC_30_Verified_View_course_Topic_Details" status="PASSED">
         <system-out><![CDATA[2023-07-11 17:58:31 - [TEST_CASE][PASSED] - Test Cases/Program and courses/TC_30_Verified_View_course_Topic_Details: Test Cases/Program and courses/TC_30_Verified_View_course_Topic_Details

2023-07-11 17:58:31 - [TEST_STEP][PASSED] - CommonActions.elementClick(findTestObject("Object Repository/Program and courses/TC_30_Verified_View_course_Topic_Details/Row Selection"), "Row selection from list"): Row selection from list clicked once

2023-07-11 17:58:32 - [MESSAGE][INFO] - Clicking on Row selection from list

2023-07-11 17:58:32 - [MESSAGE][PASSED] - Execute JavaScript 'arguments[0].setAttribute('style', 'border: 3px solid red;');' successfully

2023-07-11 17:58:33 - [MESSAGE][PASSED] - Delayed 1 second(s)

2023-07-11 17:58:34 - [MESSAGE][PASSED] - Row selection from list clicked once

2023-07-11 17:58:34 - [TEST_STEP][PASSED] - CommonActions.elementClick(findTestObject("Object Repository/Program and courses/TC_30_Verified_View_course_Topic_Details/View button"), "view button"): view button clicked once

2023-07-11 17:58:34 - [MESSAGE][INFO] - Clicking on view button

2023-07-11 17:58:35 - [MESSAGE][PASSED] - Execute JavaScript 'arguments[0].setAttribute('style', 'border: 3px solid red;');' successfully

2023-07-11 17:58:36 - [MESSAGE][PASSED] - Delayed 1 second(s)

2023-07-11 17:58:36 - [MESSAGE][PASSED] - view button clicked once

2023-07-11 17:58:36 - [TEST_STEP][PASSED] - CommonActions.elementPresent(findTestObject("Object Repository/Program and courses/TC_30_Verified_View_course_Topic_Details/Topic Header"), "topic header details"): Delayed 1 second(s)

2023-07-11 17:58:37 - [MESSAGE][INFO] - Validating element present or not

2023-07-11 17:58:37 - [MESSAGE][PASSED] - Object 'Object Repository/Program and courses/TC_30_Verified_View_course_Topic_Details/Topic Header' is present

2023-07-11 17:58:37 - [MESSAGE][PASSED] - Element clicked once

2023-07-11 17:58:37 - [MESSAGE][INFO] - topic header details is present

2023-07-11 17:58:37 - [MESSAGE][PASSED] - Execute JavaScript 'arguments[0].setAttribute('style', 'border: 2px solid green;');' successfully

2023-07-11 17:58:38 - [MESSAGE][PASSED] - Delayed 1 second(s)

2023-07-11 17:58:38 - [TEST_STEP][PASSED] - CommonActions.elementClick(findTestObject("Object Repository/Program and courses/TC_30_Verified_View_course_Topic_Details/Cancel button"), "cancel button"): cancel button clicked once

2023-07-11 17:58:39 - [MESSAGE][INFO] - Clicking on cancel button

2023-07-11 17:58:39 - [MESSAGE][PASSED] - Execute JavaScript 'arguments[0].setAttribute('style', 'border: 3px solid red;');' successfully

2023-07-11 17:58:40 - [MESSAGE][PASSED] - Delayed 1 second(s)

2023-07-11 17:58:40 - [MESSAGE][PASSED] - cancel button clicked once]]></system-out>
         <system-err><![CDATA[]]></system-err>
      </testcase>
      <testcase name="Test Cases/Program and courses/TC_31_Verifed_Delete_course_Topic_Details" time="7.031" classname="Test Cases/Program and courses/TC_31_Verifed_Delete_course_Topic_Details" status="PASSED">
         <system-out><![CDATA[2023-07-11 17:58:40 - [TEST_CASE][PASSED] - Test Cases/Program and courses/TC_31_Verifed_Delete_course_Topic_Details: Test Cases/Program and courses/TC_31_Verifed_Delete_course_Topic_Details

2023-07-11 17:58:41 - [TEST_STEP][PASSED] - CommonActions.elementClick(findTestObject("Object Repository/Program and courses/TC_31_Verifed_Delete_course_Topic_Details/Row selection"), "select first row"): select first row clicked once

2023-07-11 17:58:42 - [MESSAGE][INFO] - Clicking on select first row

2023-07-11 17:58:42 - [MESSAGE][PASSED] - Execute JavaScript 'arguments[0].setAttribute('style', 'border: 3px solid red;');' successfully

2023-07-11 17:58:43 - [MESSAGE][PASSED] - Delayed 1 second(s)

2023-07-11 17:58:43 - [MESSAGE][PASSED] - select first row clicked once

2023-07-11 17:58:43 - [TEST_STEP][PASSED] - CommonActions.elementClick(findTestObject("Object Repository/Program and courses/TC_31_Verifed_Delete_course_Topic_Details/Delete button"), "delete button"): delete button clicked once

2023-07-11 17:58:43 - [MESSAGE][INFO] - Clicking on delete button

2023-07-11 17:58:44 - [MESSAGE][PASSED] - Execute JavaScript 'arguments[0].setAttribute('style', 'border: 3px solid red;');' successfully

2023-07-11 17:58:45 - [MESSAGE][PASSED] - Delayed 1 second(s)

2023-07-11 17:58:46 - [MESSAGE][PASSED] - delete button clicked once

2023-07-11 17:58:46 - [TEST_STEP][PASSED] - CommonActions.elementClick(findTestObject("Object Repository/Program and courses/TC_31_Verifed_Delete_course_Topic_Details/Yes button"), "yes button"): yes button clicked once

2023-07-11 17:58:46 - [MESSAGE][INFO] - Clicking on yes button

2023-07-11 17:58:46 - [MESSAGE][PASSED] - Execute JavaScript 'arguments[0].setAttribute('style', 'border: 3px solid red;');' successfully

2023-07-11 17:58:47 - [MESSAGE][PASSED] - Delayed 1 second(s)

2023-07-11 17:58:47 - [MESSAGE][PASSED] - yes button clicked once]]></system-out>
         <system-err><![CDATA[]]></system-err>
      </testcase>
      <system-out><![CDATA[2023-07-11 17:56:36 - [TEST_SUITE][PASSED] - Program and courses: Test Cases/Program and courses/TC_31_Verifed_Delete_course_Topic_Details]]></system-out>
      <system-err><![CDATA[]]></system-err>
   </testsuite>
</testsuites>
