<?xml version="1.0" encoding="UTF-8"?>
<testsuites name="Program and courses" time="102.293" tests="2" failures="0" errors="0">
   <testsuite name="Program and courses" tests="2" failures="0" errors="0" time="102.293" skipped="0" timestamp="2023-07-11 17:51:28" hostname="Laxman Jagarlamud - LAPTOP-LNCQBP1R" id="Test Suites/Program and courses">
      <properties>
         <property name="deviceName" value=""/>
         <property name="devicePlatform" value=""/>
         <property name="logFolder" value="C:\\Users\\Laxman Jagarlamud\\git\\qa-automation-regression-ui\\Reports\\20230711_175120\\Program and courses\\20230711_175120"/>
         <property name="logFiles" value="C:\\Users\\Laxman Jagarlamud\\git\\qa-automation-regression-ui\\Reports\\20230711_175120\\Program and courses\\20230711_175120\\execution0.log"/>
         <property name="attachments" value=""/>
         <property name="hostName" value="Laxman Jagarlamud - LAPTOP-LNCQBP1R"/>
         <property name="os" value="Windows 11 64bit"/>
         <property name="katalonVersion" value="8.6.5.208"/>
         <property name="browser" value="Chrome 114.0.0.0"/>
         <property name="hostAddress" value="192.168.0.25"/>
         <property name="sessionId" value="7395fcd7a712473618a953ea3000b026"/>
         <property name="seleniumVersion" value="3.141.59"/>
         <property name="proxyInformation" value="ProxyInformation { proxyOption=NO_PROXY, proxyServerType=HTTP, username=, password=********, proxyServerAddress=, proxyServerPort=0, executionList=&quot;&quot;, isApplyToDesiredCapabilities=true }"/>
         <property name="platform" value="Windows 11"/>
      </properties>
      <testcase name="Test Cases/Program and courses/TC_27_Verified_ Mangae course topics Seaarch Filter" time="78.022" classname="Test Cases/Program and courses/TC_27_Verified_ Mangae course topics Seaarch Filter" status="PASSED">
         <system-out><![CDATA[2023-07-11 17:51:28 - [TEST_CASE][PASSED] - Test Cases/Program and courses/TC_27_Verified_ Mangae course topics Seaarch Filter: Test Cases/Program and courses/TC_27_Verified_ Mangae course topics Seaarch Filter

2023-07-11 17:51:29 - [TEST_STEP][PASSED] - callTestCase(findTestCase("Pre-Admission/TC_01_Validate the login"), [:], STOP_ON_FAILURE): Call Test Case 'Test Cases/Pre-Admission/TC_01_Validate the login' successfully

2023-07-11 17:51:29 - [TEST_CASE][PASSED] - Test Cases/Pre-Admission/TC_01_Validate the login: Test Cases/Pre-Admission/TC_01_Validate the login

2023-07-11 17:51:29 - [TEST_STEP][PASSED] - openBrowser(""): Browser is opened with url: ''

2023-07-11 17:51:29 - [MESSAGE][INFO] - Starting 'Chrome' driver

2023-07-11 17:51:29 - [MESSAGE][INFO] - Action delay is set to 0 milliseconds

2023-07-11 17:51:32 - [MESSAGE][PASSED] - Browser is opened with url: ''

2023-07-11 17:51:32 - [TEST_STEP][PASSED] - navigateToUrl(url): Navigate to 'https://regression1.academiaerp.com/' successfully

2023-07-11 17:51:36 - [MESSAGE][PASSED] - Navigate to 'https://regression1.academiaerp.com/' successfully

2023-07-11 17:51:36 - [TEST_STEP][PASSED] - maximizeWindow(): Current window maximized

2023-07-11 17:51:36 - [MESSAGE][PASSED] - Current window maximized

2023-07-11 17:51:36 - [TEST_STEP][PASSED] - click(findTestObject("Object Repository/preadmission/TC_01/Page_Academia/Admin_tab")): Object: 'Object Repository/preadmission/TC_01/Page_Academia/Admin_tab' is clicked on

2023-07-11 17:51:36 - [MESSAGE][PASSED] - Object: 'Object Repository/preadmission/TC_01/Page_Academia/Admin_tab' is clicked on

2023-07-11 17:51:36 - [TEST_STEP][PASSED] - CommonActions.clickOnElementAndTypeText(findTestObject("Object Repository/preadmission/TC_01/Page_Academia/input_Username  Email_email"), Username, "Username textfield"): CommonActions.clickOnElementAndTypeText is PASSED

2023-07-11 17:51:37 - [MESSAGE][PASSED] - Execute JavaScript 'arguments[0].setAttribute('style', 'border: 3px solid red;');' successfully

2023-07-11 17:51:38 - [MESSAGE][PASSED] - Delayed 1 second(s)

2023-07-11 17:51:39 - [MESSAGE][PASSED] - Delayed 1 second(s)

2023-07-11 17:51:40 - [MESSAGE][PASSED] - Keys 'CONTROL + a' sent to object: 'Object Repository/preadmission/TC_01/Page_Academia/input_Username  Email_email'

2023-07-11 17:51:41 - [MESSAGE][PASSED] - Keys 'DELETE + ' sent to object: 'Object Repository/preadmission/TC_01/Page_Academia/input_Username  Email_email'

2023-07-11 17:51:42 - [MESSAGE][PASSED] - Delayed 1 second(s)

2023-07-11 17:51:42 - [MESSAGE][PASSED] - Execute JavaScript 'arguments[0].setAttribute('style', 'border: 2px solid green;');' successfully

2023-07-11 17:51:43 - [MESSAGE][PASSED] - Delayed 1 second(s)

2023-07-11 17:51:43 - [MESSAGE][INFO] - Sent sysadminto the Username textfield

2023-07-11 17:51:43 - [MESSAGE][PASSED] - CommonActions.clickOnElementAndTypeText is PASSED

2023-07-11 17:51:43 - [TEST_STEP][PASSED] - CommonActions.clickOnElementAndTypeText(findTestObject("Object Repository/preadmission/TC_01/Page_Academia/input_Password_password"), Password, "Password textfield"): CommonActions.clickOnElementAndTypeText is PASSED

2023-07-11 17:51:44 - [MESSAGE][PASSED] - Execute JavaScript 'arguments[0].setAttribute('style', 'border: 3px solid red;');' successfully

2023-07-11 17:51:45 - [MESSAGE][PASSED] - Delayed 1 second(s)

2023-07-11 17:51:46 - [MESSAGE][PASSED] - Delayed 1 second(s)

2023-07-11 17:51:46 - [MESSAGE][PASSED] - Keys 'CONTROL + a' sent to object: 'Object Repository/preadmission/TC_01/Page_Academia/input_Password_password'

2023-07-11 17:51:47 - [MESSAGE][PASSED] - Keys 'DELETE + ' sent to object: 'Object Repository/preadmission/TC_01/Page_Academia/input_Password_password'

2023-07-11 17:51:48 - [MESSAGE][PASSED] - Delayed 1 second(s)

2023-07-11 17:51:49 - [MESSAGE][PASSED] - Execute JavaScript 'arguments[0].setAttribute('style', 'border: 2px solid green;');' successfully

2023-07-11 17:51:50 - [MESSAGE][PASSED] - Delayed 1 second(s)

2023-07-11 17:51:50 - [MESSAGE][INFO] - Sent passwordto the Password textfield

2023-07-11 17:51:50 - [MESSAGE][PASSED] - CommonActions.clickOnElementAndTypeText is PASSED

2023-07-11 17:51:50 - [TEST_STEP][PASSED] - CommonActions.elementClick(findTestObject("Object Repository/preadmission/TC_01/Page_Academia/input_Forgot password_signin"), "Sign in button"): Sign in button clicked once

2023-07-11 17:51:50 - [MESSAGE][INFO] - Clicking on Sign in button

2023-07-11 17:51:50 - [MESSAGE][PASSED] - Execute JavaScript 'arguments[0].setAttribute('style', 'border: 3px solid red;');' successfully

2023-07-11 17:51:51 - [MESSAGE][PASSED] - Delayed 1 second(s)

2023-07-11 17:51:51 - [MESSAGE][PASSED] - Sign in button clicked once

2023-07-11 17:51:51 - [TEST_STEP][PASSED] - delay(30): Delayed 30 second(s)

2023-07-11 17:52:21 - [MESSAGE][PASSED] - Delayed 30 second(s)

2023-07-11 17:52:21 - [TEST_STEP][PASSED] - CommonActions.elementPresent(findTestObject("Object Repository/preadmission/TC_01/Page_Academia/label_Administrator"), "Adminstartor portal header"): Delayed 1 second(s)

2023-07-11 17:52:22 - [MESSAGE][INFO] - Validating element present or not

2023-07-11 17:52:22 - [MESSAGE][PASSED] - Object 'Object Repository/preadmission/TC_01/Page_Academia/label_Administrator' is present

2023-07-11 17:52:22 - [MESSAGE][PASSED] - Element clicked once

2023-07-11 17:52:22 - [MESSAGE][INFO] - Adminstartor portal header is present

2023-07-11 17:52:23 - [MESSAGE][PASSED] - Execute JavaScript 'arguments[0].setAttribute('style', 'border: 2px solid green;');' successfully

2023-07-11 17:52:24 - [MESSAGE][PASSED] - Delayed 1 second(s)

2023-07-11 17:52:24 - [TEST_STEP][PASSED] - CommonActions.verifyExactElementText(findTestObject("Object Repository/preadmission/TC_01/Page_Academia/label_Administrator"), AdminPortalHeaderText, "Adminstartor portal header"): Delayed 1 second(s)

2023-07-11 17:52:24 - [MESSAGE][PASSED] - Adminstartor portal headertext is verified

2023-07-11 17:52:25 - [MESSAGE][PASSED] - Execute JavaScript 'arguments[0].setAttribute('style', 'border: 2px solid green;');' successfully

2023-07-11 17:52:26 - [MESSAGE][PASSED] - Delayed 1 second(s)

2023-07-11 17:52:26 - [MESSAGE][PASSED] - Call Test Case 'Test Cases/Pre-Admission/TC_01_Validate the login' successfully

2023-07-11 17:52:26 - [TEST_STEP][PASSED] - mouseOver(findTestObject("Object Repository/Program and courses/TC_01_Verified_program_serach_filter/Grades and Subjects")): Object: 'Object Repository/Program and courses/TC_01_Verified_program_serach_filter/Grades and Subjects' is hovered

2023-07-11 17:52:26 - [MESSAGE][PASSED] - Object: 'Object Repository/Program and courses/TC_01_Verified_program_serach_filter/Grades and Subjects' is hovered

2023-07-11 17:52:26 - [TEST_STEP][PASSED] - CommonActions.elementClick(findTestObject("Object Repository/Program and courses/TC_01_Verified_program_serach_filter/Grades and Subjects"), "Grades and Subjects"): Grades and Subjects clicked once

2023-07-11 17:52:27 - [MESSAGE][INFO] - Clicking on Grades and Subjects

2023-07-11 17:52:28 - [MESSAGE][PASSED] - Execute JavaScript 'arguments[0].setAttribute('style', 'border: 3px solid red;');' successfully

2023-07-11 17:52:29 - [MESSAGE][PASSED] - Delayed 1 second(s)

2023-07-11 17:52:29 - [MESSAGE][PASSED] - Grades and Subjects clicked once

2023-07-11 17:52:29 - [TEST_STEP][PASSED] - CommonActions.elementClick(findTestObject("Object Repository/Program and courses/TC_27_Verified_ Mangae course topics Seaarch Filter/Managae course_ TopicT ab"), "managae course topic tab"): managae course topic tab clicked once

2023-07-11 17:52:31 - [MESSAGE][INFO] - Clicking on managae course topic tab

2023-07-11 17:52:32 - [MESSAGE][PASSED] - Execute JavaScript 'arguments[0].setAttribute('style', 'border: 3px solid red;');' successfully

2023-07-11 17:52:33 - [MESSAGE][PASSED] - Delayed 1 second(s)

2023-07-11 17:52:33 - [MESSAGE][PASSED] - managae course topic tab clicked once

2023-07-11 17:52:33 - [TEST_STEP][PASSED] - CommonActions.clickOnElementAndTypeText(findTestObject("Object Repository/Program and courses/TC_27_Verified_ Mangae course topics Seaarch Filter/course name"), "test", "coursename fileld"): CommonActions.clickOnElementAndTypeText is PASSED

2023-07-11 17:52:35 - [MESSAGE][PASSED] - Execute JavaScript 'arguments[0].setAttribute('style', 'border: 3px solid red;');' successfully

2023-07-11 17:52:36 - [MESSAGE][PASSED] - Delayed 1 second(s)

2023-07-11 17:52:37 - [MESSAGE][PASSED] - Delayed 1 second(s)

2023-07-11 17:52:37 - [MESSAGE][PASSED] - Keys 'CONTROL + a' sent to object: 'Object Repository/Program and courses/TC_27_Verified_ Mangae course topics Seaarch Filter/course name'

2023-07-11 17:52:37 - [MESSAGE][PASSED] - Keys 'DELETE + ' sent to object: 'Object Repository/Program and courses/TC_27_Verified_ Mangae course topics Seaarch Filter/course name'

2023-07-11 17:52:38 - [MESSAGE][PASSED] - Delayed 1 second(s)

2023-07-11 17:52:40 - [MESSAGE][PASSED] - Execute JavaScript 'arguments[0].setAttribute('style', 'border: 2px solid green;');' successfully

2023-07-11 17:52:41 - [MESSAGE][PASSED] - Delayed 1 second(s)

2023-07-11 17:52:41 - [MESSAGE][INFO] - Sent testto the coursename fileld

2023-07-11 17:52:41 - [MESSAGE][PASSED] - CommonActions.clickOnElementAndTypeText is PASSED

2023-07-11 17:52:41 - [TEST_STEP][PASSED] - sendKeys(findTestObject("Object Repository/Program and courses/TC_27_Verified_ Mangae course topics Seaarch Filter/course name"), Keys.chord(DOWN)): Keys 'DOWN + ' sent to object: 'Object Repository/Program and courses/TC_27_Verified_ Mangae course topics Seaarch Filter/course name'

2023-07-11 17:52:41 - [MESSAGE][PASSED] - Keys 'DOWN + ' sent to object: 'Object Repository/Program and courses/TC_27_Verified_ Mangae course topics Seaarch Filter/course name'

2023-07-11 17:52:41 - [TEST_STEP][PASSED] - sendKeys(findTestObject("Object Repository/Program and courses/TC_27_Verified_ Mangae course topics Seaarch Filter/course name"), Keys.chord(ENTER)): Keys 'ENTER + ' sent to object: 'Object Repository/Program and courses/TC_27_Verified_ Mangae course topics Seaarch Filter/course name'

2023-07-11 17:52:42 - [MESSAGE][PASSED] - Keys 'ENTER + ' sent to object: 'Object Repository/Program and courses/TC_27_Verified_ Mangae course topics Seaarch Filter/course name'

2023-07-11 17:52:42 - [TEST_STEP][PASSED] - CommonActions.elementClick(findTestObject("Object Repository/Program and courses/TC_27_Verified_ Mangae course topics Seaarch Filter/Search button"), "search button"): search button clicked once

2023-07-11 17:52:42 - [MESSAGE][INFO] - Clicking on search button

2023-07-11 17:52:43 - [MESSAGE][PASSED] - Execute JavaScript 'arguments[0].setAttribute('style', 'border: 3px solid red;');' successfully

2023-07-11 17:52:44 - [MESSAGE][PASSED] - Delayed 1 second(s)

2023-07-11 17:52:44 - [MESSAGE][PASSED] - search button clicked once

2023-07-11 17:52:44 - [TEST_STEP][PASSED] - CommonActions.elementPresent(findTestObject("Object Repository/Program and courses/TC_27_Verified_ Mangae course topics Seaarch Filter/Subject topic Header"), "Search header"): Delayed 1 second(s)

2023-07-11 17:52:45 - [MESSAGE][INFO] - Validating element present or not

2023-07-11 17:52:45 - [MESSAGE][PASSED] - Object 'Object Repository/Program and courses/TC_27_Verified_ Mangae course topics Seaarch Filter/Subject topic Header' is present

2023-07-11 17:52:45 - [MESSAGE][PASSED] - Element clicked once

2023-07-11 17:52:45 - [MESSAGE][INFO] - Search header is present

2023-07-11 17:52:45 - [MESSAGE][PASSED] - Execute JavaScript 'arguments[0].setAttribute('style', 'border: 2px solid green;');' successfully

2023-07-11 17:52:46 - [MESSAGE][PASSED] - Delayed 1 second(s)]]></system-out>
         <system-err><![CDATA[]]></system-err>
      </testcase>
      <testcase name="Test Cases/Program and courses/TC_28_Verified_Add_course_Topic" time="23.991" classname="Test Cases/Program and courses/TC_28_Verified_Add_course_Topic" status="PASSED">
         <system-out><![CDATA[2023-07-11 17:52:46 - [TEST_CASE][PASSED] - Test Cases/Program and courses/TC_28_Verified_Add_course_Topic: Test Cases/Program and courses/TC_28_Verified_Add_course_Topic

2023-07-11 17:52:47 - [TEST_STEP][PASSED] - CommonActions.elementClick(findTestObject("Object Repository/Program and courses/TC_28_Verified_Add_course_Topic/add button"), "add button"): add button clicked once

2023-07-11 17:52:47 - [MESSAGE][INFO] - Clicking on add button

2023-07-11 17:52:47 - [MESSAGE][PASSED] - Execute JavaScript 'arguments[0].setAttribute('style', 'border: 3px solid red;');' successfully

2023-07-11 17:52:48 - [MESSAGE][PASSED] - Delayed 1 second(s)

2023-07-11 17:52:49 - [MESSAGE][PASSED] - add button clicked once

2023-07-11 17:52:49 - [TEST_STEP][PASSED] - CommonActions.clickOnElementAndTypeText(findTestObject("Object Repository/Program and courses/TC_28_Verified_Add_course_Topic/Topic sequence"), "11", "Topicsequnce filed"): CommonActions.clickOnElementAndTypeText is PASSED

2023-07-11 17:52:50 - [MESSAGE][PASSED] - Execute JavaScript 'arguments[0].setAttribute('style', 'border: 3px solid red;');' successfully

2023-07-11 17:52:51 - [MESSAGE][PASSED] - Delayed 1 second(s)

2023-07-11 17:52:52 - [MESSAGE][PASSED] - Delayed 1 second(s)

2023-07-11 17:52:52 - [MESSAGE][PASSED] - Keys 'CONTROL + a' sent to object: 'Object Repository/Program and courses/TC_28_Verified_Add_course_Topic/Topic sequence'

2023-07-11 17:52:52 - [MESSAGE][PASSED] - Keys 'DELETE + ' sent to object: 'Object Repository/Program and courses/TC_28_Verified_Add_course_Topic/Topic sequence'

2023-07-11 17:52:53 - [MESSAGE][PASSED] - Delayed 1 second(s)

2023-07-11 17:52:54 - [MESSAGE][PASSED] - Execute JavaScript 'arguments[0].setAttribute('style', 'border: 2px solid green;');' successfully

2023-07-11 17:52:55 - [MESSAGE][PASSED] - Delayed 1 second(s)

2023-07-11 17:52:55 - [MESSAGE][INFO] - Sent 11to the Topicsequnce filed

2023-07-11 17:52:55 - [MESSAGE][PASSED] - CommonActions.clickOnElementAndTypeText is PASSED

2023-07-11 17:52:55 - [TEST_STEP][PASSED] - CommonActions.clickOnElementAndTypeText(findTestObject("Object Repository/Program and courses/TC_28_Verified_Add_course_Topic/Topic code"), "katalon9", "topiccode field"): CommonActions.clickOnElementAndTypeText is PASSED

2023-07-11 17:52:56 - [MESSAGE][PASSED] - Execute JavaScript 'arguments[0].setAttribute('style', 'border: 3px solid red;');' successfully

2023-07-11 17:52:57 - [MESSAGE][PASSED] - Delayed 1 second(s)

2023-07-11 17:52:58 - [MESSAGE][PASSED] - Delayed 1 second(s)

2023-07-11 17:52:59 - [MESSAGE][PASSED] - Keys 'CONTROL + a' sent to object: 'Object Repository/Program and courses/TC_28_Verified_Add_course_Topic/Topic code'

2023-07-11 17:52:59 - [MESSAGE][PASSED] - Keys 'DELETE + ' sent to object: 'Object Repository/Program and courses/TC_28_Verified_Add_course_Topic/Topic code'

2023-07-11 17:53:00 - [MESSAGE][PASSED] - Delayed 1 second(s)

2023-07-11 17:53:01 - [MESSAGE][PASSED] - Execute JavaScript 'arguments[0].setAttribute('style', 'border: 2px solid green;');' successfully

2023-07-11 17:53:02 - [MESSAGE][PASSED] - Delayed 1 second(s)

2023-07-11 17:53:02 - [MESSAGE][INFO] - Sent katalon9to the topiccode field

2023-07-11 17:53:02 - [MESSAGE][PASSED] - CommonActions.clickOnElementAndTypeText is PASSED

2023-07-11 17:53:02 - [TEST_STEP][PASSED] - CommonActions.clickOnElementAndTypeText(findTestObject("Object Repository/Program and courses/TC_28_Verified_Add_course_Topic/Topic name"), "Katalon", "topicname filed"): CommonActions.clickOnElementAndTypeText is PASSED

2023-07-11 17:53:02 - [MESSAGE][PASSED] - Execute JavaScript 'arguments[0].setAttribute('style', 'border: 3px solid red;');' successfully

2023-07-11 17:53:03 - [MESSAGE][PASSED] - Delayed 1 second(s)

2023-07-11 17:53:05 - [MESSAGE][PASSED] - Delayed 1 second(s)

2023-07-11 17:53:05 - [MESSAGE][PASSED] - Keys 'CONTROL + a' sent to object: 'Object Repository/Program and courses/TC_28_Verified_Add_course_Topic/Topic name'

2023-07-11 17:53:05 - [MESSAGE][PASSED] - Keys 'DELETE + ' sent to object: 'Object Repository/Program and courses/TC_28_Verified_Add_course_Topic/Topic name'

2023-07-11 17:53:06 - [MESSAGE][PASSED] - Delayed 1 second(s)

2023-07-11 17:53:07 - [MESSAGE][PASSED] - Execute JavaScript 'arguments[0].setAttribute('style', 'border: 2px solid green;');' successfully

2023-07-11 17:53:08 - [MESSAGE][PASSED] - Delayed 1 second(s)

2023-07-11 17:53:08 - [MESSAGE][INFO] - Sent Katalonto the topicname filed

2023-07-11 17:53:08 - [MESSAGE][PASSED] - CommonActions.clickOnElementAndTypeText is PASSED

2023-07-11 17:53:08 - [TEST_STEP][PASSED] - CommonActions.elementClick(findTestObject("Object Repository/Program and courses/TC_28_Verified_Add_course_Topic/Save button"), "save button"): save button clicked once

2023-07-11 17:53:09 - [MESSAGE][INFO] - Clicking on save button

2023-07-11 17:53:09 - [MESSAGE][PASSED] - Execute JavaScript 'arguments[0].setAttribute('style', 'border: 3px solid red;');' successfully

2023-07-11 17:53:10 - [MESSAGE][PASSED] - Delayed 1 second(s)

2023-07-11 17:53:10 - [MESSAGE][PASSED] - save button clicked once]]></system-out>
         <system-err><![CDATA[]]></system-err>
      </testcase>
      <system-out><![CDATA[2023-07-11 17:51:28 - [TEST_SUITE][PASSED] - Program and courses: Test Cases/Program and courses/TC_28_Verified_Add_course_Topic]]></system-out>
      <system-err><![CDATA[]]></system-err>
   </testsuite>
</testsuites>
