<?xml version="1.0" encoding="UTF-8"?>
<testsuites name="Demo Admission test suite" time="160.072" tests="6" failures="0" errors="0">
   <testsuite name="Demo Admission test suite" tests="6" failures="0" errors="0" time="160.072" skipped="0" timestamp="2023-06-20 14:38:04" hostname="Laxman Jagarlamud - LAPTOP-LNCQBP1R" id="Test Suites/Demo Admission test suite">
      <properties>
         <property name="deviceName" value=""/>
         <property name="devicePlatform" value=""/>
         <property name="logFolder" value="C:\\Users\\Laxman Jagarlamud\\git\\qa-automation-regression-ui\\Reports\\20230620_143757\\Demo Admission test suite\\20230620_143757"/>
         <property name="logFiles" value="C:\\Users\\Laxman Jagarlamud\\git\\qa-automation-regression-ui\\Reports\\20230620_143757\\Demo Admission test suite\\20230620_143757\\execution0.log"/>
         <property name="attachments" value=""/>
         <property name="hostName" value="Laxman Jagarlamud - LAPTOP-LNCQBP1R"/>
         <property name="os" value="Windows 11 64bit"/>
         <property name="katalonVersion" value="8.6.5.208"/>
         <property name="browser" value="Chrome 114.0.0.0"/>
         <property name="hostAddress" value="192.168.0.29"/>
         <property name="sessionId" value="d2102d0dfb89addc6fc81cd220c9c031"/>
         <property name="seleniumVersion" value="3.141.59"/>
         <property name="proxyInformation" value="ProxyInformation { proxyOption=NO_PROXY, proxyServerType=HTTP, username=, password=********, proxyServerAddress=, proxyServerPort=0, executionList=&quot;&quot;, isApplyToDesiredCapabilities=true }"/>
         <property name="platform" value="Windows 11"/>
      </properties>
      <testcase name="Test Cases/Admission/TC_54_Validate_Application_Search_Filter" time="71.373" classname="Test Cases/Admission/TC_54_Validate_Application_Search_Filter" status="PASSED">
         <system-out><![CDATA[2023-06-20 14:38:05 - [TEST_CASE][PASSED] - Test Cases/Admission/TC_54_Validate_Application_Search_Filter: Test Cases/Admission/TC_54_Validate_Application_Search_Filter

2023-06-20 14:38:05 - [TEST_STEP][PASSED] - callTestCase(findTestCase("Pre-Admission/TC_01_Validate the login"), [:], STOP_ON_FAILURE): Call Test Case 'Test Cases/Pre-Admission/TC_01_Validate the login' successfully

2023-06-20 14:38:05 - [TEST_CASE][PASSED] - Test Cases/Pre-Admission/TC_01_Validate the login: Test Cases/Pre-Admission/TC_01_Validate the login

2023-06-20 14:38:06 - [TEST_STEP][PASSED] - openBrowser(""): Browser is opened with url: ''

2023-06-20 14:38:06 - [MESSAGE][INFO] - Starting 'Chrome' driver

2023-06-20 14:38:06 - [MESSAGE][INFO] - Action delay is set to 0 milliseconds

2023-06-20 14:38:08 - [MESSAGE][PASSED] - Browser is opened with url: ''

2023-06-20 14:38:08 - [TEST_STEP][PASSED] - navigateToUrl(url): Navigate to 'https://regression1.academiaerp.com/' successfully

2023-06-20 14:38:10 - [MESSAGE][PASSED] - Navigate to 'https://regression1.academiaerp.com/' successfully

2023-06-20 14:38:10 - [TEST_STEP][PASSED] - maximizeWindow(): Current window maximized

2023-06-20 14:38:10 - [MESSAGE][PASSED] - Current window maximized

2023-06-20 14:38:10 - [TEST_STEP][PASSED] - click(findTestObject("Object Repository/preadmission/TC_01/Page_Academia/Admin_tab")): Object: 'Object Repository/preadmission/TC_01/Page_Academia/Admin_tab' is clicked on

2023-06-20 14:38:10 - [MESSAGE][PASSED] - Object: 'Object Repository/preadmission/TC_01/Page_Academia/Admin_tab' is clicked on

2023-06-20 14:38:10 - [TEST_STEP][PASSED] - CommonActions.clickOnElementAndTypeText(findTestObject("Object Repository/preadmission/TC_01/Page_Academia/input_Username  Email_email"), Username, "Username textfield"): CommonActions.clickOnElementAndTypeText is PASSED

2023-06-20 14:38:12 - [MESSAGE][PASSED] - Execute JavaScript 'arguments[0].setAttribute('style', 'border: 3px solid red;');' successfully

2023-06-20 14:38:13 - [MESSAGE][PASSED] - Delayed 1 second(s)

2023-06-20 14:38:14 - [MESSAGE][PASSED] - Delayed 1 second(s)

2023-06-20 14:38:14 - [MESSAGE][PASSED] - Keys 'CONTROL + a' sent to object: 'Object Repository/preadmission/TC_01/Page_Academia/input_Username  Email_email'

2023-06-20 14:38:15 - [MESSAGE][PASSED] - Keys 'DELETE + ' sent to object: 'Object Repository/preadmission/TC_01/Page_Academia/input_Username  Email_email'

2023-06-20 14:38:16 - [MESSAGE][PASSED] - Delayed 1 second(s)

2023-06-20 14:38:16 - [MESSAGE][PASSED] - Execute JavaScript 'arguments[0].setAttribute('style', 'border: 2px solid green;');' successfully

2023-06-20 14:38:17 - [MESSAGE][PASSED] - Delayed 1 second(s)

2023-06-20 14:38:17 - [MESSAGE][INFO] - Sent sysadminto the Username textfield

2023-06-20 14:38:17 - [MESSAGE][PASSED] - CommonActions.clickOnElementAndTypeText is PASSED

2023-06-20 14:38:17 - [TEST_STEP][PASSED] - CommonActions.clickOnElementAndTypeText(findTestObject("Object Repository/preadmission/TC_01/Page_Academia/input_Password_password"), Password, "Password textfield"): CommonActions.clickOnElementAndTypeText is PASSED

2023-06-20 14:38:18 - [MESSAGE][PASSED] - Execute JavaScript 'arguments[0].setAttribute('style', 'border: 3px solid red;');' successfully

2023-06-20 14:38:19 - [MESSAGE][PASSED] - Delayed 1 second(s)

2023-06-20 14:38:20 - [MESSAGE][PASSED] - Delayed 1 second(s)

2023-06-20 14:38:21 - [MESSAGE][PASSED] - Keys 'CONTROL + a' sent to object: 'Object Repository/preadmission/TC_01/Page_Academia/input_Password_password'

2023-06-20 14:38:21 - [MESSAGE][PASSED] - Keys 'DELETE + ' sent to object: 'Object Repository/preadmission/TC_01/Page_Academia/input_Password_password'

2023-06-20 14:38:22 - [MESSAGE][PASSED] - Delayed 1 second(s)

2023-06-20 14:38:23 - [MESSAGE][PASSED] - Execute JavaScript 'arguments[0].setAttribute('style', 'border: 2px solid green;');' successfully

2023-06-20 14:38:24 - [MESSAGE][PASSED] - Delayed 1 second(s)

2023-06-20 14:38:24 - [MESSAGE][INFO] - Sent passwordto the Password textfield

2023-06-20 14:38:24 - [MESSAGE][PASSED] - CommonActions.clickOnElementAndTypeText is PASSED

2023-06-20 14:38:24 - [TEST_STEP][PASSED] - CommonActions.elementClick(findTestObject("Object Repository/preadmission/TC_01/Page_Academia/input_Forgot password_signin"), "Sign in button"): Sign in button clicked once

2023-06-20 14:38:24 - [MESSAGE][INFO] - Clicking on Sign in button

2023-06-20 14:38:24 - [MESSAGE][PASSED] - Execute JavaScript 'arguments[0].setAttribute('style', 'border: 3px solid red;');' successfully

2023-06-20 14:38:25 - [MESSAGE][PASSED] - Delayed 1 second(s)

2023-06-20 14:38:25 - [MESSAGE][PASSED] - Sign in button clicked once

2023-06-20 14:38:25 - [TEST_STEP][PASSED] - delay(30): Delayed 30 second(s)

2023-06-20 14:38:55 - [MESSAGE][PASSED] - Delayed 30 second(s)

2023-06-20 14:38:55 - [TEST_STEP][PASSED] - CommonActions.elementPresent(findTestObject("Object Repository/preadmission/TC_01/Page_Academia/label_Administrator"), "Adminstartor portal header"): Delayed 1 second(s)

2023-06-20 14:38:56 - [MESSAGE][INFO] - Validating element present or not

2023-06-20 14:38:56 - [MESSAGE][PASSED] - Object 'Object Repository/preadmission/TC_01/Page_Academia/label_Administrator' is present

2023-06-20 14:38:56 - [MESSAGE][PASSED] - Element clicked once

2023-06-20 14:38:56 - [MESSAGE][INFO] - Adminstartor portal header is present

2023-06-20 14:38:57 - [MESSAGE][PASSED] - Execute JavaScript 'arguments[0].setAttribute('style', 'border: 2px solid green;');' successfully

2023-06-20 14:38:58 - [MESSAGE][PASSED] - Delayed 1 second(s)

2023-06-20 14:38:58 - [TEST_STEP][PASSED] - CommonActions.verifyExactElementText(findTestObject("Object Repository/preadmission/TC_01/Page_Academia/label_Administrator"), AdminPortalHeaderText, "Adminstartor portal header"): Delayed 1 second(s)

2023-06-20 14:38:58 - [MESSAGE][PASSED] - Adminstartor portal headertext is verified

2023-06-20 14:38:58 - [MESSAGE][PASSED] - Execute JavaScript 'arguments[0].setAttribute('style', 'border: 2px solid green;');' successfully

2023-06-20 14:38:59 - [MESSAGE][PASSED] - Delayed 1 second(s)

2023-06-20 14:38:59 - [MESSAGE][PASSED] - Call Test Case 'Test Cases/Pre-Admission/TC_01_Validate the login' successfully

2023-06-20 14:38:59 - [TEST_STEP][PASSED] - mouseOver(findTestObject("Object Repository/Admission/TC_01_ Pre-requisites for Admission/Admissions Tab")): Object: 'Object Repository/Admission/TC_01_ Pre-requisites for Admission/Admissions Tab' is hovered

2023-06-20 14:39:00 - [MESSAGE][PASSED] - Object: 'Object Repository/Admission/TC_01_ Pre-requisites for Admission/Admissions Tab' is hovered

2023-06-20 14:39:00 - [TEST_STEP][PASSED] - CommonActions.elementClick(findTestObject("Object Repository/Admission/TC_01_ Pre-requisites for Admission/Admissions Tab"), "Admissions tab"): Admissions tab clicked once

2023-06-20 14:39:00 - [MESSAGE][INFO] - Clicking on Admissions tab

2023-06-20 14:39:01 - [MESSAGE][PASSED] - Execute JavaScript 'arguments[0].setAttribute('style', 'border: 3px solid red;');' successfully

2023-06-20 14:39:02 - [MESSAGE][PASSED] - Delayed 1 second(s)

2023-06-20 14:39:02 - [MESSAGE][PASSED] - Admissions tab clicked once

2023-06-20 14:39:02 - [TEST_STEP][PASSED] - CommonActions.elementClick(findTestObject("Object Repository/Admission/TC_54_Validate_Application_Search_Filter/Applications"), "Application tab"): Application tab clicked once

2023-06-20 14:39:03 - [MESSAGE][INFO] - Clicking on Application tab

2023-06-20 14:39:04 - [MESSAGE][PASSED] - Execute JavaScript 'arguments[0].setAttribute('style', 'border: 3px solid red;');' successfully

2023-06-20 14:39:05 - [MESSAGE][PASSED] - Delayed 1 second(s)

2023-06-20 14:39:05 - [MESSAGE][PASSED] - Application tab clicked once

2023-06-20 14:39:05 - [TEST_STEP][PASSED] - CommonActions.elementPresent(findTestObject("Object Repository/Admission/TC_54_Validate_Application_Search_Filter/Application Tab"), "Application tab"): Delayed 1 second(s)

2023-06-20 14:39:07 - [MESSAGE][INFO] - Validating element present or not

2023-06-20 14:39:08 - [MESSAGE][PASSED] - Object 'Object Repository/Admission/TC_54_Validate_Application_Search_Filter/Application Tab' is present

2023-06-20 14:39:08 - [MESSAGE][PASSED] - Element clicked once

2023-06-20 14:39:08 - [MESSAGE][INFO] - Application tab is present

2023-06-20 14:39:08 - [MESSAGE][PASSED] - Execute JavaScript 'arguments[0].setAttribute('style', 'border: 2px solid green;');' successfully

2023-06-20 14:39:09 - [MESSAGE][PASSED] - Delayed 1 second(s)

2023-06-20 14:39:09 - [TEST_STEP][PASSED] - CommonActions.elementClick(findTestObject("Object Repository/Admission/CommonObjects/Search button"), "search button"): search button clicked once

2023-06-20 14:39:10 - [MESSAGE][INFO] - Clicking on search button

2023-06-20 14:39:10 - [MESSAGE][PASSED] - Execute JavaScript 'arguments[0].setAttribute('style', 'border: 3px solid red;');' successfully

2023-06-20 14:39:11 - [MESSAGE][PASSED] - Delayed 1 second(s)

2023-06-20 14:39:12 - [MESSAGE][PASSED] - search button clicked once

2023-06-20 14:39:12 - [TEST_STEP][PASSED] - CommonActions.elementPresent(findTestObject("Object Repository/Admission/TC_54_Validate_Application_Search_Filter/Search results header"), "Search results header"): Delayed 1 second(s)

2023-06-20 14:39:14 - [MESSAGE][INFO] - Validating element present or not

2023-06-20 14:39:15 - [MESSAGE][PASSED] - Object 'Object Repository/Admission/TC_54_Validate_Application_Search_Filter/Search results header' is present

2023-06-20 14:39:15 - [MESSAGE][PASSED] - Element clicked once

2023-06-20 14:39:15 - [MESSAGE][INFO] - Search results header is present

2023-06-20 14:39:15 - [MESSAGE][PASSED] - Execute JavaScript 'arguments[0].setAttribute('style', 'border: 2px solid green;');' successfully

2023-06-20 14:39:16 - [MESSAGE][PASSED] - Delayed 1 second(s)]]></system-out>
         <system-err><![CDATA[]]></system-err>
      </testcase>
      <testcase name="Test Cases/Admission/TC_55_Validate_Application_profile_work experiance" time="47.03" classname="Test Cases/Admission/TC_55_Validate_Application_profile_work experiance" status="PASSED">
         <system-out><![CDATA[2023-06-20 14:39:16 - [TEST_CASE][PASSED] - Test Cases/Admission/TC_55_Validate_Application_profile_work experiance: Test Cases/Admission/TC_55_Validate_Application_profile_work experiance

2023-06-20 14:39:17 - [TEST_STEP][PASSED] - CommonActions.elementClick(findTestObject("Object Repository/Admission/CommonObjects/Search button"), "search button"): search button clicked once

2023-06-20 14:39:17 - [MESSAGE][INFO] - Clicking on search button

2023-06-20 14:39:17 - [MESSAGE][PASSED] - Execute JavaScript 'arguments[0].setAttribute('style', 'border: 3px solid red;');' successfully

2023-06-20 14:39:18 - [MESSAGE][PASSED] - Delayed 1 second(s)

2023-06-20 14:39:19 - [MESSAGE][PASSED] - search button clicked once

2023-06-20 14:39:19 - [TEST_STEP][PASSED] - CommonActions.elementPresent(findTestObject("Object Repository/Admission/TC_54_Validate_Application_Search_Filter/Search results header"), "Search results header"): Delayed 1 second(s)

2023-06-20 14:39:21 - [MESSAGE][INFO] - Validating element present or not

2023-06-20 14:39:21 - [MESSAGE][PASSED] - Object 'Object Repository/Admission/TC_54_Validate_Application_Search_Filter/Search results header' is present

2023-06-20 14:39:21 - [MESSAGE][PASSED] - Element clicked once

2023-06-20 14:39:21 - [MESSAGE][INFO] - Search results header is present

2023-06-20 14:39:22 - [MESSAGE][PASSED] - Execute JavaScript 'arguments[0].setAttribute('style', 'border: 2px solid green;');' successfully

2023-06-20 14:39:23 - [MESSAGE][PASSED] - Delayed 1 second(s)

2023-06-20 14:39:23 - [TEST_STEP][PASSED] - CommonActions.elementClick(findTestObject("Object Repository/Admission/CommonObjects/Row Selection"), "First row is selected"): First row is selected clicked once

2023-06-20 14:39:23 - [MESSAGE][INFO] - Clicking on First row is selected

2023-06-20 14:39:23 - [MESSAGE][PASSED] - Execute JavaScript 'arguments[0].setAttribute('style', 'border: 3px solid red;');' successfully

2023-06-20 14:39:24 - [MESSAGE][PASSED] - Delayed 1 second(s)

2023-06-20 14:39:25 - [MESSAGE][PASSED] - First row is selected clicked once

2023-06-20 14:39:25 - [TEST_STEP][PASSED] - CommonActions.elementClick(findTestObject("Object Repository/Admission/CommonObjects/Edit Buttton"), "Edit button"): Edit button clicked once

2023-06-20 14:39:25 - [MESSAGE][INFO] - Clicking on Edit button

2023-06-20 14:39:26 - [MESSAGE][PASSED] - Execute JavaScript 'arguments[0].setAttribute('style', 'border: 3px solid red;');' successfully

2023-06-20 14:39:27 - [MESSAGE][PASSED] - Delayed 1 second(s)

2023-06-20 14:39:31 - [MESSAGE][PASSED] - Edit button clicked once

2023-06-20 14:39:31 - [TEST_STEP][PASSED] - CommonActions.elementClick(findTestObject("Object Repository/Admission/TC_55_Validate_Application_profile_work experiance/History tab"), "History"): History clicked once

2023-06-20 14:39:35 - [MESSAGE][INFO] - Clicking on History

2023-06-20 14:39:35 - [MESSAGE][PASSED] - Execute JavaScript 'arguments[0].setAttribute('style', 'border: 3px solid red;');' successfully

2023-06-20 14:39:36 - [MESSAGE][PASSED] - Delayed 1 second(s)

2023-06-20 14:39:36 - [MESSAGE][PASSED] - History clicked once

2023-06-20 14:39:36 - [TEST_STEP][PASSED] - CommonActions.elementClick(findTestObject("Object Repository/Admission/TC_55_Validate_Application_profile_work experiance/Work experience option"), "Work experience"): Work experience clicked once

2023-06-20 14:39:37 - [MESSAGE][INFO] - Clicking on Work experience

2023-06-20 14:39:37 - [MESSAGE][PASSED] - Execute JavaScript 'arguments[0].setAttribute('style', 'border: 3px solid red;');' successfully

2023-06-20 14:39:38 - [MESSAGE][PASSED] - Delayed 1 second(s)

2023-06-20 14:39:39 - [MESSAGE][PASSED] - Work experience clicked once

2023-06-20 14:39:39 - [TEST_STEP][PASSED] - CommonActions.elementClick(findTestObject("Object Repository/Admission/CommonObjects/Nested Tab Add button"), "Add button experience"): Add button experience clicked once

2023-06-20 14:39:39 - [MESSAGE][INFO] - Clicking on Add button experience

2023-06-20 14:39:40 - [MESSAGE][PASSED] - Execute JavaScript 'arguments[0].setAttribute('style', 'border: 3px solid red;');' successfully

2023-06-20 14:39:41 - [MESSAGE][PASSED] - Delayed 1 second(s)

2023-06-20 14:39:42 - [MESSAGE][PASSED] - Add button experience clicked once

2023-06-20 14:39:42 - [TEST_STEP][PASSED] - CommonActions.clickOnElementAndTypeText(findTestObject("Object Repository/Admission/TC_55_Validate_Application_profile_work experiance/Employer text field"), "Test employee", "Employer text field"): CommonActions.clickOnElementAndTypeText is PASSED

2023-06-20 14:39:42 - [MESSAGE][PASSED] - Execute JavaScript 'arguments[0].setAttribute('style', 'border: 3px solid red;');' successfully

2023-06-20 14:39:43 - [MESSAGE][PASSED] - Delayed 1 second(s)

2023-06-20 14:39:44 - [MESSAGE][PASSED] - Delayed 1 second(s)

2023-06-20 14:39:45 - [MESSAGE][PASSED] - Keys 'CONTROL + a' sent to object: 'Object Repository/Admission/TC_55_Validate_Application_profile_work experiance/Employer text field'

2023-06-20 14:39:45 - [MESSAGE][PASSED] - Keys 'DELETE + ' sent to object: 'Object Repository/Admission/TC_55_Validate_Application_profile_work experiance/Employer text field'

2023-06-20 14:39:46 - [MESSAGE][PASSED] - Delayed 1 second(s)

2023-06-20 14:39:47 - [MESSAGE][PASSED] - Execute JavaScript 'arguments[0].setAttribute('style', 'border: 2px solid green;');' successfully

2023-06-20 14:39:48 - [MESSAGE][PASSED] - Delayed 1 second(s)

2023-06-20 14:39:48 - [MESSAGE][INFO] - Sent Test employeeto the Employer text field

2023-06-20 14:39:48 - [MESSAGE][PASSED] - CommonActions.clickOnElementAndTypeText is PASSED

2023-06-20 14:39:48 - [TEST_STEP][PASSED] - CommonActions.clickOnElementAndTypeText(findTestObject("Object Repository/Admission/TC_55_Validate_Application_profile_work experiance/department text field"), "Test departnment", "Department text field"): CommonActions.clickOnElementAndTypeText is PASSED

2023-06-20 14:39:49 - [MESSAGE][PASSED] - Execute JavaScript 'arguments[0].setAttribute('style', 'border: 3px solid red;');' successfully

2023-06-20 14:39:50 - [MESSAGE][PASSED] - Delayed 1 second(s)

2023-06-20 14:39:51 - [MESSAGE][PASSED] - Delayed 1 second(s)

2023-06-20 14:39:52 - [MESSAGE][PASSED] - Keys 'CONTROL + a' sent to object: 'Object Repository/Admission/TC_55_Validate_Application_profile_work experiance/department text field'

2023-06-20 14:39:52 - [MESSAGE][PASSED] - Keys 'DELETE + ' sent to object: 'Object Repository/Admission/TC_55_Validate_Application_profile_work experiance/department text field'

2023-06-20 14:39:53 - [MESSAGE][PASSED] - Delayed 1 second(s)

2023-06-20 14:39:53 - [MESSAGE][PASSED] - Execute JavaScript 'arguments[0].setAttribute('style', 'border: 2px solid green;');' successfully

2023-06-20 14:39:54 - [MESSAGE][PASSED] - Delayed 1 second(s)

2023-06-20 14:39:54 - [MESSAGE][INFO] - Sent Test departnmentto the Department text field

2023-06-20 14:39:54 - [MESSAGE][PASSED] - CommonActions.clickOnElementAndTypeText is PASSED

2023-06-20 14:39:54 - [TEST_STEP][PASSED] - CommonActions.elementClick(findTestObject("Object Repository/Admission/TC_55_Validate_Application_profile_work experiance/Joining date"), "Joining date"): Joining date clicked once

2023-06-20 14:39:55 - [MESSAGE][INFO] - Clicking on Joining date

2023-06-20 14:39:55 - [MESSAGE][PASSED] - Execute JavaScript 'arguments[0].setAttribute('style', 'border: 3px solid red;');' successfully

2023-06-20 14:39:56 - [MESSAGE][PASSED] - Delayed 1 second(s)

2023-06-20 14:39:56 - [MESSAGE][PASSED] - Joining date clicked once

2023-06-20 14:39:56 - [TEST_STEP][PASSED] - CommonActions.elementClick(findTestObject("Object Repository/Admission/CommonObjects/Today button calendar"), "Today button calendar"): Today button calendar clicked once

2023-06-20 14:39:57 - [MESSAGE][INFO] - Clicking on Today button calendar

2023-06-20 14:39:57 - [MESSAGE][PASSED] - Execute JavaScript 'arguments[0].setAttribute('style', 'border: 3px solid red;');' successfully

2023-06-20 14:39:58 - [MESSAGE][PASSED] - Delayed 1 second(s)

2023-06-20 14:39:58 - [MESSAGE][PASSED] - Today button calendar clicked once

2023-06-20 14:39:58 - [TEST_STEP][PASSED] - CommonActions.elementClick(findTestObject("Object Repository/Admission/CommonObjects/Submit Button Floating Window"), "Save experience"): Save experience clicked once

2023-06-20 14:39:59 - [MESSAGE][INFO] - Clicking on Save experience

2023-06-20 14:39:59 - [MESSAGE][PASSED] - Execute JavaScript 'arguments[0].setAttribute('style', 'border: 3px solid red;');' successfully

2023-06-20 14:40:00 - [MESSAGE][PASSED] - Delayed 1 second(s)

2023-06-20 14:40:00 - [MESSAGE][PASSED] - Save experience clicked once

2023-06-20 14:40:00 - [TEST_STEP][PASSED] - CommonActions.elementPresent(findTestObject("Object Repository/Admission/CommonObjects/Successful alert"), "Saved work experience"): Delayed 1 second(s)

2023-06-20 14:40:02 - [MESSAGE][INFO] - Validating element present or not

2023-06-20 14:40:02 - [MESSAGE][PASSED] - Object 'Object Repository/Admission/CommonObjects/Successful alert' is present

2023-06-20 14:40:02 - [MESSAGE][PASSED] - Element clicked once

2023-06-20 14:40:02 - [MESSAGE][INFO] - Saved work experience is present

2023-06-20 14:40:02 - [MESSAGE][PASSED] - Execute JavaScript 'arguments[0].setAttribute('style', 'border: 2px solid green;');' successfully

2023-06-20 14:40:03 - [MESSAGE][PASSED] - Delayed 1 second(s)]]></system-out>
         <system-err><![CDATA[]]></system-err>
      </testcase>
      <testcase name="Test Cases/Admission/TC_56_Verified_Edit_Work profile" time="16.505" classname="Test Cases/Admission/TC_56_Verified_Edit_Work profile" status="PASSED">
         <system-out><![CDATA[2023-06-20 14:40:03 - [TEST_CASE][PASSED] - Test Cases/Admission/TC_56_Verified_Edit_Work profile: Test Cases/Admission/TC_56_Verified_Edit_Work profile

2023-06-20 14:40:04 - [TEST_STEP][PASSED] - CommonActions.selectLastRow(findTestObject("Object Repository/Admission/CommonObjects/Tab rows list nested")): CommonActions.selectLastRow is PASSED

2023-06-20 14:40:06 - [MESSAGE][PASSED] - Delayed 2 second(s)

2023-06-20 14:40:06 - [MESSAGE][PASSED] - CommonActions.selectLastRow is PASSED

2023-06-20 14:40:06 - [TEST_STEP][PASSED] - CommonActions.elementClick(findTestObject("Object Repository/Admission/CommonObjects/Nested Edit button"), "Edit button"): Edit button clicked once

2023-06-20 14:40:07 - [MESSAGE][INFO] - Clicking on Edit button

2023-06-20 14:40:07 - [MESSAGE][PASSED] - Execute JavaScript 'arguments[0].setAttribute('style', 'border: 3px solid red;');' successfully

2023-06-20 14:40:08 - [MESSAGE][PASSED] - Delayed 1 second(s)

2023-06-20 14:40:09 - [MESSAGE][PASSED] - Edit button clicked once

2023-06-20 14:40:09 - [TEST_STEP][PASSED] - CommonActions.clickOnElementAndTypeText(findTestObject("Object Repository/Admission/TC_56_Edit_Work profile/Job profile"), "Test job", "Job profilen field"): CommonActions.clickOnElementAndTypeText is PASSED

2023-06-20 14:40:09 - [MESSAGE][PASSED] - Execute JavaScript 'arguments[0].setAttribute('style', 'border: 3px solid red;');' successfully

2023-06-20 14:40:10 - [MESSAGE][PASSED] - Delayed 1 second(s)

2023-06-20 14:40:12 - [MESSAGE][PASSED] - Delayed 1 second(s)

2023-06-20 14:40:12 - [MESSAGE][PASSED] - Keys 'CONTROL + a' sent to object: 'Object Repository/Admission/TC_56_Edit_Work profile/Job profile'

2023-06-20 14:40:12 - [MESSAGE][PASSED] - Keys 'DELETE + ' sent to object: 'Object Repository/Admission/TC_56_Edit_Work profile/Job profile'

2023-06-20 14:40:13 - [MESSAGE][PASSED] - Delayed 1 second(s)

2023-06-20 14:40:14 - [MESSAGE][PASSED] - Execute JavaScript 'arguments[0].setAttribute('style', 'border: 2px solid green;');' successfully

2023-06-20 14:40:15 - [MESSAGE][PASSED] - Delayed 1 second(s)

2023-06-20 14:40:15 - [MESSAGE][INFO] - Sent Test jobto the Job profilen field

2023-06-20 14:40:15 - [MESSAGE][PASSED] - CommonActions.clickOnElementAndTypeText is PASSED

2023-06-20 14:40:15 - [TEST_STEP][PASSED] - CommonActions.elementClick(findTestObject("Object Repository/Admission/CommonObjects/Submit Button Floating Window"), "Save experience"): Save experience clicked once

2023-06-20 14:40:15 - [MESSAGE][INFO] - Clicking on Save experience

2023-06-20 14:40:16 - [MESSAGE][PASSED] - Execute JavaScript 'arguments[0].setAttribute('style', 'border: 3px solid red;');' successfully

2023-06-20 14:40:17 - [MESSAGE][PASSED] - Delayed 1 second(s)

2023-06-20 14:40:17 - [MESSAGE][PASSED] - Save experience clicked once

2023-06-20 14:40:17 - [TEST_STEP][PASSED] - CommonActions.elementPresent(findTestObject("Object Repository/Admission/CommonObjects/Successful alert"), "Saved work experience"): Delayed 1 second(s)

2023-06-20 14:40:18 - [MESSAGE][INFO] - Validating element present or not

2023-06-20 14:40:18 - [MESSAGE][PASSED] - Object 'Object Repository/Admission/CommonObjects/Successful alert' is present

2023-06-20 14:40:18 - [MESSAGE][PASSED] - Element clicked once

2023-06-20 14:40:18 - [MESSAGE][INFO] - Saved work experience is present

2023-06-20 14:40:19 - [MESSAGE][PASSED] - Execute JavaScript 'arguments[0].setAttribute('style', 'border: 2px solid green;');' successfully

2023-06-20 14:40:20 - [MESSAGE][PASSED] - Delayed 1 second(s)]]></system-out>
         <system-err><![CDATA[]]></system-err>
      </testcase>
      <testcase name="Test Cases/Admission/TC_57_Verified_view_Profile" time="10.174" classname="Test Cases/Admission/TC_57_Verified_view_Profile" status="PASSED">
         <system-out><![CDATA[2023-06-20 14:40:20 - [TEST_CASE][PASSED] - Test Cases/Admission/TC_57_Verified_view_Profile: Test Cases/Admission/TC_57_Verified_view_Profile

2023-06-20 14:40:20 - [TEST_STEP][PASSED] - CommonActions.selectLastRow(findTestObject("Object Repository/Admission/CommonObjects/Tab rows list nested")): CommonActions.selectLastRow is PASSED

2023-06-20 14:40:22 - [MESSAGE][PASSED] - Delayed 2 second(s)

2023-06-20 14:40:23 - [MESSAGE][PASSED] - CommonActions.selectLastRow is PASSED

2023-06-20 14:40:23 - [TEST_STEP][PASSED] - CommonActions.elementClick(findTestObject("Object Repository/Admission/CommonObjects/Nested view button"), "View button"): View button clicked once

2023-06-20 14:40:23 - [MESSAGE][INFO] - Clicking on View button

2023-06-20 14:40:23 - [MESSAGE][PASSED] - Execute JavaScript 'arguments[0].setAttribute('style', 'border: 3px solid red;');' successfully

2023-06-20 14:40:24 - [MESSAGE][PASSED] - Delayed 1 second(s)

2023-06-20 14:40:25 - [MESSAGE][PASSED] - View button clicked once

2023-06-20 14:40:25 - [TEST_STEP][PASSED] - CommonActions.elementPresent(findTestObject("Object Repository/Admission/TC_57_Verified_view_Profile/Work experience edit header"), "Edit header"): Delayed 1 second(s)

2023-06-20 14:40:26 - [MESSAGE][INFO] - Validating element present or not

2023-06-20 14:40:26 - [MESSAGE][PASSED] - Object 'Object Repository/Admission/TC_57_Verified_view_Profile/Work experience edit header' is present

2023-06-20 14:40:26 - [MESSAGE][PASSED] - Element clicked once

2023-06-20 14:40:26 - [MESSAGE][INFO] - Edit header is present

2023-06-20 14:40:27 - [MESSAGE][PASSED] - Execute JavaScript 'arguments[0].setAttribute('style', 'border: 2px solid green;');' successfully

2023-06-20 14:40:28 - [MESSAGE][PASSED] - Delayed 1 second(s)

2023-06-20 14:40:28 - [TEST_STEP][PASSED] - CommonActions.elementClick(findTestObject("Object Repository/Admission/CommonObjects/Cancel button floating window"), "Cancel button floting window"): Cancel button floting window clicked once

2023-06-20 14:40:28 - [MESSAGE][INFO] - Clicking on Cancel button floting window

2023-06-20 14:40:29 - [MESSAGE][PASSED] - Execute JavaScript 'arguments[0].setAttribute('style', 'border: 3px solid red;');' successfully

2023-06-20 14:40:30 - [MESSAGE][PASSED] - Delayed 1 second(s)

2023-06-20 14:40:30 - [MESSAGE][PASSED] - Cancel button floting window clicked once]]></system-out>
         <system-err><![CDATA[]]></system-err>
      </testcase>
      <testcase name="Test Cases/Admission/TC_58_Verified_delete_work_profile" time="9.728" classname="Test Cases/Admission/TC_58_Verified_delete_work_profile" status="PASSED">
         <system-out><![CDATA[2023-06-20 14:40:30 - [TEST_CASE][PASSED] - Test Cases/Admission/TC_58_Verified_delete_work_profile: Test Cases/Admission/TC_58_Verified_delete_work_profile

2023-06-20 14:40:30 - [TEST_STEP][PASSED] - CommonActions.selectLastRow(findTestObject("Object Repository/Admission/CommonObjects/Tab rows list nested")): CommonActions.selectLastRow is PASSED

2023-06-20 14:40:33 - [MESSAGE][PASSED] - Delayed 2 second(s)

2023-06-20 14:40:33 - [MESSAGE][PASSED] - CommonActions.selectLastRow is PASSED

2023-06-20 14:40:33 - [TEST_STEP][PASSED] - CommonActions.elementClick(findTestObject("Object Repository/Admission/CommonObjects/Nested tab delete button"), "Delete button"): Delete button clicked once

2023-06-20 14:40:33 - [MESSAGE][INFO] - Clicking on Delete button

2023-06-20 14:40:34 - [MESSAGE][PASSED] - Execute JavaScript 'arguments[0].setAttribute('style', 'border: 3px solid red;');' successfully

2023-06-20 14:40:35 - [MESSAGE][PASSED] - Delayed 1 second(s)

2023-06-20 14:40:35 - [MESSAGE][PASSED] - Delete button clicked once

2023-06-20 14:40:35 - [TEST_STEP][PASSED] - CommonActions.elementClick(findTestObject("Object Repository/Admission/CommonObjects/yes button alert"), "yes button delete"): yes button delete clicked once

2023-06-20 14:40:36 - [MESSAGE][INFO] - Clicking on yes button delete

2023-06-20 14:40:36 - [MESSAGE][PASSED] - Execute JavaScript 'arguments[0].setAttribute('style', 'border: 3px solid red;');' successfully

2023-06-20 14:40:37 - [MESSAGE][PASSED] - Delayed 1 second(s)

2023-06-20 14:40:37 - [MESSAGE][PASSED] - yes button delete clicked once

2023-06-20 14:40:37 - [TEST_STEP][PASSED] - CommonActions.elementPresent(findTestObject("Object Repository/Admission/CommonObjects/Successful alert"), "Saved work experience"): Delayed 1 second(s)

2023-06-20 14:40:38 - [MESSAGE][INFO] - Validating element present or not

2023-06-20 14:40:38 - [MESSAGE][PASSED] - Object 'Object Repository/Admission/CommonObjects/Successful alert' is present

2023-06-20 14:40:38 - [MESSAGE][PASSED] - Element clicked once

2023-06-20 14:40:38 - [MESSAGE][INFO] - Saved work experience is present

2023-06-20 14:40:39 - [MESSAGE][PASSED] - Execute JavaScript 'arguments[0].setAttribute('style', 'border: 2px solid green;');' successfully

2023-06-20 14:40:40 - [MESSAGE][PASSED] - Delayed 1 second(s)]]></system-out>
         <system-err><![CDATA[]]></system-err>
      </testcase>
      <testcase name="Test Cases/Admission/TC__59Verified_Edit_with out_select_Record" time="4.903" classname="Test Cases/Admission/TC__59Verified_Edit_with out_select_Record" status="PASSED">
         <system-out><![CDATA[2023-06-20 14:40:40 - [TEST_CASE][PASSED] - Test Cases/Admission/TC__59Verified_Edit_with out_select_Record: Test Cases/Admission/TC__59Verified_Edit_with out_select_Record

2023-06-20 14:40:40 - [TEST_STEP][PASSED] - CommonActions.elementClick(findTestObject("Object Repository/Admission/CommonObjects/Nested Edit button"), "Edit button"): Edit button clicked once

2023-06-20 14:40:40 - [MESSAGE][INFO] - Clicking on Edit button

2023-06-20 14:40:41 - [MESSAGE][PASSED] - Execute JavaScript 'arguments[0].setAttribute('style', 'border: 3px solid red;');' successfully

2023-06-20 14:40:42 - [MESSAGE][PASSED] - Delayed 1 second(s)

2023-06-20 14:40:42 - [MESSAGE][PASSED] - Edit button clicked once

2023-06-20 14:40:42 - [TEST_STEP][PASSED] - CommonActions.elementPresent(findTestObject("Object Repository/Admission/CommonObjects/Pleaase select reocrd alert"), "Please select record alert"): Delayed 1 second(s)

2023-06-20 14:40:43 - [MESSAGE][INFO] - Validating element present or not

2023-06-20 14:40:43 - [MESSAGE][PASSED] - Object 'Object Repository/Admission/CommonObjects/Pleaase select reocrd alert' is present

2023-06-20 14:40:43 - [MESSAGE][PASSED] - Element clicked once

2023-06-20 14:40:43 - [MESSAGE][INFO] - Please select record alert is present

2023-06-20 14:40:44 - [MESSAGE][PASSED] - Execute JavaScript 'arguments[0].setAttribute('style', 'border: 2px solid green;');' successfully

2023-06-20 14:40:45 - [MESSAGE][PASSED] - Delayed 1 second(s)]]></system-out>
         <system-err><![CDATA[]]></system-err>
      </testcase>
      <system-out><![CDATA[2023-06-20 14:38:04 - [TEST_SUITE][PASSED] - Demo Admission test suite: Test Cases/Admission/TC__59Verified_Edit_with out_select_Record]]></system-out>
      <system-err><![CDATA[]]></system-err>
   </testsuite>
</testsuites>
