<?xml version="1.0" encoding="UTF-8"?>
<testsuites name="Admission Test suite" time="56.344" tests="2" failures="0" errors="0">
   <testsuite name="Admission Test suite" tests="2" failures="0" errors="0" time="56.344" skipped="0" timestamp="2023-06-14 10:24:40" hostname="Laxman Jagarlamud - LAPTOP-LNCQBP1R" id="Test Suites/Admission Test suite">
      <properties>
         <property name="deviceName" value=""/>
         <property name="devicePlatform" value=""/>
         <property name="logFolder" value="C:\\Users\\Laxman Jagarlamud\\git\\qa-automation-regression-ui\\Reports\\20230614_102433\\Admission Test suite\\20230614_102433"/>
         <property name="logFiles" value="C:\\Users\\Laxman Jagarlamud\\git\\qa-automation-regression-ui\\Reports\\20230614_102433\\Admission Test suite\\20230614_102433\\execution0.log"/>
         <property name="attachments" value=""/>
         <property name="hostName" value="Laxman Jagarlamud - LAPTOP-LNCQBP1R"/>
         <property name="os" value="Windows 11 64bit"/>
         <property name="katalonVersion" value="8.6.5.208"/>
         <property name="browser" value="Chrome 114.0.0.0"/>
         <property name="hostAddress" value="192.168.0.29"/>
         <property name="sessionId" value="93eaa79a0c243bebf7a95b160ca1e1b2"/>
         <property name="seleniumVersion" value="3.141.59"/>
         <property name="proxyInformation" value="ProxyInformation { proxyOption=NO_PROXY, proxyServerType=HTTP, username=, password=********, proxyServerAddress=, proxyServerPort=0, executionList=&quot;&quot;, isApplyToDesiredCapabilities=true }"/>
         <property name="platform" value="Windows 11"/>
      </properties>
      <testcase name="Test Cases/Pre-Admission/TC_01_Validate the login" time="55.849" classname="Test Cases/Pre-Admission/TC_01_Validate the login" status="PASSED">
         <system-out><![CDATA[2023-06-14 10:24:40 - [TEST_CASE][PASSED] - Test Cases/Pre-Admission/TC_01_Validate the login: Test Cases/Pre-Admission/TC_01_Validate the login

2023-06-14 10:24:41 - [TEST_STEP][PASSED] - openBrowser(""): Browser is opened with url: ''

2023-06-14 10:24:41 - [MESSAGE][INFO] - Starting 'Chrome' driver

2023-06-14 10:24:41 - [MESSAGE][INFO] - Action delay is set to 0 milliseconds

2023-06-14 10:24:45 - [MESSAGE][PASSED] - Browser is opened with url: ''

2023-06-14 10:24:45 - [TEST_STEP][PASSED] - navigateToUrl(url): Navigate to 'https://regression1.academiaerp.com/' successfully

2023-06-14 10:24:47 - [MESSAGE][PASSED] - Navigate to 'https://regression1.academiaerp.com/' successfully

2023-06-14 10:24:47 - [TEST_STEP][PASSED] - maximizeWindow(): Current window maximized

2023-06-14 10:24:47 - [MESSAGE][PASSED] - Current window maximized

2023-06-14 10:24:47 - [TEST_STEP][PASSED] - click(findTestObject("Object Repository/preadmission/TC_01/Page_Academia/Admin_tab")): Object: 'Object Repository/preadmission/TC_01/Page_Academia/Admin_tab' is clicked on

2023-06-14 10:24:47 - [MESSAGE][PASSED] - Object: 'Object Repository/preadmission/TC_01/Page_Academia/Admin_tab' is clicked on

2023-06-14 10:24:47 - [TEST_STEP][PASSED] - CommonActions.clickOnElementAndTypeText(findTestObject("Object Repository/preadmission/TC_01/Page_Academia/input_Username  Email_email"), Username, "Username textfield"): CommonActions.clickOnElementAndTypeText is PASSED

2023-06-14 10:24:49 - [MESSAGE][PASSED] - Execute JavaScript 'arguments[0].setAttribute('style', 'border: 3px solid red;');' successfully

2023-06-14 10:24:50 - [MESSAGE][PASSED] - Delayed 1 second(s)

2023-06-14 10:24:51 - [MESSAGE][PASSED] - Delayed 1 second(s)

2023-06-14 10:24:51 - [MESSAGE][PASSED] - Keys 'CONTROL + a' sent to object: 'Object Repository/preadmission/TC_01/Page_Academia/input_Username  Email_email'

2023-06-14 10:24:52 - [MESSAGE][PASSED] - Keys 'DELETE + ' sent to object: 'Object Repository/preadmission/TC_01/Page_Academia/input_Username  Email_email'

2023-06-14 10:24:53 - [MESSAGE][PASSED] - Delayed 1 second(s)

2023-06-14 10:24:53 - [MESSAGE][PASSED] - Execute JavaScript 'arguments[0].setAttribute('style', 'border: 2px solid green;');' successfully

2023-06-14 10:24:54 - [MESSAGE][PASSED] - Delayed 1 second(s)

2023-06-14 10:24:54 - [MESSAGE][INFO] - Sent sysadminto the Username textfield

2023-06-14 10:24:54 - [MESSAGE][PASSED] - CommonActions.clickOnElementAndTypeText is PASSED

2023-06-14 10:24:54 - [TEST_STEP][PASSED] - CommonActions.clickOnElementAndTypeText(findTestObject("Object Repository/preadmission/TC_01/Page_Academia/input_Password_password"), Password, "Password textfield"): CommonActions.clickOnElementAndTypeText is PASSED

2023-06-14 10:24:55 - [MESSAGE][PASSED] - Execute JavaScript 'arguments[0].setAttribute('style', 'border: 3px solid red;');' successfully

2023-06-14 10:24:56 - [MESSAGE][PASSED] - Delayed 1 second(s)

2023-06-14 10:24:57 - [MESSAGE][PASSED] - Delayed 1 second(s)

2023-06-14 10:24:57 - [MESSAGE][PASSED] - Keys 'CONTROL + a' sent to object: 'Object Repository/preadmission/TC_01/Page_Academia/input_Password_password'

2023-06-14 10:24:58 - [MESSAGE][PASSED] - Keys 'DELETE + ' sent to object: 'Object Repository/preadmission/TC_01/Page_Academia/input_Password_password'

2023-06-14 10:24:59 - [MESSAGE][PASSED] - Delayed 1 second(s)

2023-06-14 10:24:59 - [MESSAGE][PASSED] - Execute JavaScript 'arguments[0].setAttribute('style', 'border: 2px solid green;');' successfully

2023-06-14 10:25:00 - [MESSAGE][PASSED] - Delayed 1 second(s)

2023-06-14 10:25:00 - [MESSAGE][INFO] - Sent passwordto the Password textfield

2023-06-14 10:25:00 - [MESSAGE][PASSED] - CommonActions.clickOnElementAndTypeText is PASSED

2023-06-14 10:25:00 - [TEST_STEP][PASSED] - CommonActions.elementClick(findTestObject("Object Repository/preadmission/TC_01/Page_Academia/input_Forgot password_signin"), "Sign in button"): Sign in button clicked once

2023-06-14 10:25:01 - [MESSAGE][INFO] - Clicking on Sign in button

2023-06-14 10:25:01 - [MESSAGE][PASSED] - Execute JavaScript 'arguments[0].setAttribute('style', 'border: 3px solid red;');' successfully

2023-06-14 10:25:02 - [MESSAGE][PASSED] - Delayed 1 second(s)

2023-06-14 10:25:02 - [MESSAGE][PASSED] - Sign in button clicked once

2023-06-14 10:25:02 - [TEST_STEP][PASSED] - delay(30): Delayed 30 second(s)

2023-06-14 10:25:32 - [MESSAGE][PASSED] - Delayed 30 second(s)

2023-06-14 10:25:32 - [TEST_STEP][PASSED] - CommonActions.elementPresent(findTestObject("Object Repository/preadmission/TC_01/Page_Academia/label_Administrator"), "Adminstartor portal header"): Delayed 1 second(s)

2023-06-14 10:25:33 - [MESSAGE][INFO] - Validating element present or not

2023-06-14 10:25:33 - [MESSAGE][PASSED] - Object 'Object Repository/preadmission/TC_01/Page_Academia/label_Administrator' is present

2023-06-14 10:25:33 - [MESSAGE][PASSED] - Element clicked once

2023-06-14 10:25:33 - [MESSAGE][INFO] - Adminstartor portal header is present

2023-06-14 10:25:33 - [MESSAGE][PASSED] - Execute JavaScript 'arguments[0].setAttribute('style', 'border: 2px solid green;');' successfully

2023-06-14 10:25:34 - [MESSAGE][PASSED] - Delayed 1 second(s)

2023-06-14 10:25:34 - [TEST_STEP][PASSED] - CommonActions.verifyExactElementText(findTestObject("Object Repository/preadmission/TC_01/Page_Academia/label_Administrator"), AdminPortalHeaderText, "Adminstartor portal header"): Delayed 1 second(s)

2023-06-14 10:25:35 - [MESSAGE][PASSED] - Adminstartor portal headertext is verified

2023-06-14 10:25:35 - [MESSAGE][PASSED] - Execute JavaScript 'arguments[0].setAttribute('style', 'border: 2px solid green;');' successfully

2023-06-14 10:25:36 - [MESSAGE][PASSED] - Delayed 1 second(s)]]></system-out>
         <system-err><![CDATA[]]></system-err>
      </testcase>
      <testcase name="Test Cases/Admission/TC_24_Verify Selection process stages(interview)" time="0.22" classname="Test Cases/Admission/TC_24_Verify Selection process stages(interview)" status="PASSED">
         <system-out><![CDATA[2023-06-14 10:25:36 - [TEST_CASE][PASSED] - Test Cases/Admission/TC_24_Verify Selection process stages(interview): Test Cases/Admission/TC_24_Verify Selection process stages(interview)

2023-06-14 10:25:36 - [TEST_STEP][PASSED] - return null: null]]></system-out>
         <system-err><![CDATA[]]></system-err>
      </testcase>
      <system-out><![CDATA[2023-06-14 10:24:40 - [TEST_SUITE][PASSED] - Admission Test suite: Test Cases/Admission/TC_24_Verify Selection process stages(interview)]]></system-out>
      <system-err><![CDATA[]]></system-err>
   </testsuite>
</testsuites>
