<?xml version="1.0" encoding="UTF-8"?>
<testsuites name="Admission Test suite" time="154.449" tests="5" failures="0" errors="0">
   <testsuite name="Admission Test suite" tests="5" failures="0" errors="0" time="154.449" skipped="0" timestamp="2023-06-14 10:31:43" hostname="Laxman Jagarlamud - LAPTOP-LNCQBP1R" id="Test Suites/Admission Test suite">
      <properties>
         <property name="deviceName" value=""/>
         <property name="devicePlatform" value=""/>
         <property name="logFolder" value="C:\\Users\\Laxman Jagarlamud\\git\\qa-automation-regression-ui\\Reports\\20230614_103136\\Admission Test suite\\20230614_103136"/>
         <property name="logFiles" value="C:\\Users\\Laxman Jagarlamud\\git\\qa-automation-regression-ui\\Reports\\20230614_103136\\Admission Test suite\\20230614_103136\\execution0.log"/>
         <property name="attachments" value=""/>
         <property name="hostName" value="Laxman Jagarlamud - LAPTOP-LNCQBP1R"/>
         <property name="os" value="Windows 11 64bit"/>
         <property name="katalonVersion" value="8.6.5.208"/>
         <property name="browser" value="Chrome 114.0.0.0"/>
         <property name="hostAddress" value="192.168.0.29"/>
         <property name="sessionId" value="01f398288c1d26a0c4b007b78dc044f3"/>
         <property name="seleniumVersion" value="3.141.59"/>
         <property name="proxyInformation" value="ProxyInformation { proxyOption=NO_PROXY, proxyServerType=HTTP, username=, password=********, proxyServerAddress=, proxyServerPort=0, executionList=&quot;&quot;, isApplyToDesiredCapabilities=true }"/>
         <property name="platform" value="Windows 11"/>
      </properties>
      <testcase name="Test Cases/Pre-Admission/TC_01_Validate the login" time="54.74" classname="Test Cases/Pre-Admission/TC_01_Validate the login" status="PASSED">
         <system-out><![CDATA[2023-06-14 10:31:43 - [TEST_CASE][PASSED] - Test Cases/Pre-Admission/TC_01_Validate the login: Test Cases/Pre-Admission/TC_01_Validate the login

2023-06-14 10:31:44 - [TEST_STEP][PASSED] - openBrowser(""): Browser is opened with url: ''

2023-06-14 10:31:44 - [MESSAGE][INFO] - Starting 'Chrome' driver

2023-06-14 10:31:44 - [MESSAGE][INFO] - Action delay is set to 0 milliseconds

2023-06-14 10:31:46 - [MESSAGE][PASSED] - Browser is opened with url: ''

2023-06-14 10:31:46 - [TEST_STEP][PASSED] - navigateToUrl(url): Navigate to 'https://regression1.academiaerp.com/' successfully

2023-06-14 10:31:49 - [MESSAGE][PASSED] - Navigate to 'https://regression1.academiaerp.com/' successfully

2023-06-14 10:31:49 - [TEST_STEP][PASSED] - maximizeWindow(): Current window maximized

2023-06-14 10:31:49 - [MESSAGE][PASSED] - Current window maximized

2023-06-14 10:31:49 - [TEST_STEP][PASSED] - click(findTestObject("Object Repository/preadmission/TC_01/Page_Academia/Admin_tab")): Object: 'Object Repository/preadmission/TC_01/Page_Academia/Admin_tab' is clicked on

2023-06-14 10:31:49 - [MESSAGE][PASSED] - Object: 'Object Repository/preadmission/TC_01/Page_Academia/Admin_tab' is clicked on

2023-06-14 10:31:49 - [TEST_STEP][PASSED] - CommonActions.clickOnElementAndTypeText(findTestObject("Object Repository/preadmission/TC_01/Page_Academia/input_Username  Email_email"), Username, "Username textfield"): CommonActions.clickOnElementAndTypeText is PASSED

2023-06-14 10:31:51 - [MESSAGE][PASSED] - Execute JavaScript 'arguments[0].setAttribute('style', 'border: 3px solid red;');' successfully

2023-06-14 10:31:52 - [MESSAGE][PASSED] - Delayed 1 second(s)

2023-06-14 10:31:53 - [MESSAGE][PASSED] - Delayed 1 second(s)

2023-06-14 10:31:53 - [MESSAGE][PASSED] - Keys 'CONTROL + a' sent to object: 'Object Repository/preadmission/TC_01/Page_Academia/input_Username  Email_email'

2023-06-14 10:31:54 - [MESSAGE][PASSED] - Keys 'DELETE + ' sent to object: 'Object Repository/preadmission/TC_01/Page_Academia/input_Username  Email_email'

2023-06-14 10:31:55 - [MESSAGE][PASSED] - Delayed 1 second(s)

2023-06-14 10:31:55 - [MESSAGE][PASSED] - Execute JavaScript 'arguments[0].setAttribute('style', 'border: 2px solid green;');' successfully

2023-06-14 10:31:56 - [MESSAGE][PASSED] - Delayed 1 second(s)

2023-06-14 10:31:56 - [MESSAGE][INFO] - Sent sysadminto the Username textfield

2023-06-14 10:31:56 - [MESSAGE][PASSED] - CommonActions.clickOnElementAndTypeText is PASSED

2023-06-14 10:31:56 - [TEST_STEP][PASSED] - CommonActions.clickOnElementAndTypeText(findTestObject("Object Repository/preadmission/TC_01/Page_Academia/input_Password_password"), Password, "Password textfield"): CommonActions.clickOnElementAndTypeText is PASSED

2023-06-14 10:31:57 - [MESSAGE][PASSED] - Execute JavaScript 'arguments[0].setAttribute('style', 'border: 3px solid red;');' successfully

2023-06-14 10:31:58 - [MESSAGE][PASSED] - Delayed 1 second(s)

2023-06-14 10:31:59 - [MESSAGE][PASSED] - Delayed 1 second(s)

2023-06-14 10:31:59 - [MESSAGE][PASSED] - Keys 'CONTROL + a' sent to object: 'Object Repository/preadmission/TC_01/Page_Academia/input_Password_password'

2023-06-14 10:32:00 - [MESSAGE][PASSED] - Keys 'DELETE + ' sent to object: 'Object Repository/preadmission/TC_01/Page_Academia/input_Password_password'

2023-06-14 10:32:01 - [MESSAGE][PASSED] - Delayed 1 second(s)

2023-06-14 10:32:02 - [MESSAGE][PASSED] - Execute JavaScript 'arguments[0].setAttribute('style', 'border: 2px solid green;');' successfully

2023-06-14 10:32:03 - [MESSAGE][PASSED] - Delayed 1 second(s)

2023-06-14 10:32:03 - [MESSAGE][INFO] - Sent passwordto the Password textfield

2023-06-14 10:32:03 - [MESSAGE][PASSED] - CommonActions.clickOnElementAndTypeText is PASSED

2023-06-14 10:32:03 - [TEST_STEP][PASSED] - CommonActions.elementClick(findTestObject("Object Repository/preadmission/TC_01/Page_Academia/input_Forgot password_signin"), "Sign in button"): Sign in button clicked once

2023-06-14 10:32:03 - [MESSAGE][INFO] - Clicking on Sign in button

2023-06-14 10:32:03 - [MESSAGE][PASSED] - Execute JavaScript 'arguments[0].setAttribute('style', 'border: 3px solid red;');' successfully

2023-06-14 10:32:04 - [MESSAGE][PASSED] - Delayed 1 second(s)

2023-06-14 10:32:04 - [MESSAGE][PASSED] - Sign in button clicked once

2023-06-14 10:32:04 - [TEST_STEP][PASSED] - delay(30): Delayed 30 second(s)

2023-06-14 10:32:34 - [MESSAGE][PASSED] - Delayed 30 second(s)

2023-06-14 10:32:34 - [TEST_STEP][PASSED] - CommonActions.elementPresent(findTestObject("Object Repository/preadmission/TC_01/Page_Academia/label_Administrator"), "Adminstartor portal header"): Delayed 1 second(s)

2023-06-14 10:32:35 - [MESSAGE][INFO] - Validating element present or not

2023-06-14 10:32:35 - [MESSAGE][PASSED] - Object 'Object Repository/preadmission/TC_01/Page_Academia/label_Administrator' is present

2023-06-14 10:32:35 - [MESSAGE][PASSED] - Element clicked once

2023-06-14 10:32:35 - [MESSAGE][INFO] - Adminstartor portal header is present

2023-06-14 10:32:35 - [MESSAGE][PASSED] - Execute JavaScript 'arguments[0].setAttribute('style', 'border: 2px solid green;');' successfully

2023-06-14 10:32:36 - [MESSAGE][PASSED] - Delayed 1 second(s)

2023-06-14 10:32:36 - [TEST_STEP][PASSED] - CommonActions.verifyExactElementText(findTestObject("Object Repository/preadmission/TC_01/Page_Academia/label_Administrator"), AdminPortalHeaderText, "Adminstartor portal header"): Delayed 1 second(s)

2023-06-14 10:32:37 - [MESSAGE][PASSED] - Adminstartor portal headertext is verified

2023-06-14 10:32:37 - [MESSAGE][PASSED] - Execute JavaScript 'arguments[0].setAttribute('style', 'border: 2px solid green;');' successfully

2023-06-14 10:32:38 - [MESSAGE][PASSED] - Delayed 1 second(s)]]></system-out>
         <system-err><![CDATA[]]></system-err>
      </testcase>
      <testcase name="Test Cases/Admission/TC_19_Verified_Add Selection process" time="25.057" classname="Test Cases/Admission/TC_19_Verified_Add Selection process" status="PASSED">
         <system-out><![CDATA[2023-06-14 10:32:38 - [TEST_CASE][PASSED] - Test Cases/Admission/TC_19_Verified_Add Selection process: Test Cases/Admission/TC_19_Verified_Add Selection process

2023-06-14 10:32:38 - [TEST_STEP][PASSED] - mouseOver(findTestObject("Object Repository/Admission/TC_01_ Pre-requisites for Admission/Admissions Tab")): Object: 'Object Repository/Admission/TC_01_ Pre-requisites for Admission/Admissions Tab' is hovered

2023-06-14 10:32:39 - [MESSAGE][PASSED] - Object: 'Object Repository/Admission/TC_01_ Pre-requisites for Admission/Admissions Tab' is hovered

2023-06-14 10:32:39 - [TEST_STEP][PASSED] - CommonActions.elementClick(findTestObject("Object Repository/Admission/TC_01_ Pre-requisites for Admission/Admissions Tab"), "Admissions tab"): Admissions tab clicked once

2023-06-14 10:32:39 - [MESSAGE][INFO] - Clicking on Admissions tab

2023-06-14 10:32:40 - [MESSAGE][PASSED] - Execute JavaScript 'arguments[0].setAttribute('style', 'border: 3px solid red;');' successfully

2023-06-14 10:32:41 - [MESSAGE][PASSED] - Delayed 1 second(s)

2023-06-14 10:32:41 - [MESSAGE][PASSED] - Admissions tab clicked once

2023-06-14 10:32:41 - [TEST_STEP][PASSED] - delay(2): Delayed 2 second(s)

2023-06-14 10:32:43 - [MESSAGE][PASSED] - Delayed 2 second(s)

2023-06-14 10:32:43 - [TEST_STEP][PASSED] - CommonActions.elementClick(findTestObject("Object Repository/Admission/TC_01_ Pre-requisites for Admission/Assesment process"), "Assesment process"): Assesment process clicked once

2023-06-14 10:32:43 - [MESSAGE][INFO] - Clicking on Assesment process

2023-06-14 10:32:44 - [MESSAGE][PASSED] - Execute JavaScript 'arguments[0].setAttribute('style', 'border: 3px solid red;');' successfully

2023-06-14 10:32:45 - [MESSAGE][PASSED] - Delayed 1 second(s)

2023-06-14 10:32:45 - [MESSAGE][PASSED] - Assesment process clicked once

2023-06-14 10:32:45 - [TEST_STEP][PASSED] - CommonActions.elementClick(findTestObject("Object Repository/Admission/CommonObjects/Add button"), "Add button"): Add button clicked once

2023-06-14 10:32:46 - [MESSAGE][INFO] - Clicking on Add button

2023-06-14 10:32:46 - [MESSAGE][PASSED] - Execute JavaScript 'arguments[0].setAttribute('style', 'border: 3px solid red;');' successfully

2023-06-14 10:32:47 - [MESSAGE][PASSED] - Delayed 1 second(s)

2023-06-14 10:32:48 - [MESSAGE][PASSED] - Add button clicked once

2023-06-14 10:32:48 - [TEST_STEP][PASSED] - AssesmentProcessName = CommonActions.randomNameGenerator(): CommonActions.randomNameGenerator is PASSED

2023-06-14 10:32:48 - [MESSAGE][PASSED] - CommonActions.randomNameGenerator is PASSED

2023-06-14 10:32:48 - [TEST_STEP][PASSED] - out.println(AssesmentProcessName): null

2023-06-14 10:32:48 - [TEST_STEP][PASSED] - CommonActions.clickOnElementAndTypeText(findTestObject("Object Repository/Admission/TC_01_ Pre-requisites for Admission/Assesement process name"), AssesmentProcessName, "Asssement name field"): CommonActions.clickOnElementAndTypeText is PASSED

2023-06-14 10:32:49 - [MESSAGE][PASSED] - Execute JavaScript 'arguments[0].setAttribute('style', 'border: 3px solid red;');' successfully

2023-06-14 10:32:50 - [MESSAGE][PASSED] - Delayed 1 second(s)

2023-06-14 10:32:51 - [MESSAGE][PASSED] - Delayed 1 second(s)

2023-06-14 10:32:52 - [MESSAGE][PASSED] - Keys 'CONTROL + a' sent to object: 'Object Repository/Admission/TC_01_ Pre-requisites for Admission/Assesement process name'

2023-06-14 10:32:52 - [MESSAGE][PASSED] - Keys 'DELETE + ' sent to object: 'Object Repository/Admission/TC_01_ Pre-requisites for Admission/Assesement process name'

2023-06-14 10:32:53 - [MESSAGE][PASSED] - Delayed 1 second(s)

2023-06-14 10:32:54 - [MESSAGE][PASSED] - Execute JavaScript 'arguments[0].setAttribute('style', 'border: 2px solid green;');' successfully

2023-06-14 10:32:55 - [MESSAGE][PASSED] - Delayed 1 second(s)

2023-06-14 10:32:55 - [MESSAGE][INFO] - Sent AutomationnkBBykto the Asssement name field

2023-06-14 10:32:55 - [MESSAGE][PASSED] - CommonActions.clickOnElementAndTypeText is PASSED

2023-06-14 10:32:55 - [TEST_STEP][PASSED] - CommonActions.elementClick(findTestObject("Object Repository/Admission/TC_01_ Pre-requisites for Admission/Assesment process dropdown"), "Assesment process dropdown"): Assesment process dropdown clicked once

2023-06-14 10:32:55 - [MESSAGE][INFO] - Clicking on Assesment process dropdown

2023-06-14 10:32:55 - [MESSAGE][PASSED] - Execute JavaScript 'arguments[0].setAttribute('style', 'border: 3px solid red;');' successfully

2023-06-14 10:32:56 - [MESSAGE][PASSED] - Delayed 1 second(s)

2023-06-14 10:32:56 - [MESSAGE][PASSED] - Assesment process dropdown clicked once

2023-06-14 10:32:56 - [TEST_STEP][PASSED] - CommonActions.elementClick(findTestObject("Object Repository/Admission/TC_01_ Pre-requisites for Admission/Admission option"), "Admission option"): Admission option clicked once

2023-06-14 10:32:57 - [MESSAGE][INFO] - Clicking on Admission option

2023-06-14 10:32:57 - [MESSAGE][PASSED] - Execute JavaScript 'arguments[0].setAttribute('style', 'border: 3px solid red;');' successfully

2023-06-14 10:32:58 - [MESSAGE][PASSED] - Delayed 1 second(s)

2023-06-14 10:32:58 - [MESSAGE][PASSED] - Admission option clicked once

2023-06-14 10:32:58 - [TEST_STEP][PASSED] - CommonActions.elementClick(findTestObject("Object Repository/Admission/CommonObjects/Save button"), "Save button"): Save button clicked once

2023-06-14 10:32:59 - [MESSAGE][INFO] - Clicking on Save button

2023-06-14 10:32:59 - [MESSAGE][PASSED] - Execute JavaScript 'arguments[0].setAttribute('style', 'border: 3px solid red;');' successfully

2023-06-14 10:33:00 - [MESSAGE][PASSED] - Delayed 1 second(s)

2023-06-14 10:33:00 - [MESSAGE][PASSED] - Save button clicked once

2023-06-14 10:33:00 - [TEST_STEP][PASSED] - CommonActions.elementPresent(findTestObject("Object Repository/Admission/TC_01_ Pre-requisites for Admission/Record added alert"), "Assesment name added alert"): Delayed 1 second(s)

2023-06-14 10:33:01 - [MESSAGE][INFO] - Validating element present or not

2023-06-14 10:33:02 - [MESSAGE][PASSED] - Object 'Object Repository/Admission/TC_01_ Pre-requisites for Admission/Record added alert' is present

2023-06-14 10:33:02 - [MESSAGE][PASSED] - Element clicked once

2023-06-14 10:33:02 - [MESSAGE][INFO] - Assesment name added alert is present

2023-06-14 10:33:02 - [MESSAGE][PASSED] - Execute JavaScript 'arguments[0].setAttribute('style', 'border: 2px solid green;');' successfully

2023-06-14 10:33:03 - [MESSAGE][PASSED] - Delayed 1 second(s)]]></system-out>
         <system-err><![CDATA[]]></system-err>
      </testcase>
      <testcase name="Test Cases/Admission/TC_20_Verified_Edit_selection process" time="23.455" classname="Test Cases/Admission/TC_20_Verified_Edit_selection process" status="PASSED">
         <system-out><![CDATA[2023-06-14 10:33:03 - [TEST_CASE][PASSED] - Test Cases/Admission/TC_20_Verified_Edit_selection process: Test Cases/Admission/TC_20_Verified_Edit_selection process

2023-06-14 10:33:03 - [TEST_STEP][PASSED] - mouseOver(findTestObject("Object Repository/Admission/TC_01_ Pre-requisites for Admission/Admissions Tab")): Object: 'Object Repository/Admission/TC_01_ Pre-requisites for Admission/Admissions Tab' is hovered

2023-06-14 10:33:04 - [MESSAGE][PASSED] - Object: 'Object Repository/Admission/TC_01_ Pre-requisites for Admission/Admissions Tab' is hovered

2023-06-14 10:33:04 - [TEST_STEP][PASSED] - CommonActions.elementClick(findTestObject("Object Repository/Admission/TC_01_ Pre-requisites for Admission/Admissions Tab"), "Admissions tab"): Admissions tab clicked once

2023-06-14 10:33:04 - [MESSAGE][INFO] - Clicking on Admissions tab

2023-06-14 10:33:05 - [MESSAGE][PASSED] - Execute JavaScript 'arguments[0].setAttribute('style', 'border: 3px solid red;');' successfully

2023-06-14 10:33:06 - [MESSAGE][PASSED] - Delayed 1 second(s)

2023-06-14 10:33:06 - [MESSAGE][PASSED] - Admissions tab clicked once

2023-06-14 10:33:06 - [TEST_STEP][PASSED] - delay(2): Delayed 2 second(s)

2023-06-14 10:33:08 - [MESSAGE][PASSED] - Delayed 2 second(s)

2023-06-14 10:33:08 - [TEST_STEP][PASSED] - CommonActions.elementClick(findTestObject("Object Repository/Admission/TC_01_ Pre-requisites for Admission/Assesment process"), "Assesment process"): Assesment process clicked once

2023-06-14 10:33:08 - [MESSAGE][INFO] - Clicking on Assesment process

2023-06-14 10:33:09 - [MESSAGE][PASSED] - Execute JavaScript 'arguments[0].setAttribute('style', 'border: 3px solid red;');' successfully

2023-06-14 10:33:10 - [MESSAGE][PASSED] - Delayed 1 second(s)

2023-06-14 10:33:10 - [MESSAGE][PASSED] - Assesment process clicked once

2023-06-14 10:33:10 - [TEST_STEP][PASSED] - CommonActions.selectLastRow(findTestObject("Object Repository/Admission/TC_20_Verified_Edit_selection process/List of Assesment")): CommonActions.selectLastRow is PASSED

2023-06-14 10:33:12 - [MESSAGE][PASSED] - Delayed 2 second(s)

2023-06-14 10:33:13 - [MESSAGE][PASSED] - CommonActions.selectLastRow is PASSED

2023-06-14 10:33:13 - [TEST_STEP][PASSED] - CommonActions.elementClick(findTestObject("Object Repository/Admission/CommonObjects/Edit Buttton"), "Edit last row"): Edit last row clicked once

2023-06-14 10:33:13 - [MESSAGE][INFO] - Clicking on Edit last row

2023-06-14 10:33:13 - [MESSAGE][PASSED] - Execute JavaScript 'arguments[0].setAttribute('style', 'border: 3px solid red;');' successfully

2023-06-14 10:33:14 - [MESSAGE][PASSED] - Delayed 1 second(s)

2023-06-14 10:33:15 - [MESSAGE][PASSED] - Edit last row clicked once

2023-06-14 10:33:15 - [TEST_STEP][PASSED] - CommonActions.clickOnElementAndTypeText(findTestObject("Object Repository/Admission/TC_20_Verified_Edit_selection process/Remark"), "Test Automation remark", "Remark field"): CommonActions.clickOnElementAndTypeText is PASSED

2023-06-14 10:33:16 - [MESSAGE][PASSED] - Execute JavaScript 'arguments[0].setAttribute('style', 'border: 3px solid red;');' successfully

2023-06-14 10:33:17 - [MESSAGE][PASSED] - Delayed 1 second(s)

2023-06-14 10:33:19 - [MESSAGE][PASSED] - Delayed 1 second(s)

2023-06-14 10:33:19 - [MESSAGE][PASSED] - Keys 'CONTROL + a' sent to object: 'Object Repository/Admission/TC_20_Verified_Edit_selection process/Remark'

2023-06-14 10:33:19 - [MESSAGE][PASSED] - Keys 'DELETE + ' sent to object: 'Object Repository/Admission/TC_20_Verified_Edit_selection process/Remark'

2023-06-14 10:33:20 - [MESSAGE][PASSED] - Delayed 1 second(s)

2023-06-14 10:33:21 - [MESSAGE][PASSED] - Execute JavaScript 'arguments[0].setAttribute('style', 'border: 2px solid green;');' successfully

2023-06-14 10:33:22 - [MESSAGE][PASSED] - Delayed 1 second(s)

2023-06-14 10:33:22 - [MESSAGE][INFO] - Sent Test Automation remarkto the Remark field

2023-06-14 10:33:22 - [MESSAGE][PASSED] - CommonActions.clickOnElementAndTypeText is PASSED

2023-06-14 10:33:22 - [TEST_STEP][PASSED] - CommonActions.elementClick(findTestObject("Object Repository/Admission/CommonObjects/Save button"), "Save button"): Save button clicked once

2023-06-14 10:33:22 - [MESSAGE][INFO] - Clicking on Save button

2023-06-14 10:33:23 - [MESSAGE][PASSED] - Execute JavaScript 'arguments[0].setAttribute('style', 'border: 3px solid red;');' successfully

2023-06-14 10:33:24 - [MESSAGE][PASSED] - Delayed 1 second(s)

2023-06-14 10:33:24 - [MESSAGE][PASSED] - Save button clicked once

2023-06-14 10:33:24 - [TEST_STEP][PASSED] - CommonActions.elementPresent(findTestObject("Object Repository/Admission/TC_01_ Pre-requisites for Admission/Record added alert"), "Assesment name added / updated alert"): Delayed 1 second(s)

2023-06-14 10:33:25 - [MESSAGE][INFO] - Validating element present or not

2023-06-14 10:33:25 - [MESSAGE][PASSED] - Object 'Object Repository/Admission/TC_01_ Pre-requisites for Admission/Record added alert' is present

2023-06-14 10:33:25 - [MESSAGE][PASSED] - Element clicked once

2023-06-14 10:33:25 - [MESSAGE][INFO] - Assesment name added / updated alert is present

2023-06-14 10:33:26 - [MESSAGE][PASSED] - Execute JavaScript 'arguments[0].setAttribute('style', 'border: 2px solid green;');' successfully

2023-06-14 10:33:27 - [MESSAGE][PASSED] - Delayed 1 second(s)

2023-06-14 10:33:27 - [TEST_STEP][PASSED] - refresh(): Refresh successfully

2023-06-14 10:33:27 - [MESSAGE][PASSED] - Refresh successfully]]></system-out>
         <system-err><![CDATA[]]></system-err>
      </testcase>
      <testcase name="Test Cases/Admission/TC_21_Verified_View Selection Process" time="31.082" classname="Test Cases/Admission/TC_21_Verified_View Selection Process" status="PASSED">
         <system-out><![CDATA[2023-06-14 10:33:27 - [TEST_CASE][PASSED] - Test Cases/Admission/TC_21_Verified_View Selection Process: Test Cases/Admission/TC_21_Verified_View Selection Process

2023-06-14 10:33:27 - [TEST_STEP][PASSED] - mouseOver(findTestObject("Object Repository/Admission/TC_01_ Pre-requisites for Admission/Admissions Tab")): Object: 'Object Repository/Admission/TC_01_ Pre-requisites for Admission/Admissions Tab' is hovered

2023-06-14 10:33:40 - [MESSAGE][PASSED] - Object: 'Object Repository/Admission/TC_01_ Pre-requisites for Admission/Admissions Tab' is hovered

2023-06-14 10:33:40 - [TEST_STEP][PASSED] - CommonActions.elementClick(findTestObject("Object Repository/Admission/TC_01_ Pre-requisites for Admission/Admissions Tab"), "Admissions tab"): Admissions tab clicked once

2023-06-14 10:33:40 - [MESSAGE][INFO] - Clicking on Admissions tab

2023-06-14 10:33:41 - [MESSAGE][PASSED] - Execute JavaScript 'arguments[0].setAttribute('style', 'border: 3px solid red;');' successfully

2023-06-14 10:33:42 - [MESSAGE][PASSED] - Delayed 1 second(s)

2023-06-14 10:33:42 - [MESSAGE][PASSED] - Admissions tab clicked once

2023-06-14 10:33:42 - [TEST_STEP][PASSED] - delay(2): Delayed 2 second(s)

2023-06-14 10:33:44 - [MESSAGE][PASSED] - Delayed 2 second(s)

2023-06-14 10:33:44 - [TEST_STEP][PASSED] - CommonActions.elementClick(findTestObject("Object Repository/Admission/TC_01_ Pre-requisites for Admission/Assesment process"), "Assesment process"): Assesment process clicked once

2023-06-14 10:33:44 - [MESSAGE][INFO] - Clicking on Assesment process

2023-06-14 10:33:45 - [MESSAGE][PASSED] - Execute JavaScript 'arguments[0].setAttribute('style', 'border: 3px solid red;');' successfully

2023-06-14 10:33:46 - [MESSAGE][PASSED] - Delayed 1 second(s)

2023-06-14 10:33:46 - [MESSAGE][PASSED] - Assesment process clicked once

2023-06-14 10:33:46 - [TEST_STEP][PASSED] - CommonActions.selectLastRow(findTestObject("Object Repository/Admission/TC_20_Verified_Edit_selection process/List of Assesment")): CommonActions.selectLastRow is PASSED

2023-06-14 10:33:49 - [MESSAGE][PASSED] - Delayed 2 second(s)

2023-06-14 10:33:49 - [MESSAGE][PASSED] - CommonActions.selectLastRow is PASSED

2023-06-14 10:33:49 - [TEST_STEP][PASSED] - CommonActions.elementClick(findTestObject("Object Repository/Admission/CommonObjects/View Button"), "View button"): View button clicked once

2023-06-14 10:33:49 - [MESSAGE][INFO] - Clicking on View button

2023-06-14 10:33:50 - [MESSAGE][PASSED] - Execute JavaScript 'arguments[0].setAttribute('style', 'border: 3px solid red;');' successfully

2023-06-14 10:33:51 - [MESSAGE][PASSED] - Delayed 1 second(s)

2023-06-14 10:33:52 - [MESSAGE][PASSED] - View button clicked once

2023-06-14 10:33:52 - [TEST_STEP][PASSED] - CommonActions.elementPresent(findTestObject("Object Repository/Admission/TC_21_Verified_View Selection Process/Header"), "Assement edit header"): Delayed 1 second(s)

2023-06-14 10:33:53 - [MESSAGE][INFO] - Validating element present or not

2023-06-14 10:33:53 - [MESSAGE][PASSED] - Object 'Object Repository/Admission/TC_21_Verified_View Selection Process/Header' is present

2023-06-14 10:33:53 - [MESSAGE][PASSED] - Element clicked once

2023-06-14 10:33:53 - [MESSAGE][INFO] - Assement edit header is present

2023-06-14 10:33:53 - [MESSAGE][PASSED] - Execute JavaScript 'arguments[0].setAttribute('style', 'border: 2px solid green;');' successfully

2023-06-14 10:33:54 - [MESSAGE][PASSED] - Delayed 1 second(s)

2023-06-14 10:33:54 - [TEST_STEP][PASSED] - refresh(): Refresh successfully

2023-06-14 10:33:58 - [MESSAGE][PASSED] - Refresh successfully]]></system-out>
         <system-err><![CDATA[]]></system-err>
      </testcase>
      <testcase name="Test Cases/Admission/TC_22_Verified_Delete selection process" time="19.811" classname="Test Cases/Admission/TC_22_Verified_Delete selection process" status="PASSED">
         <system-out><![CDATA[2023-06-14 10:33:58 - [TEST_CASE][PASSED] - Test Cases/Admission/TC_22_Verified_Delete selection process: Test Cases/Admission/TC_22_Verified_Delete selection process

2023-06-14 10:33:58 - [TEST_STEP][PASSED] - mouseOver(findTestObject("Object Repository/Admission/TC_01_ Pre-requisites for Admission/Admissions Tab")): Object: 'Object Repository/Admission/TC_01_ Pre-requisites for Admission/Admissions Tab' is hovered

2023-06-14 10:34:02 - [MESSAGE][PASSED] - Object: 'Object Repository/Admission/TC_01_ Pre-requisites for Admission/Admissions Tab' is hovered

2023-06-14 10:34:02 - [TEST_STEP][PASSED] - CommonActions.elementClick(findTestObject("Object Repository/Admission/TC_01_ Pre-requisites for Admission/Admissions Tab"), "Admissions tab"): Admissions tab clicked once

2023-06-14 10:34:07 - [MESSAGE][INFO] - Clicking on Admissions tab

2023-06-14 10:34:07 - [MESSAGE][PASSED] - Execute JavaScript 'arguments[0].setAttribute('style', 'border: 3px solid red;');' successfully

2023-06-14 10:34:08 - [MESSAGE][PASSED] - Delayed 1 second(s)

2023-06-14 10:34:08 - [MESSAGE][PASSED] - Admissions tab clicked once

2023-06-14 10:34:08 - [TEST_STEP][PASSED] - delay(2): Delayed 2 second(s)

2023-06-14 10:34:10 - [MESSAGE][PASSED] - Delayed 2 second(s)

2023-06-14 10:34:10 - [TEST_STEP][PASSED] - CommonActions.elementClick(findTestObject("Object Repository/Admission/TC_01_ Pre-requisites for Admission/Assesment process"), "Assesment process"): Assesment process clicked once

2023-06-14 10:34:11 - [MESSAGE][INFO] - Clicking on Assesment process

2023-06-14 10:34:11 - [MESSAGE][PASSED] - Execute JavaScript 'arguments[0].setAttribute('style', 'border: 3px solid red;');' successfully

2023-06-14 10:34:12 - [MESSAGE][PASSED] - Delayed 1 second(s)

2023-06-14 10:34:12 - [MESSAGE][PASSED] - Assesment process clicked once

2023-06-14 10:34:12 - [TEST_STEP][PASSED] - CommonActions.selectLastRow(findTestObject("Object Repository/Admission/TC_20_Verified_Edit_selection process/List of Assesment")): CommonActions.selectLastRow is PASSED

2023-06-14 10:34:15 - [MESSAGE][PASSED] - Delayed 2 second(s)

2023-06-14 10:34:15 - [MESSAGE][PASSED] - CommonActions.selectLastRow is PASSED

2023-06-14 10:34:15 - [TEST_STEP][PASSED] - CommonActions.elementClick(findTestObject("Object Repository/Admission/CommonObjects/Delete button"), "Delete button"): Delete button clicked once

2023-06-14 10:34:16 - [MESSAGE][INFO] - Clicking on Delete button

2023-06-14 10:34:16 - [MESSAGE][PASSED] - Execute JavaScript 'arguments[0].setAttribute('style', 'border: 3px solid red;');' successfully

2023-06-14 10:34:17 - [MESSAGE][PASSED] - Delayed 1 second(s)

2023-06-14 10:34:17 - [MESSAGE][PASSED] - Delete button clicked once]]></system-out>
         <system-err><![CDATA[]]></system-err>
      </testcase>
      <system-out><![CDATA[2023-06-14 10:31:43 - [TEST_SUITE][PASSED] - Admission Test suite: Test Cases/Admission/TC_22_Verified_Delete selection process]]></system-out>
      <system-err><![CDATA[]]></system-err>
   </testsuite>
</testsuites>
